102.08.11 15:44 B E:\référence 3.5\objets\isosurfaces\demo-iso-principe.jpg --> users.skynet.be /povfr/objets/isosurfaces demo-iso-principe.jpg
102.08.11 15:44 B E:\référence 3.5\objets\isosurfaces\illref-iso-00.jpg --> users.skynet.be /povfr/objets/isosurfaces illref-iso-00.jpg
102.08.11 15:44 B E:\référence 3.5\objets\isosurfaces\illref-iso-fct-01.jpg --> users.skynet.be /povfr/objets/isosurfaces illref-iso-fct-01.jpg
102.08.11 15:44 B E:\référence 3.5\objets\isosurfaces\illref-iso-fct-02.jpg --> users.skynet.be /povfr/objets/isosurfaces illref-iso-fct-02.jpg
102.08.11 15:44 B E:\référence 3.5\objets\isosurfaces\illref-iso-fct-03.jpg --> users.skynet.be /povfr/objets/isosurfaces illref-iso-fct-03.jpg
102.08.11 15:44 B E:\référence 3.5\objets\isosurfaces\illref-iso-fct-04.jpg --> users.skynet.be /povfr/objets/isosurfaces illref-iso-fct-04.jpg
102.08.11 15:44 B E:\référence 3.5\objets\isosurfaces\illref-iso-pr-01.jpg --> users.skynet.be /povfr/objets/isosurfaces illref-iso-pr-01.jpg
102.08.11 15:44 B E:\référence 3.5\objets\isosurfaces\illref-iso-pr-02.jpg --> users.skynet.be /povfr/objets/isosurfaces illref-iso-pr-02.jpg
102.08.11 15:44 B E:\référence 3.5\objets\isosurfaces\illref-iso-pr-03.jpg --> users.skynet.be /povfr/objets/isosurfaces illref-iso-pr-03.jpg
102.08.11 15:44 B E:\référence 3.5\objets\isosurfaces\illref-iso-pre-01.jpg --> users.skynet.be /povfr/objets/isosurfaces illref-iso-pre-01.jpg
102.08.11 15:45 B E:\référence 3.5\objets\isosurfaces\illref-iso-pre-02.jpg --> users.skynet.be /povfr/objets/isosurfaces illref-iso-pre-02.jpg
102.08.11 15:45 B E:\référence 3.5\objets\isosurfaces\illref-iso-principe.jpg --> users.skynet.be /povfr/objets/isosurfaces illref-iso-principe.jpg
102.08.11 15:45 B E:\référence 3.5\objets\isosurfaces\iso-demo-01.png --> users.skynet.be /povfr/objets/isosurfaces iso-demo-01.png
102.08.11 15:45 B E:\référence 3.5\objets\isosurfaces\iso-demo-02.png --> users.skynet.be /povfr/objets/isosurfaces iso-demo-02.png
102.08.11 15:45 B E:\référence 3.5\objets\isosurfaces\iso-demo-03.png --> users.skynet.be /povfr/objets/isosurfaces iso-demo-03.png
102.08.11 15:45 B E:\référence 3.5\objets\isosurfaces\iso-demo-04.png --> users.skynet.be /povfr/objets/isosurfaces iso-demo-04.png
102.08.11 15:45 B E:\référence 3.5\objets\isosurfaces\iso-demo-05.png --> users.skynet.be /povfr/objets/isosurfaces iso-demo-05.png
102.08.11 15:45 B E:\référence 3.5\objets\isosurfaces\iso-dm2-01.png --> users.skynet.be /povfr/objets/isosurfaces iso-dm2-01.png
102.08.11 15:45 B E:\référence 3.5\objets\isosurfaces\iso-dm2-02.png --> users.skynet.be /povfr/objets/isosurfaces iso-dm2-02.png
102.08.11 15:45 B E:\référence 3.5\objets\isosurfaces\iso-dm2-03.png --> users.skynet.be /povfr/objets/isosurfaces iso-dm2-03.png
102.08.11 15:45 B E:\référence 3.5\objets\isosurfaces\iso-hf.png --> users.skynet.be /povfr/objets/isosurfaces iso-hf.png
102.08.11 15:45 B E:\référence 3.5\objets\isosurfaces\iso-pat-01.png --> users.skynet.be /povfr/objets/isosurfaces iso-pat-01.png
102.08.11 15:45 B E:\référence 3.5\objets\isosurfaces\iso-pat-02.png --> users.skynet.be /povfr/objets/isosurfaces iso-pat-02.png
102.08.11 15:45 B E:\référence 3.5\objets\isosurfaces\iso-pat-03.png --> users.skynet.be /povfr/objets/isosurfaces iso-pat-03.png
102.08.11 15:45 B E:\référence 3.5\objets\isosurfaces\iso-pat-04.png --> users.skynet.be /povfr/objets/isosurfaces iso-pat-04.png
102.08.11 15:45 B E:\référence 3.5\objets\isosurfaces\iso-pat-05.png --> users.skynet.be /povfr/objets/isosurfaces iso-pat-05.png
102.08.11 15:45 B E:\référence 3.5\objets\isosurfaces\iso-pat-06.png --> users.skynet.be /povfr/objets/isosurfaces iso-pat-06.png
102.08.11 15:45 B E:\référence 3.5\objets\isosurfaces\iso-pat-07.png --> users.skynet.be /povfr/objets/isosurfaces iso-pat-07.png
102.08.11 15:45 B E:\référence 3.5\objets\isosurfaces\iso-pat-08.png --> users.skynet.be /povfr/objets/isosurfaces iso-pat-08.png
102.08.11 15:45 B E:\référence 3.5\objets\isosurfaces\iso-pat-09.png --> users.skynet.be /povfr/objets/isosurfaces iso-pat-09.png
102.08.11 15:45 B E:\référence 3.5\objets\isosurfaces\iso-pat-10.png --> users.skynet.be /povfr/objets/isosurfaces iso-pat-10.png
102.08.11 15:45 B E:\référence 3.5\objets\isosurfaces\iso-pat-11.png --> users.skynet.be /povfr/objets/isosurfaces iso-pat-11.png
102.08.11 15:45 B E:\référence 3.5\objets\isosurfaces\iso-pat-12.png --> users.skynet.be /povfr/objets/isosurfaces iso-pat-12.png
102.08.11 15:45 B E:\référence 3.5\objets\isosurfaces\iso-pat-13.png --> users.skynet.be /povfr/objets/isosurfaces iso-pat-13.png
102.08.11 15:45 B E:\référence 3.5\objets\isosurfaces\iso-pat-14.png --> users.skynet.be /povfr/objets/isosurfaces iso-pat-14.png
102.08.11 15:45 B E:\référence 3.5\objets\isosurfaces\iso-pat-15.png --> users.skynet.be /povfr/objets/isosurfaces iso-pat-15.png
102.08.11 15:45 B E:\référence 3.5\objets\isosurfaces\obj-iso-fct.htm --> users.skynet.be /povfr/objets/isosurfaces obj-iso-fct.htm
102.08.11 15:45 B E:\référence 3.5\objets\isosurfaces\obj-iso-intro.htm --> users.skynet.be /povfr/objets/isosurfaces obj-iso-intro.htm
102.08.11 15:45 B E:\référence 3.5\objets\isosurfaces\obj-iso-pig.htm --> users.skynet.be /povfr/objets/isosurfaces obj-iso-pig.htm
102.08.11 15:45 B E:\référence 3.5\objets\isosurfaces\obj-iso-pre.htm --> users.skynet.be /povfr/objets/isosurfaces obj-iso-pre.htm
102.08.11 15:45 B E:\référence 3.5\objets\isosurfaces\preview.pix --> users.skynet.be /povfr/objets/isosurfaces preview.pix
102.11.02 18:53 B E:\référence 3.5\objets\isosurfaces\demo-iso-principe.jpg --> users.skynet.be /povfr/objets/isosurfaces demo-iso-principe.jpg
102.11.02 18:53 B E:\référence 3.5\objets\isosurfaces\illref-iso-00.jpg --> users.skynet.be /povfr/objets/isosurfaces illref-iso-00.jpg
102.11.02 18:53 B E:\référence 3.5\objets\isosurfaces\illref-iso-fct-01.jpg --> users.skynet.be /povfr/objets/isosurfaces illref-iso-fct-01.jpg
102.11.02 18:53 B E:\référence 3.5\objets\isosurfaces\illref-iso-fct-02.jpg --> users.skynet.be /povfr/objets/isosurfaces illref-iso-fct-02.jpg
102.11.02 18:53 B E:\référence 3.5\objets\isosurfaces\illref-iso-fct-03.jpg --> users.skynet.be /povfr/objets/isosurfaces illref-iso-fct-03.jpg
102.11.02 18:53 B E:\référence 3.5\objets\isosurfaces\illref-iso-fct-04.jpg --> users.skynet.be /povfr/objets/isosurfaces illref-iso-fct-04.jpg
102.11.02 18:53 B E:\référence 3.5\objets\isosurfaces\illref-iso-pr-01.jpg --> users.skynet.be /povfr/objets/isosurfaces illref-iso-pr-01.jpg
102.11.02 18:53 B E:\référence 3.5\objets\isosurfaces\illref-iso-pr-02.jpg --> users.skynet.be /povfr/objets/isosurfaces illref-iso-pr-02.jpg
102.11.02 18:53 B E:\référence 3.5\objets\isosurfaces\illref-iso-pr-03.jpg --> users.skynet.be /povfr/objets/isosurfaces illref-iso-pr-03.jpg
102.11.02 18:53 B E:\référence 3.5\objets\isosurfaces\illref-iso-pre-01.jpg --> users.skynet.be /povfr/objets/isosurfaces illref-iso-pre-01.jpg
102.11.02 18:53 B E:\référence 3.5\objets\isosurfaces\illref-iso-pre-02.jpg --> users.skynet.be /povfr/objets/isosurfaces illref-iso-pre-02.jpg
102.11.02 18:53 B E:\référence 3.5\objets\isosurfaces\illref-iso-principe.jpg --> users.skynet.be /povfr/objets/isosurfaces illref-iso-principe.jpg
102.11.02 18:53 B E:\référence 3.5\objets\isosurfaces\iso-demo-01.png --> users.skynet.be /povfr/objets/isosurfaces iso-demo-01.png
102.11.02 18:53 B E:\référence 3.5\objets\isosurfaces\iso-demo-02.png --> users.skynet.be /povfr/objets/isosurfaces iso-demo-02.png
102.11.02 18:53 B E:\référence 3.5\objets\isosurfaces\iso-demo-03.png --> users.skynet.be /povfr/objets/isosurfaces iso-demo-03.png
102.11.02 18:53 B E:\référence 3.5\objets\isosurfaces\iso-demo-04.png --> users.skynet.be /povfr/objets/isosurfaces iso-demo-04.png
102.11.02 18:53 B E:\référence 3.5\objets\isosurfaces\iso-demo-05.png --> users.skynet.be /povfr/objets/isosurfaces iso-demo-05.png
102.11.02 18:53 B E:\référence 3.5\objets\isosurfaces\iso-dm2-01.png --> users.skynet.be /povfr/objets/isosurfaces iso-dm2-01.png
102.11.02 18:53 B E:\référence 3.5\objets\isosurfaces\iso-dm2-02.png --> users.skynet.be /povfr/objets/isosurfaces iso-dm2-02.png
102.11.02 18:53 B E:\référence 3.5\objets\isosurfaces\iso-dm2-03.png --> users.skynet.be /povfr/objets/isosurfaces iso-dm2-03.png
102.11.02 18:53 B E:\référence 3.5\objets\isosurfaces\iso-hf.png --> users.skynet.be /povfr/objets/isosurfaces iso-hf.png
102.11.02 18:53 B E:\référence 3.5\objets\isosurfaces\iso-pat-01.png --> users.skynet.be /povfr/objets/isosurfaces iso-pat-01.png
102.11.02 18:53 B E:\référence 3.5\objets\isosurfaces\iso-pat-02.png --> users.skynet.be /povfr/objets/isosurfaces iso-pat-02.png
102.11.02 18:53 B E:\référence 3.5\objets\isosurfaces\iso-pat-03.png --> users.skynet.be /povfr/objets/isosurfaces iso-pat-03.png
102.11.02 18:53 B E:\référence 3.5\objets\isosurfaces\iso-pat-04.png --> users.skynet.be /povfr/objets/isosurfaces iso-pat-04.png
102.11.02 18:53 B E:\référence 3.5\objets\isosurfaces\iso-pat-05.png --> users.skynet.be /povfr/objets/isosurfaces iso-pat-05.png
102.11.02 18:53 B E:\référence 3.5\objets\isosurfaces\iso-pat-06.png --> users.skynet.be /povfr/objets/isosurfaces iso-pat-06.png
102.11.02 18:53 B E:\référence 3.5\objets\isosurfaces\iso-pat-07.png --> users.skynet.be /povfr/objets/isosurfaces iso-pat-07.png
102.11.02 18:53 B E:\référence 3.5\objets\isosurfaces\iso-pat-08.png --> users.skynet.be /povfr/objets/isosurfaces iso-pat-08.png
102.11.02 18:53 B E:\référence 3.5\objets\isosurfaces\iso-pat-09.png --> users.skynet.be /povfr/objets/isosurfaces iso-pat-09.png
102.11.02 18:53 B E:\référence 3.5\objets\isosurfaces\iso-pat-10.png --> users.skynet.be /povfr/objets/isosurfaces iso-pat-10.png
102.11.02 18:53 B E:\référence 3.5\objets\isosurfaces\iso-pat-11.png --> users.skynet.be /povfr/objets/isosurfaces iso-pat-11.png
102.11.02 18:53 B E:\référence 3.5\objets\isosurfaces\iso-pat-12.png --> users.skynet.be /povfr/objets/isosurfaces iso-pat-12.png
102.11.02 18:53 B E:\référence 3.5\objets\isosurfaces\iso-pat-13.png --> users.skynet.be /povfr/objets/isosurfaces iso-pat-13.png
102.11.02 18:53 B E:\référence 3.5\objets\isosurfaces\iso-pat-14.png --> users.skynet.be /povfr/objets/isosurfaces iso-pat-14.png
102.11.02 18:54 B E:\référence 3.5\objets\isosurfaces\iso-pat-15.png --> users.skynet.be /povfr/objets/isosurfaces iso-pat-15.png
102.11.02 18:54 B E:\référence 3.5\objets\isosurfaces\obj-iso-fct.htm --> users.skynet.be /povfr/objets/isosurfaces obj-iso-fct.htm
102.11.02 18:54 B E:\référence 3.5\objets\isosurfaces\obj-iso-intro.htm --> users.skynet.be /povfr/objets/isosurfaces obj-iso-intro.htm
102.11.02 18:54 B E:\référence 3.5\objets\isosurfaces\obj-iso-pig.htm --> users.skynet.be /povfr/objets/isosurfaces obj-iso-pig.htm
102.11.02 18:54 B E:\référence 3.5\objets\isosurfaces\obj-iso-pre.htm --> users.skynet.be /povfr/objets/isosurfaces obj-iso-pre.htm
102.11.02 18:54 B E:\référence 3.5\objets\isosurfaces\preview.pix --> users.skynet.be /povfr/objets/isosurfaces preview.pix
102.11.02 18:54 B E:\référence 3.5\objets\isosurfaces\ws_ftp.log --> users.skynet.be /povfr/objets/isosurfaces ws_ftp.log
103.02.15 21:13 B E:\référence 3.5\objets\isosurfaces\ws_ftp.log --> users.skynet.be /povfr/objets/isosurfaces ws_ftp.log
103.02.15 21:13 B E:\référence 3.5\objets\isosurfaces\obj-iso-pig.htm --> users.skynet.be /povfr/objets/isosurfaces obj-iso-pig.htm
103.02.15 21:13 B E:\référence 3.5\objets\isosurfaces\iso-hf.png --> users.skynet.be /povfr/objets/isosurfaces iso-hf.png
103.02.15 21:13 B E:\référence 3.5\objets\isosurfaces\iso-dm2-03.png --> users.skynet.be /povfr/objets/isosurfaces iso-dm2-03.png
103.02.15 21:13 B E:\référence 3.5\objets\isosurfaces\iso-dm2-02.png --> users.skynet.be /povfr/objets/isosurfaces iso-dm2-02.png
103.02.15 21:13 B E:\référence 3.5\objets\isosurfaces\obj-iso-pre.htm --> users.skynet.be /povfr/objets/isosurfaces obj-iso-pre.htm
103.02.15 21:13 B E:\référence 3.5\objets\isosurfaces\obj-iso-fct.htm --> users.skynet.be /povfr/objets/isosurfaces obj-iso-fct.htm
103.02.15 21:13 B E:\référence 3.5\objets\isosurfaces\illref-iso-pre-02.jpg --> users.skynet.be /povfr/objets/isosurfaces illref-iso-pre-02.jpg
103.02.15 21:13 B E:\référence 3.5\objets\isosurfaces\illref-iso-pre-01.jpg --> users.skynet.be /povfr/objets/isosurfaces illref-iso-pre-01.jpg
103.02.15 21:13 B E:\référence 3.5\objets\isosurfaces\illref-iso-fct-04.jpg --> users.skynet.be /povfr/objets/isosurfaces illref-iso-fct-04.jpg
103.02.15 21:13 B E:\référence 3.5\objets\isosurfaces\illref-iso-fct-03.jpg --> users.skynet.be /povfr/objets/isosurfaces illref-iso-fct-03.jpg
103.02.15 21:13 B E:\référence 3.5\objets\isosurfaces\illref-iso-fct-02.jpg --> users.skynet.be /povfr/objets/isosurfaces illref-iso-fct-02.jpg
103.02.15 21:13 B E:\référence 3.5\objets\isosurfaces\illref-iso-fct-01.jpg --> users.skynet.be /povfr/objets/isosurfaces illref-iso-fct-01.jpg
103.02.15 21:13 B E:\référence 3.5\objets\isosurfaces\obj-iso-intro.htm --> users.skynet.be /povfr/objets/isosurfaces obj-iso-intro.htm
103.02.15 21:13 B E:\référence 3.5\objets\isosurfaces\illref-iso-00.jpg --> users.skynet.be /povfr/objets/isosurfaces illref-iso-00.jpg
103.02.15 21:13 B E:\référence 3.5\objets\isosurfaces\preview.pix --> users.skynet.be /povfr/objets/isosurfaces preview.pix
103.02.15 21:14 B E:\référence 3.5\objets\isosurfaces\illref-iso-pr-03.jpg --> users.skynet.be /povfr/objets/isosurfaces illref-iso-pr-03.jpg
103.02.15 21:14 B E:\référence 3.5\objets\isosurfaces\illref-iso-pr-02.jpg --> users.skynet.be /povfr/objets/isosurfaces illref-iso-pr-02.jpg
103.02.15 21:14 B E:\référence 3.5\objets\isosurfaces\illref-iso-pr-01.jpg --> users.skynet.be /povfr/objets/isosurfaces illref-iso-pr-01.jpg
103.02.15 21:14 B E:\référence 3.5\objets\isosurfaces\demo-iso-principe.jpg --> users.skynet.be /povfr/objets/isosurfaces demo-iso-principe.jpg
103.02.15 21:14 B E:\référence 3.5\objets\isosurfaces\illref-iso-principe.jpg --> users.skynet.be /povfr/objets/isosurfaces illref-iso-principe.jpg
103.02.15 21:14 B E:\référence 3.5\objets\isosurfaces\iso-dm2-01.png --> users.skynet.be /povfr/objets/isosurfaces iso-dm2-01.png
103.02.15 21:14 B E:\référence 3.5\objets\isosurfaces\iso-pat-15.png --> users.skynet.be /povfr/objets/isosurfaces iso-pat-15.png
103.02.15 21:14 B E:\référence 3.5\objets\isosurfaces\iso-pat-14.png --> users.skynet.be /povfr/objets/isosurfaces iso-pat-14.png
103.02.15 21:14 B E:\référence 3.5\objets\isosurfaces\iso-pat-13.png --> users.skynet.be /povfr/objets/isosurfaces iso-pat-13.png
103.02.15 21:14 B E:\référence 3.5\objets\isosurfaces\iso-pat-12.png --> users.skynet.be /povfr/objets/isosurfaces iso-pat-12.png
103.02.15 21:14 B E:\référence 3.5\objets\isosurfaces\iso-pat-11.png --> users.skynet.be /povfr/objets/isosurfaces iso-pat-11.png
103.02.15 21:14 B E:\référence 3.5\objets\isosurfaces\iso-pat-10.png --> users.skynet.be /povfr/objets/isosurfaces iso-pat-10.png
103.02.15 21:14 B E:\référence 3.5\objets\isosurfaces\iso-pat-09.png --> users.skynet.be /povfr/objets/isosurfaces iso-pat-09.png
103.02.15 21:14 B E:\référence 3.5\objets\isosurfaces\iso-pat-08.png --> users.skynet.be /povfr/objets/isosurfaces iso-pat-08.png
103.02.15 21:14 B E:\référence 3.5\objets\isosurfaces\iso-pat-07.png --> users.skynet.be /povfr/objets/isosurfaces iso-pat-07.png
103.02.15 21:14 B E:\référence 3.5\objets\isosurfaces\iso-pat-06.png --> users.skynet.be /povfr/objets/isosurfaces iso-pat-06.png
103.02.15 21:14 B E:\référence 3.5\objets\isosurfaces\iso-pat-05.png --> users.skynet.be /povfr/objets/isosurfaces iso-pat-05.png
103.02.15 21:14 B E:\référence 3.5\objets\isosurfaces\iso-pat-04.png --> users.skynet.be /povfr/objets/isosurfaces iso-pat-04.png
103.02.15 21:14 B E:\référence 3.5\objets\isosurfaces\iso-pat-03.png --> users.skynet.be /povfr/objets/isosurfaces iso-pat-03.png
103.02.15 21:14 B E:\référence 3.5\objets\isosurfaces\iso-pat-02.png --> users.skynet.be /povfr/objets/isosurfaces iso-pat-02.png
103.02.15 21:14 B E:\référence 3.5\objets\isosurfaces\iso-pat-01.png --> users.skynet.be /povfr/objets/isosurfaces iso-pat-01.png
103.02.15 21:14 B E:\référence 3.5\objets\isosurfaces\iso-demo-05.png --> users.skynet.be /povfr/objets/isosurfaces iso-demo-05.png
103.02.15 21:14 B E:\référence 3.5\objets\isosurfaces\iso-demo-04.png --> users.skynet.be /povfr/objets/isosurfaces iso-demo-04.png
103.02.15 21:14 B E:\référence 3.5\objets\isosurfaces\iso-demo-03.png --> users.skynet.be /povfr/objets/isosurfaces iso-demo-03.png
103.02.15 21:14 B E:\référence 3.5\objets\isosurfaces\iso-demo-02.png --> users.skynet.be /povfr/objets/isosurfaces iso-demo-02.png
103.02.15 21:14 B E:\référence 3.5\objets\isosurfaces\iso-demo-01.png --> users.skynet.be /povfr/objets/isosurfaces iso-demo-01.png
103.02.15 21:21 B E:\référence 3.5\objets\isosurfaces\ws_ftp.log --> users.skynet.be /povfr/objets/isosurfaces ws_ftp.log
103.02.15 21:21 B E:\référence 3.5\objets\isosurfaces\obj-iso-pig.htm --> users.skynet.be /povfr/objets/isosurfaces obj-iso-pig.htm
103.02.15 21:21 B E:\référence 3.5\objets\isosurfaces\iso-hf.png --> users.skynet.be /povfr/objets/isosurfaces iso-hf.png
103.02.15 21:21 B E:\référence 3.5\objets\isosurfaces\iso-dm2-03.png --> users.skynet.be /povfr/objets/isosurfaces iso-dm2-03.png
103.02.15 21:21 B E:\référence 3.5\objets\isosurfaces\iso-dm2-02.png --> users.skynet.be /povfr/objets/isosurfaces iso-dm2-02.png
103.02.15 21:21 B E:\référence 3.5\objets\isosurfaces\obj-iso-pre.htm --> users.skynet.be /povfr/objets/isosurfaces obj-iso-pre.htm
103.02.15 21:21 B E:\référence 3.5\objets\isosurfaces\obj-iso-fct.htm --> users.skynet.be /povfr/objets/isosurfaces obj-iso-fct.htm
103.02.15 21:21 B E:\référence 3.5\objets\isosurfaces\illref-iso-pre-02.jpg --> users.skynet.be /povfr/objets/isosurfaces illref-iso-pre-02.jpg
103.02.15 21:21 B E:\référence 3.5\objets\isosurfaces\illref-iso-pre-01.jpg --> users.skynet.be /povfr/objets/isosurfaces illref-iso-pre-01.jpg
103.02.15 21:21 B E:\référence 3.5\objets\isosurfaces\illref-iso-fct-04.jpg --> users.skynet.be /povfr/objets/isosurfaces illref-iso-fct-04.jpg
103.02.15 21:21 B E:\référence 3.5\objets\isosurfaces\illref-iso-fct-03.jpg --> users.skynet.be /povfr/objets/isosurfaces illref-iso-fct-03.jpg
103.02.15 21:21 B E:\référence 3.5\objets\isosurfaces\illref-iso-fct-02.jpg --> users.skynet.be /povfr/objets/isosurfaces illref-iso-fct-02.jpg
103.02.15 21:21 B E:\référence 3.5\objets\isosurfaces\illref-iso-fct-01.jpg --> users.skynet.be /povfr/objets/isosurfaces illref-iso-fct-01.jpg
103.02.15 21:21 B E:\référence 3.5\objets\isosurfaces\obj-iso-intro.htm --> users.skynet.be /povfr/objets/isosurfaces obj-iso-intro.htm
103.02.15 21:21 B E:\référence 3.5\objets\isosurfaces\illref-iso-00.jpg --> users.skynet.be /povfr/objets/isosurfaces illref-iso-00.jpg
103.02.15 21:22 B E:\référence 3.5\objets\isosurfaces\preview.pix --> users.skynet.be /povfr/objets/isosurfaces preview.pix
103.02.15 21:22 B E:\référence 3.5\objets\isosurfaces\illref-iso-pr-03.jpg --> users.skynet.be /povfr/objets/isosurfaces illref-iso-pr-03.jpg
103.02.15 21:22 B E:\référence 3.5\objets\isosurfaces\illref-iso-pr-02.jpg --> users.skynet.be /povfr/objets/isosurfaces illref-iso-pr-02.jpg
103.02.15 21:22 B E:\référence 3.5\objets\isosurfaces\illref-iso-pr-01.jpg --> users.skynet.be /povfr/objets/isosurfaces illref-iso-pr-01.jpg
103.02.15 21:22 B E:\référence 3.5\objets\isosurfaces\demo-iso-principe.jpg --> users.skynet.be /povfr/objets/isosurfaces demo-iso-principe.jpg
103.02.15 21:22 B E:\référence 3.5\objets\isosurfaces\illref-iso-principe.jpg --> users.skynet.be /povfr/objets/isosurfaces illref-iso-principe.jpg
103.02.15 21:22 B E:\référence 3.5\objets\isosurfaces\iso-dm2-01.png --> users.skynet.be /povfr/objets/isosurfaces iso-dm2-01.png
103.02.15 21:22 B E:\référence 3.5\objets\isosurfaces\iso-pat-15.png --> users.skynet.be /povfr/objets/isosurfaces iso-pat-15.png
103.02.15 21:22 B E:\référence 3.5\objets\isosurfaces\iso-pat-14.png --> users.skynet.be /povfr/objets/isosurfaces iso-pat-14.png
103.02.15 21:22 B E:\référence 3.5\objets\isosurfaces\iso-pat-13.png --> users.skynet.be /povfr/objets/isosurfaces iso-pat-13.png
103.02.15 21:22 B E:\référence 3.5\objets\isosurfaces\iso-pat-12.png --> users.skynet.be /povfr/objets/isosurfaces iso-pat-12.png
103.02.15 21:22 B E:\référence 3.5\objets\isosurfaces\iso-pat-11.png --> users.skynet.be /povfr/objets/isosurfaces iso-pat-11.png
103.02.15 21:22 B E:\référence 3.5\objets\isosurfaces\iso-pat-10.png --> users.skynet.be /povfr/objets/isosurfaces iso-pat-10.png
103.02.15 21:22 B E:\référence 3.5\objets\isosurfaces\iso-pat-09.png --> users.skynet.be /povfr/objets/isosurfaces iso-pat-09.png
103.02.15 21:22 B E:\référence 3.5\objets\isosurfaces\iso-pat-08.png --> users.skynet.be /povfr/objets/isosurfaces iso-pat-08.png
103.02.15 21:22 B E:\référence 3.5\objets\isosurfaces\iso-pat-07.png --> users.skynet.be /povfr/objets/isosurfaces iso-pat-07.png
103.02.15 21:22 B E:\référence 3.5\objets\isosurfaces\iso-pat-06.png --> users.skynet.be /povfr/objets/isosurfaces iso-pat-06.png
103.02.15 21:22 B E:\référence 3.5\objets\isosurfaces\iso-pat-05.png --> users.skynet.be /povfr/objets/isosurfaces iso-pat-05.png
103.02.15 21:22 B E:\référence 3.5\objets\isosurfaces\iso-pat-04.png --> users.skynet.be /povfr/objets/isosurfaces iso-pat-04.png
103.02.15 21:22 B E:\référence 3.5\objets\isosurfaces\iso-pat-03.png --> users.skynet.be /povfr/objets/isosurfaces iso-pat-03.png
103.02.15 21:22 B E:\référence 3.5\objets\isosurfaces\iso-pat-02.png --> users.skynet.be /povfr/objets/isosurfaces iso-pat-02.png
103.02.15 21:22 B E:\référence 3.5\objets\isosurfaces\iso-pat-01.png --> users.skynet.be /povfr/objets/isosurfaces iso-pat-01.png
103.02.15 21:22 B E:\référence 3.5\objets\isosurfaces\iso-demo-05.png --> users.skynet.be /povfr/objets/isosurfaces iso-demo-05.png
103.02.15 21:22 B E:\référence 3.5\objets\isosurfaces\iso-demo-04.png --> users.skynet.be /povfr/objets/isosurfaces iso-demo-04.png
103.02.15 21:22 B E:\référence 3.5\objets\isosurfaces\iso-demo-03.png --> users.skynet.be /povfr/objets/isosurfaces iso-demo-03.png
103.02.15 21:22 B E:\référence 3.5\objets\isosurfaces\iso-demo-02.png --> users.skynet.be /povfr/objets/isosurfaces iso-demo-02.png
103.02.15 21:22 B E:\référence 3.5\objets\isosurfaces\iso-demo-01.png --> users.skynet.be /povfr/objets/isosurfaces iso-demo-01.png
103.11.10 19:17 B E:\référence 3.5\objets\isosurfaces\demo-iso-principe.jpg --> users.skynet.be /povfr/objets/isosurfaces demo-iso-principe.jpg
103.11.10 19:17 B E:\référence 3.5\objets\isosurfaces\illref-iso-00.jpg --> users.skynet.be /povfr/objets/isosurfaces illref-iso-00.jpg
103.11.10 19:17 B E:\référence 3.5\objets\isosurfaces\illref-iso-fct-01.jpg --> users.skynet.be /povfr/objets/isosurfaces illref-iso-fct-01.jpg
103.11.10 19:17 B E:\référence 3.5\objets\isosurfaces\illref-iso-fct-02.jpg --> users.skynet.be /povfr/objets/isosurfaces illref-iso-fct-02.jpg
103.11.10 19:17 B E:\référence 3.5\objets\isosurfaces\illref-iso-fct-03.jpg --> users.skynet.be /povfr/objets/isosurfaces illref-iso-fct-03.jpg
103.11.10 19:17 B E:\référence 3.5\objets\isosurfaces\illref-iso-fct-04.jpg --> users.skynet.be /povfr/objets/isosurfaces illref-iso-fct-04.jpg
103.11.10 19:17 B E:\référence 3.5\objets\isosurfaces\illref-iso-pr-01.jpg --> users.skynet.be /povfr/objets/isosurfaces illref-iso-pr-01.jpg
103.11.10 19:17 B E:\référence 3.5\objets\isosurfaces\illref-iso-pr-02.jpg --> users.skynet.be /povfr/objets/isosurfaces illref-iso-pr-02.jpg
103.11.10 19:18 B E:\référence 3.5\objets\isosurfaces\illref-iso-pr-03.jpg --> users.skynet.be /povfr/objets/isosurfaces illref-iso-pr-03.jpg
103.11.10 19:18 B E:\référence 3.5\objets\isosurfaces\illref-iso-pre-01.jpg --> users.skynet.be /povfr/objets/isosurfaces illref-iso-pre-01.jpg
103.11.10 19:18 B E:\référence 3.5\objets\isosurfaces\illref-iso-pre-02.jpg --> users.skynet.be /povfr/objets/isosurfaces illref-iso-pre-02.jpg
103.11.10 19:18 B E:\référence 3.5\objets\isosurfaces\illref-iso-principe.jpg --> users.skynet.be /povfr/objets/isosurfaces illref-iso-principe.jpg
103.11.10 19:18 B E:\référence 3.5\objets\isosurfaces\iso-demo-01.png --> users.skynet.be /povfr/objets/isosurfaces iso-demo-01.png
103.11.10 19:18 B E:\référence 3.5\objets\isosurfaces\iso-demo-02.png --> users.skynet.be /povfr/objets/isosurfaces iso-demo-02.png
103.11.10 19:18 B E:\référence 3.5\objets\isosurfaces\iso-demo-03.png --> users.skynet.be /povfr/objets/isosurfaces iso-demo-03.png
103.11.10 19:18 B E:\référence 3.5\objets\isosurfaces\iso-demo-04.png --> users.skynet.be /povfr/objets/isosurfaces iso-demo-04.png
103.11.10 19:18 B E:\référence 3.5\objets\isosurfaces\iso-demo-05.png --> users.skynet.be /povfr/objets/isosurfaces iso-demo-05.png
103.11.10 19:18 B E:\référence 3.5\objets\isosurfaces\iso-dm2-01.png --> users.skynet.be /povfr/objets/isosurfaces iso-dm2-01.png
103.11.10 19:18 B E:\référence 3.5\objets\isosurfaces\iso-dm2-02.png --> users.skynet.be /povfr/objets/isosurfaces iso-dm2-02.png
103.11.10 19:18 B E:\référence 3.5\objets\isosurfaces\iso-dm2-03.png --> users.skynet.be /povfr/objets/isosurfaces iso-dm2-03.png
103.11.10 19:18 B E:\référence 3.5\objets\isosurfaces\iso-hf.png --> users.skynet.be /povfr/objets/isosurfaces iso-hf.png
103.11.10 19:18 B E:\référence 3.5\objets\isosurfaces\iso-pat-01.png --> users.skynet.be /povfr/objets/isosurfaces iso-pat-01.png
103.11.10 19:18 B E:\référence 3.5\objets\isosurfaces\iso-pat-02.png --> users.skynet.be /povfr/objets/isosurfaces iso-pat-02.png
103.11.10 19:18 B E:\référence 3.5\objets\isosurfaces\iso-pat-03.png --> users.skynet.be /povfr/objets/isosurfaces iso-pat-03.png
103.11.10 19:18 B E:\référence 3.5\objets\isosurfaces\iso-pat-04.png --> users.skynet.be /povfr/objets/isosurfaces iso-pat-04.png
103.11.10 19:18 B E:\référence 3.5\objets\isosurfaces\iso-pat-05.png --> users.skynet.be /povfr/objets/isosurfaces iso-pat-05.png
103.11.10 19:18 B E:\référence 3.5\objets\isosurfaces\iso-pat-06.png --> users.skynet.be /povfr/objets/isosurfaces iso-pat-06.png
103.11.10 19:18 B E:\référence 3.5\objets\isosurfaces\iso-pat-07.png --> users.skynet.be /povfr/objets/isosurfaces iso-pat-07.png
103.11.10 19:18 B E:\référence 3.5\objets\isosurfaces\iso-pat-08.png --> users.skynet.be /povfr/objets/isosurfaces iso-pat-08.png
103.11.10 19:18 B E:\référence 3.5\objets\isosurfaces\iso-pat-09.png --> users.skynet.be /povfr/objets/isosurfaces iso-pat-09.png
103.11.10 19:18 B E:\référence 3.5\objets\isosurfaces\iso-pat-10.png --> users.skynet.be /povfr/objets/isosurfaces iso-pat-10.png
103.11.10 19:18 B E:\référence 3.5\objets\isosurfaces\iso-pat-11.png --> users.skynet.be /povfr/objets/isosurfaces iso-pat-11.png
103.11.10 19:18 B E:\référence 3.5\objets\isosurfaces\iso-pat-12.png --> users.skynet.be /povfr/objets/isosurfaces iso-pat-12.png
103.11.10 19:18 B E:\référence 3.5\objets\isosurfaces\iso-pat-13.png --> users.skynet.be /povfr/objets/isosurfaces iso-pat-13.png
103.11.10 19:18 B E:\référence 3.5\objets\isosurfaces\iso-pat-14.png --> users.skynet.be /povfr/objets/isosurfaces iso-pat-14.png
103.11.10 19:18 B E:\référence 3.5\objets\isosurfaces\iso-pat-15.png --> users.skynet.be /povfr/objets/isosurfaces iso-pat-15.png
103.11.10 19:18 B E:\référence 3.5\objets\isosurfaces\obj-iso-fct.htm --> users.skynet.be /povfr/objets/isosurfaces obj-iso-fct.htm
103.11.10 19:18 B E:\référence 3.5\objets\isosurfaces\obj-iso-intro.htm --> users.skynet.be /povfr/objets/isosurfaces obj-iso-intro.htm
103.11.10 19:18 B E:\référence 3.5\objets\isosurfaces\obj-iso-pig.htm --> users.skynet.be /povfr/objets/isosurfaces obj-iso-pig.htm
103.11.10 19:18 B E:\référence 3.5\objets\isosurfaces\obj-iso-pre.htm --> users.skynet.be /povfr/objets/isosurfaces obj-iso-pre.htm
103.11.10 19:18 B E:\référence 3.5\objets\isosurfaces\preview.pix --> users.skynet.be /povfr/objets/isosurfaces preview.pix
103.11.10 19:18 B E:\référence 3.5\objets\isosurfaces\ws_ftp.log --> users.skynet.be /povfr/objets/isosurfaces ws_ftp.log
103.11.16 12:32 B E:\référence 3.5\objets\isosurfaces\demo-iso-principe.jpg --> users.skynet.be /povfr/objets/isosurfaces demo-iso-principe.jpg
103.11.16 12:32 B E:\référence 3.5\objets\isosurfaces\illref-iso-00.jpg --> users.skynet.be /povfr/objets/isosurfaces illref-iso-00.jpg
103.11.16 12:32 B E:\référence 3.5\objets\isosurfaces\illref-iso-fct-01.jpg --> users.skynet.be /povfr/objets/isosurfaces illref-iso-fct-01.jpg
103.11.16 12:32 B E:\référence 3.5\objets\isosurfaces\illref-iso-fct-02.jpg --> users.skynet.be /povfr/objets/isosurfaces illref-iso-fct-02.jpg
103.11.16 12:32 B E:\référence 3.5\objets\isosurfaces\illref-iso-fct-03.jpg --> users.skynet.be /povfr/objets/isosurfaces illref-iso-fct-03.jpg
103.11.16 12:32 B E:\référence 3.5\objets\isosurfaces\illref-iso-fct-04.jpg --> users.skynet.be /povfr/objets/isosurfaces illref-iso-fct-04.jpg
103.11.16 12:32 B E:\référence 3.5\objets\isosurfaces\illref-iso-pr-01.jpg --> users.skynet.be /povfr/objets/isosurfaces illref-iso-pr-01.jpg
103.11.16 12:33 B E:\référence 3.5\objets\isosurfaces\illref-iso-pr-02.jpg --> users.skynet.be /povfr/objets/isosurfaces illref-iso-pr-02.jpg
103.11.16 12:33 B E:\référence 3.5\objets\isosurfaces\illref-iso-pr-03.jpg --> users.skynet.be /povfr/objets/isosurfaces illref-iso-pr-03.jpg
103.11.16 12:33 B E:\référence 3.5\objets\isosurfaces\illref-iso-pre-01.jpg --> users.skynet.be /povfr/objets/isosurfaces illref-iso-pre-01.jpg
103.11.16 12:33 B E:\référence 3.5\objets\isosurfaces\illref-iso-pre-02.jpg --> users.skynet.be /povfr/objets/isosurfaces illref-iso-pre-02.jpg
103.11.16 12:33 B E:\référence 3.5\objets\isosurfaces\illref-iso-principe.jpg --> users.skynet.be /povfr/objets/isosurfaces illref-iso-principe.jpg
103.11.16 12:33 B E:\référence 3.5\objets\isosurfaces\iso-demo-01.png --> users.skynet.be /povfr/objets/isosurfaces iso-demo-01.png
103.11.16 12:33 B E:\référence 3.5\objets\isosurfaces\iso-demo-02.png --> users.skynet.be /povfr/objets/isosurfaces iso-demo-02.png
103.11.16 12:34 B E:\référence 3.5\objets\isosurfaces\iso-demo-03.png --> users.skynet.be /povfr/objets/isosurfaces iso-demo-03.png
103.11.16 12:34 B E:\référence 3.5\objets\isosurfaces\iso-demo-04.png --> users.skynet.be /povfr/objets/isosurfaces iso-demo-04.png
103.11.16 12:34 B E:\référence 3.5\objets\isosurfaces\iso-demo-05.png --> users.skynet.be /povfr/objets/isosurfaces iso-demo-05.png
103.11.16 12:34 B E:\référence 3.5\objets\isosurfaces\iso-dm2-01.png --> users.skynet.be /povfr/objets/isosurfaces iso-dm2-01.png
103.11.16 12:34 B E:\référence 3.5\objets\isosurfaces\iso-dm2-02.png --> users.skynet.be /povfr/objets/isosurfaces iso-dm2-02.png
103.11.16 12:34 B E:\référence 3.5\objets\isosurfaces\iso-dm2-03.png --> users.skynet.be /povfr/objets/isosurfaces iso-dm2-03.png
103.11.16 12:34 B E:\référence 3.5\objets\isosurfaces\iso-hf.png --> users.skynet.be /povfr/objets/isosurfaces iso-hf.png
103.11.16 12:34 B E:\référence 3.5\objets\isosurfaces\iso-pat-01.png --> users.skynet.be /povfr/objets/isosurfaces iso-pat-01.png
103.11.16 12:34 B E:\référence 3.5\objets\isosurfaces\iso-pat-02.png --> users.skynet.be /povfr/objets/isosurfaces iso-pat-02.png
103.11.16 12:34 B E:\référence 3.5\objets\isosurfaces\iso-pat-03.png --> users.skynet.be /povfr/objets/isosurfaces iso-pat-03.png
103.11.16 12:34 B E:\référence 3.5\objets\isosurfaces\iso-pat-04.png --> users.skynet.be /povfr/objets/isosurfaces iso-pat-04.png
103.11.16 12:34 B E:\référence 3.5\objets\isosurfaces\iso-pat-05.png --> users.skynet.be /povfr/objets/isosurfaces iso-pat-05.png
103.11.16 12:34 B E:\référence 3.5\objets\isosurfaces\iso-pat-06.png --> users.skynet.be /povfr/objets/isosurfaces iso-pat-06.png
103.11.16 12:34 B E:\référence 3.5\objets\isosurfaces\iso-pat-07.png --> users.skynet.be /povfr/objets/isosurfaces iso-pat-07.png
103.11.16 12:34 B E:\référence 3.5\objets\isosurfaces\iso-pat-08.png --> users.skynet.be /povfr/objets/isosurfaces iso-pat-08.png
103.11.16 12:34 B E:\référence 3.5\objets\isosurfaces\iso-pat-09.png --> users.skynet.be /povfr/objets/isosurfaces iso-pat-09.png
103.11.16 12:34 B E:\référence 3.5\objets\isosurfaces\iso-pat-10.png --> users.skynet.be /povfr/objets/isosurfaces iso-pat-10.png
103.11.16 12:34 B E:\référence 3.5\objets\isosurfaces\iso-pat-11.png --> users.skynet.be /povfr/objets/isosurfaces iso-pat-11.png
103.11.16 12:34 B E:\référence 3.5\objets\isosurfaces\iso-pat-12.png --> users.skynet.be /povfr/objets/isosurfaces iso-pat-12.png
103.11.16 12:34 B E:\référence 3.5\objets\isosurfaces\iso-pat-13.png --> users.skynet.be /povfr/objets/isosurfaces iso-pat-13.png
103.11.16 12:35 B E:\référence 3.5\objets\isosurfaces\iso-pat-14.png --> users.skynet.be /povfr/objets/isosurfaces iso-pat-14.png
103.11.16 12:35 B E:\référence 3.5\objets\isosurfaces\iso-pat-15.png --> users.skynet.be /povfr/objets/isosurfaces iso-pat-15.png
103.11.16 12:35 B E:\référence 3.5\objets\isosurfaces\obj-iso-fct.htm --> users.skynet.be /povfr/objets/isosurfaces obj-iso-fct.htm
103.11.16 12:35 B E:\référence 3.5\objets\isosurfaces\obj-iso-intro.htm --> users.skynet.be /povfr/objets/isosurfaces obj-iso-intro.htm
103.11.16 12:35 B E:\référence 3.5\objets\isosurfaces\obj-iso-pig.htm --> users.skynet.be /povfr/objets/isosurfaces obj-iso-pig.htm
103.11.16 12:35 B E:\référence 3.5\objets\isosurfaces\obj-iso-pre.htm --> users.skynet.be /povfr/objets/isosurfaces obj-iso-pre.htm
103.11.16 12:35 B E:\référence 3.5\objets\isosurfaces\preview.pix --> users.skynet.be /povfr/objets/isosurfaces preview.pix
103.11.16 12:35 B E:\référence 3.5\objets\isosurfaces\ws_ftp.log --> users.skynet.be /povfr/objets/isosurfaces ws_ftp.log
