102.08.08 20:10 B E:\référence 3.5\materiaux\fi-01.jpg --> users.skynet.be /povfr/materiaux fi-01.jpg
102.08.08 20:10 B E:\référence 3.5\materiaux\fi-02.jpg --> users.skynet.be /povfr/materiaux fi-02.jpg
102.08.08 20:10 B E:\référence 3.5\materiaux\fi-03.jpg --> users.skynet.be /povfr/materiaux fi-03.jpg
102.08.08 20:10 B E:\référence 3.5\materiaux\fi-04.jpg --> users.skynet.be /povfr/materiaux fi-04.jpg
102.08.08 20:10 B E:\référence 3.5\materiaux\fi-05.jpg --> users.skynet.be /povfr/materiaux fi-05.jpg
102.08.08 20:10 B E:\référence 3.5\materiaux\fi-06.jpg --> users.skynet.be /povfr/materiaux fi-06.jpg
102.08.08 20:10 B E:\référence 3.5\materiaux\fi-07.jpg --> users.skynet.be /povfr/materiaux fi-07.jpg
102.08.08 20:10 B E:\référence 3.5\materiaux\fi-08.jpg --> users.skynet.be /povfr/materiaux fi-08.jpg
102.08.08 20:10 B E:\référence 3.5\materiaux\fi-09.jpg --> users.skynet.be /povfr/materiaux fi-09.jpg
102.08.08 20:10 B E:\référence 3.5\materiaux\filtran01.jpg --> users.skynet.be /povfr/materiaux filtran01.jpg
102.08.08 20:10 B E:\référence 3.5\materiaux\filtran02.jpg --> users.skynet.be /povfr/materiaux filtran02.jpg
102.08.08 20:10 B E:\référence 3.5\materiaux\filtran03.jpg --> users.skynet.be /povfr/materiaux filtran03.jpg
102.08.08 20:10 B E:\référence 3.5\materiaux\illref-cerv01.jpg --> users.skynet.be /povfr/materiaux illref-cerv01.jpg
102.08.08 20:10 B E:\référence 3.5\materiaux\illref-cerv02.jpg --> users.skynet.be /povfr/materiaux illref-cerv02.jpg
102.08.08 20:10 B E:\référence 3.5\materiaux\illref-dens-01.jpg --> users.skynet.be /povfr/materiaux illref-dens-01.jpg
102.08.08 20:10 B E:\référence 3.5\materiaux\illref-dens-02.jpg --> users.skynet.be /povfr/materiaux illref-dens-02.jpg
102.08.08 20:10 B E:\référence 3.5\materiaux\illref-mat-pig.jpg --> users.skynet.be /povfr/materiaux illref-mat-pig.jpg
102.08.08 20:10 B E:\référence 3.5\materiaux\illref-mat-struct.png --> users.skynet.be /povfr/materiaux illref-mat-struct.png
102.08.08 20:10 B E:\référence 3.5\materiaux\illref-mat-tex-01.jpg --> users.skynet.be /povfr/materiaux illref-mat-tex-01.jpg
102.08.08 20:10 B E:\référence 3.5\materiaux\illref-mat-tex-02.jpg --> users.skynet.be /povfr/materiaux illref-mat-tex-02.jpg
102.08.08 20:10 B E:\référence 3.5\materiaux\illref-mat-tex-03.jpg --> users.skynet.be /povfr/materiaux illref-mat-tex-03.jpg
102.08.08 20:10 B E:\référence 3.5\materiaux\illref-mat-tex-04.jpg --> users.skynet.be /povfr/materiaux illref-mat-tex-04.jpg
102.08.08 20:10 B E:\référence 3.5\materiaux\illref-mot-julia-01.jpg --> users.skynet.be /povfr/materiaux illref-mot-julia-01.jpg
102.08.08 20:10 B E:\référence 3.5\materiaux\illref-mot-magnet-01.jpg --> users.skynet.be /povfr/materiaux illref-mot-magnet-01.jpg
102.08.08 20:10 B E:\référence 3.5\materiaux\illref-mot-mandel-01.jpg --> users.skynet.be /povfr/materiaux illref-mot-mandel-01.jpg
102.08.08 20:10 B E:\référence 3.5\materiaux\illref-mot-mandel-02.jpg --> users.skynet.be /povfr/materiaux illref-mot-mandel-02.jpg
102.08.08 20:10 B E:\référence 3.5\materiaux\illref-mot-mandel-03.jpg --> users.skynet.be /povfr/materiaux illref-mot-mandel-03.jpg
102.08.08 20:10 B E:\référence 3.5\materiaux\illref-mot-mandel-04.jpg --> users.skynet.be /povfr/materiaux illref-mot-mandel-04.jpg
102.08.08 20:10 B E:\référence 3.5\materiaux\illref-mot-mandel-05.jpg --> users.skynet.be /povfr/materiaux illref-mot-mandel-05.jpg
102.08.08 20:10 B E:\référence 3.5\materiaux\illref-mot-mandel-06.jpg --> users.skynet.be /povfr/materiaux illref-mot-mandel-06.jpg
102.08.08 20:10 B E:\référence 3.5\materiaux\illref-mot-mandel-07.jpg --> users.skynet.be /povfr/materiaux illref-mot-mandel-07.jpg
102.08.08 20:10 B E:\référence 3.5\materiaux\illref-mot-mandel-08.jpg --> users.skynet.be /povfr/materiaux illref-mot-mandel-08.jpg
102.08.08 20:10 B E:\référence 3.5\materiaux\index-mat.htm --> users.skynet.be /povfr/materiaux index-mat.htm
102.08.08 20:10 B E:\référence 3.5\materiaux\interp2.jpg --> users.skynet.be /povfr/materiaux interp2.jpg
102.08.08 20:10 B E:\référence 3.5\materiaux\interp4.jpg --> users.skynet.be /povfr/materiaux interp4.jpg
102.08.08 20:10 B E:\référence 3.5\materiaux\maptype0.jpg --> users.skynet.be /povfr/materiaux maptype0.jpg
102.08.08 20:10 B E:\référence 3.5\materiaux\maptype1.jpg --> users.skynet.be /povfr/materiaux maptype1.jpg
102.08.08 20:10 B E:\référence 3.5\materiaux\maptype2.jpg --> users.skynet.be /povfr/materiaux maptype2.jpg
102.08.08 20:10 B E:\référence 3.5\materiaux\maptype5.jpg --> users.skynet.be /povfr/materiaux maptype5.jpg
102.08.08 20:10 B E:\référence 3.5\materiaux\mat-coul-01.htm --> users.skynet.be /povfr/materiaux mat-coul-01.htm
102.08.08 20:10 B E:\référence 3.5\materiaux\mat-coul-02.htm --> users.skynet.be /povfr/materiaux mat-coul-02.htm
102.08.08 20:10 B E:\référence 3.5\materiaux\mat-fin-gen.htm --> users.skynet.be /povfr/materiaux mat-fin-gen.htm
102.08.08 20:10 B E:\référence 3.5\materiaux\mat-fin-spe.htm --> users.skynet.be /povfr/materiaux mat-fin-spe.htm
102.08.08 20:10 B E:\référence 3.5\materiaux\mat-interior.htm --> users.skynet.be /povfr/materiaux mat-interior.htm
102.08.08 20:10 B E:\référence 3.5\materiaux\mat-mot-bru-01.htm --> users.skynet.be /povfr/materiaux mat-mot-bru-01.htm
102.08.08 20:10 B E:\référence 3.5\materiaux\mat-mot-bru-02.htm --> users.skynet.be /povfr/materiaux mat-mot-bru-02.htm
102.08.08 20:10 B E:\référence 3.5\materiaux\mat-mot-fra.htm --> users.skynet.be /povfr/materiaux mat-mot-fra.htm
102.08.08 20:10 B E:\référence 3.5\materiaux\mat-mot-geo-01.htm --> users.skynet.be /povfr/materiaux mat-mot-geo-01.htm
102.08.08 20:10 B E:\référence 3.5\materiaux\mat-mot-geo-02.htm --> users.skynet.be /povfr/materiaux mat-mot-geo-02.htm
102.08.08 20:10 B E:\référence 3.5\materiaux\mat-mot-ix.htm --> users.skynet.be /povfr/materiaux mat-mot-ix.htm
102.08.08 20:10 B E:\référence 3.5\materiaux\mat-mot-lis.htm --> users.skynet.be /povfr/materiaux mat-mot-lis.htm
102.08.08 20:10 B E:\référence 3.5\materiaux\mat-mot-med.htm --> users.skynet.be /povfr/materiaux mat-mot-med.htm
102.08.08 20:10 B E:\référence 3.5\materiaux\mat-mot-spe-01.htm --> users.skynet.be /povfr/materiaux mat-mot-spe-01.htm
102.08.08 20:10 B E:\référence 3.5\materiaux\mat-mot-spe-02.htm --> users.skynet.be /povfr/materiaux mat-mot-spe-02.htm
102.08.08 20:10 B E:\référence 3.5\materiaux\mat-mot-spe-03.htm --> users.skynet.be /povfr/materiaux mat-mot-spe-03.htm
102.08.08 20:10 B E:\référence 3.5\materiaux\mat-mot-spe-04.htm --> users.skynet.be /povfr/materiaux mat-mot-spe-04.htm
102.08.08 20:10 B E:\référence 3.5\materiaux\mat-nor-gen.htm --> users.skynet.be /povfr/materiaux mat-nor-gen.htm
102.08.08 20:10 B E:\référence 3.5\materiaux\mat-nor-mod.htm --> users.skynet.be /povfr/materiaux mat-nor-mod.htm
102.08.08 20:10 B E:\référence 3.5\materiaux\mat-pig-gen.htm --> users.skynet.be /povfr/materiaux mat-pig-gen.htm
102.08.08 20:10 B E:\référence 3.5\materiaux\mat-struct.htm --> users.skynet.be /povfr/materiaux mat-struct.htm
102.08.08 20:10 B E:\référence 3.5\materiaux\mat-tex-gen.htm --> users.skynet.be /povfr/materiaux mat-tex-gen.htm
102.08.08 20:10 B E:\référence 3.5\materiaux\natmap.jpg --> users.skynet.be /povfr/materiaux natmap.jpg
102.08.08 20:10 B E:\référence 3.5\materiaux\norm-00.jpg --> users.skynet.be /povfr/materiaux norm-00.jpg
102.08.08 20:11 B E:\référence 3.5\materiaux\norm-01.jpg --> users.skynet.be /povfr/materiaux norm-01.jpg
102.08.08 20:11 B E:\référence 3.5\materiaux\norm-02.jpg --> users.skynet.be /povfr/materiaux norm-02.jpg
102.08.08 20:11 B E:\référence 3.5\materiaux\norm-03.jpg --> users.skynet.be /povfr/materiaux norm-03.jpg
102.08.08 20:11 B E:\référence 3.5\materiaux\norm-04.jpg --> users.skynet.be /povfr/materiaux norm-04.jpg
102.08.08 20:11 B E:\référence 3.5\materiaux\norm-05.jpg --> users.skynet.be /povfr/materiaux norm-05.jpg
102.08.08 20:11 B E:\référence 3.5\materiaux\norm-06.jpg --> users.skynet.be /povfr/materiaux norm-06.jpg
102.08.08 20:11 B E:\référence 3.5\materiaux\norm-07.jpg --> users.skynet.be /povfr/materiaux norm-07.jpg
102.08.08 20:11 B E:\référence 3.5\materiaux\norm-expl.jpg --> users.skynet.be /povfr/materiaux norm-expl.jpg
102.08.08 20:11 B E:\référence 3.5\materiaux\norm-sl1.jpg --> users.skynet.be /povfr/materiaux norm-sl1.jpg
102.08.08 20:11 B E:\référence 3.5\materiaux\norm-sl2.jpg --> users.skynet.be /povfr/materiaux norm-sl2.jpg
102.08.08 20:11 B E:\référence 3.5\materiaux\preview.pix --> users.skynet.be /povfr/materiaux preview.pix
102.08.08 20:11 B E:\référence 3.5\materiaux\qlt-ctrl.png --> users.skynet.be /povfr/materiaux qlt-ctrl.png
102.08.08 20:11 B E:\référence 3.5\materiaux\shapespp.png --> users.skynet.be /povfr/materiaux shapespp.png
102.08.08 20:11 B E:\référence 3.5\materiaux\tx-sp-01.jpg --> users.skynet.be /povfr/materiaux tx-sp-01.jpg
102.08.08 20:11 B E:\référence 3.5\materiaux\tx-sp-02.jpg --> users.skynet.be /povfr/materiaux tx-sp-02.jpg
102.08.08 20:11 B E:\référence 3.5\materiaux\tx-sp-03.jpg --> users.skynet.be /povfr/materiaux tx-sp-03.jpg
102.08.08 20:11 B E:\référence 3.5\materiaux\tx-sp-04.jpg --> users.skynet.be /povfr/materiaux tx-sp-04.jpg
102.08.08 20:11 B E:\référence 3.5\materiaux\tx-sp-05.jpg --> users.skynet.be /povfr/materiaux tx-sp-05.jpg
102.08.08 20:11 B E:\référence 3.5\materiaux\tx-sp-06.jpg --> users.skynet.be /povfr/materiaux tx-sp-06.jpg
102.08.08 20:11 B E:\référence 3.5\materiaux\tx-sp-07.jpg --> users.skynet.be /povfr/materiaux tx-sp-07.jpg
102.08.08 20:11 B E:\référence 3.5\materiaux\tx-sp-08.jpg --> users.skynet.be /povfr/materiaux tx-sp-08.jpg
102.08.08 20:11 B E:\référence 3.5\materiaux\tx-sp-09.jpg --> users.skynet.be /povfr/materiaux tx-sp-09.jpg
102.08.08 20:11 B E:\référence 3.5\materiaux\tx-sp-09.png --> users.skynet.be /povfr/materiaux tx-sp-09.png
102.08.08 20:11 B E:\référence 3.5\materiaux\tx-sp-10.jpg --> users.skynet.be /povfr/materiaux tx-sp-10.jpg
102.08.08 20:11 B E:\référence 3.5\materiaux\tx-sp-11.jpg --> users.skynet.be /povfr/materiaux tx-sp-11.jpg
102.08.08 20:11 B E:\référence 3.5\materiaux\tx-sp-12.jpg --> users.skynet.be /povfr/materiaux tx-sp-12.jpg
102.08.08 20:11 B E:\référence 3.5\materiaux\tx-sp-13.jpg --> users.skynet.be /povfr/materiaux tx-sp-13.jpg
102.08.08 20:11 B E:\référence 3.5\materiaux\tx-sp-14.jpg --> users.skynet.be /povfr/materiaux tx-sp-14.jpg
102.08.08 20:11 B E:\référence 3.5\materiaux\tx-sp-15.jpg --> users.skynet.be /povfr/materiaux tx-sp-15.jpg
102.08.08 20:11 B E:\référence 3.5\materiaux\tx-sp-16.jpg --> users.skynet.be /povfr/materiaux tx-sp-16.jpg
102.08.08 20:11 B E:\référence 3.5\materiaux\tx-sp-17.jpg --> users.skynet.be /povfr/materiaux tx-sp-17.jpg
102.08.08 20:11 B E:\référence 3.5\materiaux\tx-sp-18.jpg --> users.skynet.be /povfr/materiaux tx-sp-18.jpg
102.08.08 20:11 B E:\référence 3.5\materiaux\tx-sp-19.jpg --> users.skynet.be /povfr/materiaux tx-sp-19.jpg
102.08.08 20:11 B E:\référence 3.5\materiaux\tx-sp-20.jpg --> users.skynet.be /povfr/materiaux tx-sp-20.jpg
102.08.08 20:11 B E:\référence 3.5\materiaux\tx-sp-21.jpg --> users.skynet.be /povfr/materiaux tx-sp-21.jpg
102.08.08 20:11 B E:\référence 3.5\materiaux\tx-sp-22.jpg --> users.skynet.be /povfr/materiaux tx-sp-22.jpg
102.08.08 20:11 B E:\référence 3.5\materiaux\tx-sp-23.jpg --> users.skynet.be /povfr/materiaux tx-sp-23.jpg
102.08.08 20:11 B E:\référence 3.5\materiaux\tx-sp-24.jpg --> users.skynet.be /povfr/materiaux tx-sp-24.jpg
102.08.08 20:11 B E:\référence 3.5\materiaux\tx-sp-25.jpg --> users.skynet.be /povfr/materiaux tx-sp-25.jpg
102.08.08 20:11 B E:\référence 3.5\materiaux\tx-sp-26.jpg --> users.skynet.be /povfr/materiaux tx-sp-26.jpg
102.08.08 20:11 B E:\référence 3.5\materiaux\tx-sp-27.jpg --> users.skynet.be /povfr/materiaux tx-sp-27.jpg
102.08.08 20:11 B E:\référence 3.5\materiaux\tx-sp-28.jpg --> users.skynet.be /povfr/materiaux tx-sp-28.jpg
102.08.08 20:11 B E:\référence 3.5\materiaux\tx-sp-29.jpg --> users.skynet.be /povfr/materiaux tx-sp-29.jpg
102.08.08 20:11 B E:\référence 3.5\materiaux\tx-sp-30.jpg --> users.skynet.be /povfr/materiaux tx-sp-30.jpg
102.08.08 20:11 B E:\référence 3.5\materiaux\tx-sp-31.jpg --> users.skynet.be /povfr/materiaux tx-sp-31.jpg
102.08.08 20:11 B E:\référence 3.5\materiaux\tx-sp-32.jpg --> users.skynet.be /povfr/materiaux tx-sp-32.jpg
102.08.08 20:11 B E:\référence 3.5\materiaux\tx-sp-33.jpg --> users.skynet.be /povfr/materiaux tx-sp-33.jpg
102.08.08 20:11 B E:\référence 3.5\materiaux\tx-sp-34.jpg --> users.skynet.be /povfr/materiaux tx-sp-34.jpg
102.08.08 20:11 B E:\référence 3.5\materiaux\tx-sp-35.jpg --> users.skynet.be /povfr/materiaux tx-sp-35.jpg
102.08.08 20:11 B E:\référence 3.5\materiaux\tx-sp-36.jpg --> users.skynet.be /povfr/materiaux tx-sp-36.jpg
102.08.08 20:11 B E:\référence 3.5\materiaux\tx-sp-37.jpg --> users.skynet.be /povfr/materiaux tx-sp-37.jpg
102.08.08 20:11 B E:\référence 3.5\materiaux\tx-sp-38.jpg --> users.skynet.be /povfr/materiaux tx-sp-38.jpg
102.08.08 20:11 B E:\référence 3.5\materiaux\tx-sp-39.jpg --> users.skynet.be /povfr/materiaux tx-sp-39.jpg
102.08.08 20:11 B E:\référence 3.5\materiaux\tx-sp-object.jpg --> users.skynet.be /povfr/materiaux tx-sp-object.jpg
102.11.02 18:18 B E:\référence 3.5\materiaux\illref-mot-mandel-02.jpg --> users.skynet.be /povfr/materiaux illref-mot-mandel-02.jpg
102.11.02 18:18 B E:\référence 3.5\materiaux\natmap.jpg --> users.skynet.be /povfr/materiaux natmap.jpg
102.11.02 18:18 B E:\référence 3.5\materiaux\mat-interior.htm --> users.skynet.be /povfr/materiaux mat-interior.htm
102.11.02 18:18 B E:\référence 3.5\materiaux\tx-sp-09.png --> users.skynet.be /povfr/materiaux tx-sp-09.png
102.11.02 18:18 B E:\référence 3.5\materiaux\mat-int-fad.htm --> users.skynet.be /povfr/materiaux mat-int-fad.htm
102.11.02 18:18 B E:\référence 3.5\materiaux\illref-mat-tex-02.jpg --> users.skynet.be /povfr/materiaux illref-mat-tex-02.jpg
102.11.02 18:18 B E:\référence 3.5\materiaux\tx-sp-09.jpg --> users.skynet.be /povfr/materiaux tx-sp-09.jpg
102.11.02 18:18 B E:\référence 3.5\materiaux\mat-mot-spe-06.htm --> users.skynet.be /povfr/materiaux mat-mot-spe-06.htm
102.11.02 18:18 B E:\référence 3.5\materiaux\tx-sp-33.jpg --> users.skynet.be /povfr/materiaux tx-sp-33.jpg
102.11.02 18:18 B E:\référence 3.5\materiaux\tx-sp-19.jpg --> users.skynet.be /povfr/materiaux tx-sp-19.jpg
102.11.02 18:18 B E:\référence 3.5\materiaux\mat-mot-spe-04.htm --> users.skynet.be /povfr/materiaux mat-mot-spe-04.htm
102.11.02 18:18 B E:\référence 3.5\materiaux\tx-sp-07.jpg --> users.skynet.be /povfr/materiaux tx-sp-07.jpg
102.11.02 18:18 B E:\référence 3.5\materiaux\tx-sp-31.jpg --> users.skynet.be /povfr/materiaux tx-sp-31.jpg
102.11.02 18:18 B E:\référence 3.5\materiaux\tx-sp-04.jpg --> users.skynet.be /povfr/materiaux tx-sp-04.jpg
102.11.02 18:18 B E:\référence 3.5\materiaux\omega1.jpg --> users.skynet.be /povfr/materiaux omega1.jpg
102.11.02 18:18 B E:\référence 3.5\materiaux\octaves1.jpg --> users.skynet.be /povfr/materiaux octaves1.jpg
102.11.02 18:18 B E:\référence 3.5\materiaux\tx-sp-23.jpg --> users.skynet.be /povfr/materiaux tx-sp-23.jpg
102.11.02 18:18 B E:\référence 3.5\materiaux\tx-sp-object.jpg --> users.skynet.be /povfr/materiaux tx-sp-object.jpg
102.11.02 18:18 B E:\référence 3.5\materiaux\lambda2.jpg --> users.skynet.be /povfr/materiaux lambda2.jpg
102.11.02 18:18 B E:\référence 3.5\materiaux\omega2.jpg --> users.skynet.be /povfr/materiaux omega2.jpg
102.11.02 18:18 B E:\référence 3.5\materiaux\mat-mot-med.htm --> users.skynet.be /povfr/materiaux mat-mot-med.htm
102.11.02 18:18 B E:\référence 3.5\materiaux\mat-int-gen.htm --> users.skynet.be /povfr/materiaux mat-int-gen.htm
102.11.02 18:18 B E:\référence 3.5\materiaux\illref-mot-julia-01.jpg --> users.skynet.be /povfr/materiaux illref-mot-julia-01.jpg
102.11.02 18:18 B E:\référence 3.5\materiaux\tx-sp-15.jpg --> users.skynet.be /povfr/materiaux tx-sp-15.jpg
102.11.02 18:18 B E:\référence 3.5\materiaux\lambda1.jpg --> users.skynet.be /povfr/materiaux lambda1.jpg
102.11.02 18:18 B E:\référence 3.5\materiaux\illref-mot-mandel-01.jpg --> users.skynet.be /povfr/materiaux illref-mot-mandel-01.jpg
102.11.02 18:18 B E:\référence 3.5\materiaux\mat-int-ior.htm --> users.skynet.be /povfr/materiaux mat-int-ior.htm
102.11.02 18:18 B E:\référence 3.5\materiaux\mat-mot-geo-02.htm --> users.skynet.be /povfr/materiaux mat-mot-geo-02.htm
102.11.02 18:18 B E:\référence 3.5\materiaux\mat-mot-bru-02.htm --> users.skynet.be /povfr/materiaux mat-mot-bru-02.htm
102.11.02 18:18 B E:\référence 3.5\materiaux\mat-struct.htm --> users.skynet.be /povfr/materiaux mat-struct.htm
102.11.02 18:18 B E:\référence 3.5\materiaux\illref-mot-mandel-03.jpg --> users.skynet.be /povfr/materiaux illref-mot-mandel-03.jpg
102.11.02 18:18 B E:\référence 3.5\materiaux\index-mat.htm --> users.skynet.be /povfr/materiaux index-mat.htm
102.11.02 18:18 B E:\référence 3.5\materiaux\octaves2.jpg --> users.skynet.be /povfr/materiaux octaves2.jpg
102.11.02 18:18 B E:\référence 3.5\materiaux\interp2.jpg --> users.skynet.be /povfr/materiaux interp2.jpg
102.11.02 18:18 B E:\référence 3.5\materiaux\lambda3.jpg --> users.skynet.be /povfr/materiaux lambda3.jpg
102.11.02 18:18 B E:\référence 3.5\materiaux\illref-facets-01.jpg --> users.skynet.be /povfr/materiaux illref-facets-01.jpg
102.11.02 18:18 B E:\référence 3.5\materiaux\omega3.jpg --> users.skynet.be /povfr/materiaux omega3.jpg
102.11.02 18:18 B E:\référence 3.5\materiaux\maptype0.jpg --> users.skynet.be /povfr/materiaux maptype0.jpg
102.11.02 18:18 B E:\référence 3.5\materiaux\norm-00.jpg --> users.skynet.be /povfr/materiaux norm-00.jpg
102.11.02 18:18 B E:\référence 3.5\materiaux\tx-sp-12.jpg --> users.skynet.be /povfr/materiaux tx-sp-12.jpg
102.11.02 18:18 B E:\référence 3.5\materiaux\interp4.jpg --> users.skynet.be /povfr/materiaux interp4.jpg
102.11.02 18:18 B E:\référence 3.5\materiaux\tx-sp-16.jpg --> users.skynet.be /povfr/materiaux tx-sp-16.jpg
102.11.02 18:18 B E:\référence 3.5\materiaux\tx-sp-11.jpg --> users.skynet.be /povfr/materiaux tx-sp-11.jpg
102.11.02 18:18 B E:\référence 3.5\materiaux\lambda4.jpg --> users.skynet.be /povfr/materiaux lambda4.jpg
102.11.02 18:18 B E:\référence 3.5\materiaux\maptype2.jpg --> users.skynet.be /povfr/materiaux maptype2.jpg
102.11.02 18:18 B E:\référence 3.5\materiaux\tx-sp-32.jpg --> users.skynet.be /povfr/materiaux tx-sp-32.jpg
102.11.02 18:18 B E:\référence 3.5\materiaux\tx-sp-29.jpg --> users.skynet.be /povfr/materiaux tx-sp-29.jpg
102.11.02 18:18 B E:\référence 3.5\materiaux\tx-sp-08.jpg --> users.skynet.be /povfr/materiaux tx-sp-08.jpg
102.11.02 18:18 B E:\référence 3.5\materiaux\maptype1.jpg --> users.skynet.be /povfr/materiaux maptype1.jpg
102.11.02 18:18 B E:\référence 3.5\materiaux\tx-sp-28.jpg --> users.skynet.be /povfr/materiaux tx-sp-28.jpg
102.11.02 18:18 B E:\référence 3.5\materiaux\norm-05.jpg --> users.skynet.be /povfr/materiaux norm-05.jpg
102.11.02 18:18 B E:\référence 3.5\materiaux\illref-mot-magnet-01.jpg --> users.skynet.be /povfr/materiaux illref-mot-magnet-01.jpg
102.11.02 18:18 B E:\référence 3.5\materiaux\mat-mot-spe-02.htm --> users.skynet.be /povfr/materiaux mat-mot-spe-02.htm
102.11.02 18:18 B E:\référence 3.5\materiaux\illref-cerv01.jpg --> users.skynet.be /povfr/materiaux illref-cerv01.jpg
102.11.02 18:18 B E:\référence 3.5\materiaux\mat-mot-mod-wav.htm --> users.skynet.be /povfr/materiaux mat-mot-mod-wav.htm
102.11.02 18:19 B E:\référence 3.5\materiaux\norm-03.jpg --> users.skynet.be /povfr/materiaux norm-03.jpg
102.11.02 18:26 B E:\référence 3.5\materiaux\fi-01.jpg --> users.skynet.be /povfr/materiaux fi-01.jpg
102.11.02 18:26 B E:\référence 3.5\materiaux\fi-02.jpg --> users.skynet.be /povfr/materiaux fi-02.jpg
102.11.02 18:26 B E:\référence 3.5\materiaux\fi-03.jpg --> users.skynet.be /povfr/materiaux fi-03.jpg
102.11.02 18:26 B E:\référence 3.5\materiaux\fi-04.jpg --> users.skynet.be /povfr/materiaux fi-04.jpg
102.11.02 18:26 B E:\référence 3.5\materiaux\fi-05.jpg --> users.skynet.be /povfr/materiaux fi-05.jpg
102.11.02 18:26 B E:\référence 3.5\materiaux\fi-06.jpg --> users.skynet.be /povfr/materiaux fi-06.jpg
102.11.02 18:26 B E:\référence 3.5\materiaux\fi-07.jpg --> users.skynet.be /povfr/materiaux fi-07.jpg
102.11.02 18:26 B E:\référence 3.5\materiaux\fi-08.jpg --> users.skynet.be /povfr/materiaux fi-08.jpg
102.11.02 18:26 B E:\référence 3.5\materiaux\fi-09.jpg --> users.skynet.be /povfr/materiaux fi-09.jpg
102.11.02 18:26 B E:\référence 3.5\materiaux\filtran01.jpg --> users.skynet.be /povfr/materiaux filtran01.jpg
102.11.02 18:26 B E:\référence 3.5\materiaux\filtran02.jpg --> users.skynet.be /povfr/materiaux filtran02.jpg
102.11.02 18:26 B E:\référence 3.5\materiaux\filtran03.jpg --> users.skynet.be /povfr/materiaux filtran03.jpg
102.11.02 18:26 B E:\référence 3.5\materiaux\illref-cerv01.jpg --> users.skynet.be /povfr/materiaux illref-cerv01.jpg
102.11.02 18:26 B E:\référence 3.5\materiaux\illref-cerv02.jpg --> users.skynet.be /povfr/materiaux illref-cerv02.jpg
102.11.02 18:26 B E:\référence 3.5\materiaux\illref-dens-01.jpg --> users.skynet.be /povfr/materiaux illref-dens-01.jpg
102.11.02 18:26 B E:\référence 3.5\materiaux\illref-dens-02.jpg --> users.skynet.be /povfr/materiaux illref-dens-02.jpg
102.11.02 18:26 B E:\référence 3.5\materiaux\illref-facets-01.jpg --> users.skynet.be /povfr/materiaux illref-facets-01.jpg
102.11.02 18:26 B E:\référence 3.5\materiaux\illref-facets-02.jpg --> users.skynet.be /povfr/materiaux illref-facets-02.jpg
102.11.02 18:26 B E:\référence 3.5\materiaux\illref-int-01.jpg --> users.skynet.be /povfr/materiaux illref-int-01.jpg
102.11.02 18:26 B E:\référence 3.5\materiaux\illref-int-02.jpg --> users.skynet.be /povfr/materiaux illref-int-02.jpg
102.11.02 18:26 B E:\référence 3.5\materiaux\illref-int-03.jpg --> users.skynet.be /povfr/materiaux illref-int-03.jpg
102.11.02 18:26 B E:\référence 3.5\materiaux\illref-mat-pig.jpg --> users.skynet.be /povfr/materiaux illref-mat-pig.jpg
102.11.02 18:26 B E:\référence 3.5\materiaux\illref-mat-struct.png --> users.skynet.be /povfr/materiaux illref-mat-struct.png
102.11.02 18:26 B E:\référence 3.5\materiaux\illref-mat-tex-01.jpg --> users.skynet.be /povfr/materiaux illref-mat-tex-01.jpg
102.11.02 18:26 B E:\référence 3.5\materiaux\illref-mat-tex-02.jpg --> users.skynet.be /povfr/materiaux illref-mat-tex-02.jpg
102.11.02 18:26 B E:\référence 3.5\materiaux\illref-mat-tex-03.jpg --> users.skynet.be /povfr/materiaux illref-mat-tex-03.jpg
102.11.02 18:26 B E:\référence 3.5\materiaux\illref-mat-tex-04.jpg --> users.skynet.be /povfr/materiaux illref-mat-tex-04.jpg
102.11.02 18:26 B E:\référence 3.5\materiaux\illref-mot-julia-01.jpg --> users.skynet.be /povfr/materiaux illref-mot-julia-01.jpg
102.11.02 18:26 B E:\référence 3.5\materiaux\illref-mot-magnet-01.jpg --> users.skynet.be /povfr/materiaux illref-mot-magnet-01.jpg
102.11.02 18:26 B E:\référence 3.5\materiaux\illref-mot-mandel-01.jpg --> users.skynet.be /povfr/materiaux illref-mot-mandel-01.jpg
102.11.02 18:26 B E:\référence 3.5\materiaux\illref-mot-mandel-02.jpg --> users.skynet.be /povfr/materiaux illref-mot-mandel-02.jpg
102.11.02 18:26 B E:\référence 3.5\materiaux\illref-mot-mandel-03.jpg --> users.skynet.be /povfr/materiaux illref-mot-mandel-03.jpg
102.11.02 18:26 B E:\référence 3.5\materiaux\illref-mot-mandel-04.jpg --> users.skynet.be /povfr/materiaux illref-mot-mandel-04.jpg
102.11.02 18:26 B E:\référence 3.5\materiaux\illref-mot-mandel-05.jpg --> users.skynet.be /povfr/materiaux illref-mot-mandel-05.jpg
102.11.02 18:26 B E:\référence 3.5\materiaux\illref-mot-mandel-06.jpg --> users.skynet.be /povfr/materiaux illref-mot-mandel-06.jpg
102.11.02 18:26 B E:\référence 3.5\materiaux\illref-mot-mandel-07.jpg --> users.skynet.be /povfr/materiaux illref-mot-mandel-07.jpg
102.11.02 18:26 B E:\référence 3.5\materiaux\illref-mot-mandel-08.jpg --> users.skynet.be /povfr/materiaux illref-mot-mandel-08.jpg
102.11.02 18:26 B E:\référence 3.5\materiaux\illref-slope-01.jpg --> users.skynet.be /povfr/materiaux illref-slope-01.jpg
102.11.02 18:26 B E:\référence 3.5\materiaux\illref-slope-02.jpg --> users.skynet.be /povfr/materiaux illref-slope-02.jpg
102.11.02 18:26 B E:\référence 3.5\materiaux\index-mat.htm --> users.skynet.be /povfr/materiaux index-mat.htm
102.11.02 18:26 B E:\référence 3.5\materiaux\interp2.jpg --> users.skynet.be /povfr/materiaux interp2.jpg
102.11.02 18:26 B E:\référence 3.5\materiaux\interp4.jpg --> users.skynet.be /povfr/materiaux interp4.jpg
102.11.02 18:26 B E:\référence 3.5\materiaux\lambda1.jpg --> users.skynet.be /povfr/materiaux lambda1.jpg
102.11.02 18:26 B E:\référence 3.5\materiaux\lambda2.jpg --> users.skynet.be /povfr/materiaux lambda2.jpg
102.11.02 18:26 B E:\référence 3.5\materiaux\lambda3.jpg --> users.skynet.be /povfr/materiaux lambda3.jpg
102.11.02 18:26 B E:\référence 3.5\materiaux\lambda4.jpg --> users.skynet.be /povfr/materiaux lambda4.jpg
102.11.02 18:26 B E:\référence 3.5\materiaux\maptype0.jpg --> users.skynet.be /povfr/materiaux maptype0.jpg
102.11.02 18:26 B E:\référence 3.5\materiaux\maptype1.jpg --> users.skynet.be /povfr/materiaux maptype1.jpg
102.11.02 18:26 B E:\référence 3.5\materiaux\maptype2.jpg --> users.skynet.be /povfr/materiaux maptype2.jpg
102.11.02 18:26 B E:\référence 3.5\materiaux\maptype5.jpg --> users.skynet.be /povfr/materiaux maptype5.jpg
102.11.02 18:26 B E:\référence 3.5\materiaux\mat-coul-01.htm --> users.skynet.be /povfr/materiaux mat-coul-01.htm
102.11.02 18:26 B E:\référence 3.5\materiaux\mat-coul-02.htm --> users.skynet.be /povfr/materiaux mat-coul-02.htm
102.11.02 18:26 B E:\référence 3.5\materiaux\mat-fin-gen.htm --> users.skynet.be /povfr/materiaux mat-fin-gen.htm
102.11.02 18:26 B E:\référence 3.5\materiaux\mat-fin-spe.htm --> users.skynet.be /povfr/materiaux mat-fin-spe.htm
102.11.02 18:26 B E:\référence 3.5\materiaux\mat-int-fad.htm --> users.skynet.be /povfr/materiaux mat-int-fad.htm
102.11.02 18:26 B E:\référence 3.5\materiaux\mat-int-gen.htm --> users.skynet.be /povfr/materiaux mat-int-gen.htm
102.11.02 18:26 B E:\référence 3.5\materiaux\mat-int-ior.htm --> users.skynet.be /povfr/materiaux mat-int-ior.htm
102.11.02 18:26 B E:\référence 3.5\materiaux\mat-interior.htm --> users.skynet.be /povfr/materiaux mat-interior.htm
102.11.02 18:26 B E:\référence 3.5\materiaux\mat-mot-bru-01.htm --> users.skynet.be /povfr/materiaux mat-mot-bru-01.htm
102.11.02 18:26 B E:\référence 3.5\materiaux\mat-mot-bru-02.htm --> users.skynet.be /povfr/materiaux mat-mot-bru-02.htm
102.11.02 18:26 B E:\référence 3.5\materiaux\mat-mot-fra.htm --> users.skynet.be /povfr/materiaux mat-mot-fra.htm
102.11.02 18:26 B E:\référence 3.5\materiaux\mat-mot-geo-01.htm --> users.skynet.be /povfr/materiaux mat-mot-geo-01.htm
102.11.02 18:26 B E:\référence 3.5\materiaux\mat-mot-geo-02.htm --> users.skynet.be /povfr/materiaux mat-mot-geo-02.htm
102.11.02 18:27 B E:\référence 3.5\materiaux\mat-mot-ix.htm --> users.skynet.be /povfr/materiaux mat-mot-ix.htm
102.11.02 18:27 B E:\référence 3.5\materiaux\mat-mot-lis.htm --> users.skynet.be /povfr/materiaux mat-mot-lis.htm
102.11.02 18:27 B E:\référence 3.5\materiaux\mat-mot-med.htm --> users.skynet.be /povfr/materiaux mat-mot-med.htm
102.11.02 18:27 B E:\référence 3.5\materiaux\mat-mot-mod-war-tur.htm --> users.skynet.be /povfr/materiaux mat-mot-mod-war-tur.htm
102.11.02 18:27 B E:\référence 3.5\materiaux\mat-mot-mod-war-xxx.htm --> users.skynet.be /povfr/materiaux mat-mot-mod-war-xxx.htm
102.11.02 18:27 B E:\référence 3.5\materiaux\mat-mot-mod-wav.htm --> users.skynet.be /povfr/materiaux mat-mot-mod-wav.htm
102.11.02 18:27 B E:\référence 3.5\materiaux\mat-mot-mod.htm --> users.skynet.be /povfr/materiaux mat-mot-mod.htm
102.11.02 18:27 B E:\référence 3.5\materiaux\mat-mot-spe-01.htm --> users.skynet.be /povfr/materiaux mat-mot-spe-01.htm
102.11.02 18:27 B E:\référence 3.5\materiaux\mat-mot-spe-02.htm --> users.skynet.be /povfr/materiaux mat-mot-spe-02.htm
102.11.02 18:27 B E:\référence 3.5\materiaux\mat-mot-spe-03.htm --> users.skynet.be /povfr/materiaux mat-mot-spe-03.htm
102.11.02 18:27 B E:\référence 3.5\materiaux\mat-mot-spe-04.htm --> users.skynet.be /povfr/materiaux mat-mot-spe-04.htm
102.11.02 18:27 B E:\référence 3.5\materiaux\mat-mot-spe-05.htm --> users.skynet.be /povfr/materiaux mat-mot-spe-05.htm
102.11.02 18:27 B E:\référence 3.5\materiaux\mat-mot-spe-06.htm --> users.skynet.be /povfr/materiaux mat-mot-spe-06.htm
102.11.02 18:27 B E:\référence 3.5\materiaux\mat-nor-gen.htm --> users.skynet.be /povfr/materiaux mat-nor-gen.htm
102.11.02 18:27 B E:\référence 3.5\materiaux\mat-nor-mod.htm --> users.skynet.be /povfr/materiaux mat-nor-mod.htm
102.11.02 18:27 B E:\référence 3.5\materiaux\mat-pig-gen.htm --> users.skynet.be /povfr/materiaux mat-pig-gen.htm
102.11.02 18:27 B E:\référence 3.5\materiaux\mat-struct.htm --> users.skynet.be /povfr/materiaux mat-struct.htm
102.11.02 18:27 B E:\référence 3.5\materiaux\mat-tex-gen.htm --> users.skynet.be /povfr/materiaux mat-tex-gen.htm
102.11.02 18:27 B E:\référence 3.5\materiaux\natmap.jpg --> users.skynet.be /povfr/materiaux natmap.jpg
102.11.02 18:27 B E:\référence 3.5\materiaux\norm-00.jpg --> users.skynet.be /povfr/materiaux norm-00.jpg
102.11.02 18:27 B E:\référence 3.5\materiaux\norm-01.jpg --> users.skynet.be /povfr/materiaux norm-01.jpg
102.11.02 18:27 B E:\référence 3.5\materiaux\norm-02.jpg --> users.skynet.be /povfr/materiaux norm-02.jpg
102.11.02 18:27 B E:\référence 3.5\materiaux\norm-03.jpg --> users.skynet.be /povfr/materiaux norm-03.jpg
102.11.02 18:27 B E:\référence 3.5\materiaux\norm-04.jpg --> users.skynet.be /povfr/materiaux norm-04.jpg
102.11.02 18:27 B E:\référence 3.5\materiaux\norm-05.jpg --> users.skynet.be /povfr/materiaux norm-05.jpg
102.11.02 18:27 B E:\référence 3.5\materiaux\norm-06.jpg --> users.skynet.be /povfr/materiaux norm-06.jpg
102.11.02 18:27 B E:\référence 3.5\materiaux\norm-07.jpg --> users.skynet.be /povfr/materiaux norm-07.jpg
102.11.02 18:27 B E:\référence 3.5\materiaux\norm-expl.jpg --> users.skynet.be /povfr/materiaux norm-expl.jpg
102.11.02 18:27 B E:\référence 3.5\materiaux\norm-sl1.jpg --> users.skynet.be /povfr/materiaux norm-sl1.jpg
102.11.02 18:27 B E:\référence 3.5\materiaux\norm-sl2.jpg --> users.skynet.be /povfr/materiaux norm-sl2.jpg
102.11.02 18:27 B E:\référence 3.5\materiaux\octaves1.jpg --> users.skynet.be /povfr/materiaux octaves1.jpg
102.11.02 18:27 B E:\référence 3.5\materiaux\octaves2.jpg --> users.skynet.be /povfr/materiaux octaves2.jpg
102.11.02 18:27 B E:\référence 3.5\materiaux\octaves3.jpg --> users.skynet.be /povfr/materiaux octaves3.jpg
102.11.02 18:27 B E:\référence 3.5\materiaux\octaves4.jpg --> users.skynet.be /povfr/materiaux octaves4.jpg
102.11.02 18:27 B E:\référence 3.5\materiaux\omega1.jpg --> users.skynet.be /povfr/materiaux omega1.jpg
102.11.02 18:27 B E:\référence 3.5\materiaux\omega2.jpg --> users.skynet.be /povfr/materiaux omega2.jpg
102.11.02 18:27 B E:\référence 3.5\materiaux\omega3.jpg --> users.skynet.be /povfr/materiaux omega3.jpg
102.11.02 18:27 B E:\référence 3.5\materiaux\omega4.jpg --> users.skynet.be /povfr/materiaux omega4.jpg
102.11.02 18:27 B E:\référence 3.5\materiaux\preview.pix --> users.skynet.be /povfr/materiaux preview.pix
102.11.02 18:27 B E:\référence 3.5\materiaux\qlt-ctrl.png --> users.skynet.be /povfr/materiaux qlt-ctrl.png
102.11.02 18:27 B E:\référence 3.5\materiaux\shapespp.png --> users.skynet.be /povfr/materiaux shapespp.png
102.11.02 18:27 B E:\référence 3.5\materiaux\tx-sp-01.jpg --> users.skynet.be /povfr/materiaux tx-sp-01.jpg
102.11.02 18:27 B E:\référence 3.5\materiaux\tx-sp-02.jpg --> users.skynet.be /povfr/materiaux tx-sp-02.jpg
102.11.02 18:27 B E:\référence 3.5\materiaux\tx-sp-03.jpg --> users.skynet.be /povfr/materiaux tx-sp-03.jpg
102.11.02 18:27 B E:\référence 3.5\materiaux\tx-sp-04.jpg --> users.skynet.be /povfr/materiaux tx-sp-04.jpg
102.11.02 18:27 B E:\référence 3.5\materiaux\tx-sp-05.jpg --> users.skynet.be /povfr/materiaux tx-sp-05.jpg
102.11.02 18:27 B E:\référence 3.5\materiaux\tx-sp-06.jpg --> users.skynet.be /povfr/materiaux tx-sp-06.jpg
102.11.02 18:27 B E:\référence 3.5\materiaux\tx-sp-07.jpg --> users.skynet.be /povfr/materiaux tx-sp-07.jpg
102.11.02 18:27 B E:\référence 3.5\materiaux\tx-sp-08.jpg --> users.skynet.be /povfr/materiaux tx-sp-08.jpg
102.11.02 18:27 B E:\référence 3.5\materiaux\tx-sp-09.jpg --> users.skynet.be /povfr/materiaux tx-sp-09.jpg
102.11.02 18:27 B E:\référence 3.5\materiaux\tx-sp-09.png --> users.skynet.be /povfr/materiaux tx-sp-09.png
102.11.02 18:27 B E:\référence 3.5\materiaux\tx-sp-10.jpg --> users.skynet.be /povfr/materiaux tx-sp-10.jpg
102.11.02 18:27 B E:\référence 3.5\materiaux\tx-sp-11.jpg --> users.skynet.be /povfr/materiaux tx-sp-11.jpg
102.11.02 18:27 B E:\référence 3.5\materiaux\tx-sp-12.jpg --> users.skynet.be /povfr/materiaux tx-sp-12.jpg
102.11.02 18:27 B E:\référence 3.5\materiaux\tx-sp-13.jpg --> users.skynet.be /povfr/materiaux tx-sp-13.jpg
102.11.02 18:27 B E:\référence 3.5\materiaux\tx-sp-14.jpg --> users.skynet.be /povfr/materiaux tx-sp-14.jpg
102.11.02 18:27 B E:\référence 3.5\materiaux\tx-sp-15.jpg --> users.skynet.be /povfr/materiaux tx-sp-15.jpg
102.11.02 18:27 B E:\référence 3.5\materiaux\tx-sp-16.jpg --> users.skynet.be /povfr/materiaux tx-sp-16.jpg
102.11.02 18:27 B E:\référence 3.5\materiaux\tx-sp-17.jpg --> users.skynet.be /povfr/materiaux tx-sp-17.jpg
102.11.02 18:27 B E:\référence 3.5\materiaux\tx-sp-18.jpg --> users.skynet.be /povfr/materiaux tx-sp-18.jpg
102.11.02 18:27 B E:\référence 3.5\materiaux\tx-sp-19.jpg --> users.skynet.be /povfr/materiaux tx-sp-19.jpg
102.11.02 18:27 B E:\référence 3.5\materiaux\tx-sp-20.jpg --> users.skynet.be /povfr/materiaux tx-sp-20.jpg
102.11.02 18:27 B E:\référence 3.5\materiaux\tx-sp-21.jpg --> users.skynet.be /povfr/materiaux tx-sp-21.jpg
102.11.02 18:27 B E:\référence 3.5\materiaux\tx-sp-22.jpg --> users.skynet.be /povfr/materiaux tx-sp-22.jpg
102.11.02 18:27 B E:\référence 3.5\materiaux\tx-sp-23.jpg --> users.skynet.be /povfr/materiaux tx-sp-23.jpg
102.11.02 18:27 B E:\référence 3.5\materiaux\tx-sp-24.jpg --> users.skynet.be /povfr/materiaux tx-sp-24.jpg
102.11.02 18:27 B E:\référence 3.5\materiaux\tx-sp-25.jpg --> users.skynet.be /povfr/materiaux tx-sp-25.jpg
102.11.02 18:27 B E:\référence 3.5\materiaux\tx-sp-26.jpg --> users.skynet.be /povfr/materiaux tx-sp-26.jpg
102.11.02 18:27 B E:\référence 3.5\materiaux\tx-sp-27.jpg --> users.skynet.be /povfr/materiaux tx-sp-27.jpg
102.11.02 18:27 B E:\référence 3.5\materiaux\tx-sp-28.jpg --> users.skynet.be /povfr/materiaux tx-sp-28.jpg
102.11.02 18:27 B E:\référence 3.5\materiaux\tx-sp-29.jpg --> users.skynet.be /povfr/materiaux tx-sp-29.jpg
102.11.02 18:27 B E:\référence 3.5\materiaux\tx-sp-30.jpg --> users.skynet.be /povfr/materiaux tx-sp-30.jpg
102.11.02 18:27 B E:\référence 3.5\materiaux\tx-sp-31.jpg --> users.skynet.be /povfr/materiaux tx-sp-31.jpg
102.11.02 18:27 B E:\référence 3.5\materiaux\tx-sp-32.jpg --> users.skynet.be /povfr/materiaux tx-sp-32.jpg
102.11.02 18:27 B E:\référence 3.5\materiaux\tx-sp-33.jpg --> users.skynet.be /povfr/materiaux tx-sp-33.jpg
102.11.02 18:27 B E:\référence 3.5\materiaux\tx-sp-34.jpg --> users.skynet.be /povfr/materiaux tx-sp-34.jpg
102.11.02 18:27 B E:\référence 3.5\materiaux\tx-sp-35.jpg --> users.skynet.be /povfr/materiaux tx-sp-35.jpg
102.11.02 18:27 B E:\référence 3.5\materiaux\tx-sp-36.jpg --> users.skynet.be /povfr/materiaux tx-sp-36.jpg
102.11.02 18:27 B E:\référence 3.5\materiaux\tx-sp-37.jpg --> users.skynet.be /povfr/materiaux tx-sp-37.jpg
102.11.02 18:27 B E:\référence 3.5\materiaux\tx-sp-38.jpg --> users.skynet.be /povfr/materiaux tx-sp-38.jpg
102.11.02 18:27 B E:\référence 3.5\materiaux\tx-sp-39.jpg --> users.skynet.be /povfr/materiaux tx-sp-39.jpg
102.11.02 18:27 B E:\référence 3.5\materiaux\tx-sp-object.jpg --> users.skynet.be /povfr/materiaux tx-sp-object.jpg
102.11.02 18:27 B E:\référence 3.5\materiaux\wav01.jpg --> users.skynet.be /povfr/materiaux wav01.jpg
102.11.02 18:27 B E:\référence 3.5\materiaux\wav02.jpg --> users.skynet.be /povfr/materiaux wav02.jpg
102.11.02 18:27 B E:\référence 3.5\materiaux\wav03.jpg --> users.skynet.be /povfr/materiaux wav03.jpg
102.11.02 18:27 B E:\référence 3.5\materiaux\wav04.jpg --> users.skynet.be /povfr/materiaux wav04.jpg
102.11.02 18:27 B E:\référence 3.5\materiaux\wav05.jpg --> users.skynet.be /povfr/materiaux wav05.jpg
102.11.02 18:27 B E:\référence 3.5\materiaux\wav06.jpg --> users.skynet.be /povfr/materiaux wav06.jpg
102.11.02 18:27 B E:\référence 3.5\materiaux\ws_ftp.log --> users.skynet.be /povfr/materiaux ws_ftp.log
102.11.02 18:32 B E:\référence 3.5\materiaux\fi-01.jpg --> users.skynet.be /povfr/materiaux fi-01.jpg
102.11.02 18:32 B E:\référence 3.5\materiaux\fi-02.jpg --> users.skynet.be /povfr/materiaux fi-02.jpg
102.11.02 18:32 B E:\référence 3.5\materiaux\fi-03.jpg --> users.skynet.be /povfr/materiaux fi-03.jpg
102.11.02 18:32 B E:\référence 3.5\materiaux\fi-04.jpg --> users.skynet.be /povfr/materiaux fi-04.jpg
102.11.02 18:32 B E:\référence 3.5\materiaux\fi-05.jpg --> users.skynet.be /povfr/materiaux fi-05.jpg
102.11.02 18:32 B E:\référence 3.5\materiaux\fi-06.jpg --> users.skynet.be /povfr/materiaux fi-06.jpg
102.11.02 18:32 B E:\référence 3.5\materiaux\fi-07.jpg --> users.skynet.be /povfr/materiaux fi-07.jpg
102.11.02 18:32 B E:\référence 3.5\materiaux\fi-08.jpg --> users.skynet.be /povfr/materiaux fi-08.jpg
102.11.02 18:32 B E:\référence 3.5\materiaux\fi-09.jpg --> users.skynet.be /povfr/materiaux fi-09.jpg
102.11.02 18:32 B E:\référence 3.5\materiaux\filtran01.jpg --> users.skynet.be /povfr/materiaux filtran01.jpg
102.11.02 18:32 B E:\référence 3.5\materiaux\filtran02.jpg --> users.skynet.be /povfr/materiaux filtran02.jpg
102.11.02 18:32 B E:\référence 3.5\materiaux\filtran03.jpg --> users.skynet.be /povfr/materiaux filtran03.jpg
102.11.02 18:32 B E:\référence 3.5\materiaux\illref-cerv01.jpg --> users.skynet.be /povfr/materiaux illref-cerv01.jpg
102.11.02 18:32 B E:\référence 3.5\materiaux\illref-cerv02.jpg --> users.skynet.be /povfr/materiaux illref-cerv02.jpg
102.11.02 18:32 B E:\référence 3.5\materiaux\illref-dens-01.jpg --> users.skynet.be /povfr/materiaux illref-dens-01.jpg
102.11.02 18:33 B E:\référence 3.5\materiaux\illref-dens-02.jpg --> users.skynet.be /povfr/materiaux illref-dens-02.jpg
102.11.02 18:33 B E:\référence 3.5\materiaux\illref-facets-01.jpg --> users.skynet.be /povfr/materiaux illref-facets-01.jpg
102.11.02 18:33 B E:\référence 3.5\materiaux\illref-facets-02.jpg --> users.skynet.be /povfr/materiaux illref-facets-02.jpg
102.11.02 18:33 B E:\référence 3.5\materiaux\illref-int-01.jpg --> users.skynet.be /povfr/materiaux illref-int-01.jpg
102.11.02 18:33 B E:\référence 3.5\materiaux\illref-int-02.jpg --> users.skynet.be /povfr/materiaux illref-int-02.jpg
102.11.02 18:33 B E:\référence 3.5\materiaux\illref-int-03.jpg --> users.skynet.be /povfr/materiaux illref-int-03.jpg
102.11.02 18:33 B E:\référence 3.5\materiaux\illref-mat-pig.jpg --> users.skynet.be /povfr/materiaux illref-mat-pig.jpg
102.11.02 18:33 B E:\référence 3.5\materiaux\illref-mat-struct.png --> users.skynet.be /povfr/materiaux illref-mat-struct.png
102.11.02 18:33 B E:\référence 3.5\materiaux\illref-mat-tex-01.jpg --> users.skynet.be /povfr/materiaux illref-mat-tex-01.jpg
102.11.02 18:33 B E:\référence 3.5\materiaux\illref-mat-tex-02.jpg --> users.skynet.be /povfr/materiaux illref-mat-tex-02.jpg
102.11.02 18:33 B E:\référence 3.5\materiaux\illref-mat-tex-03.jpg --> users.skynet.be /povfr/materiaux illref-mat-tex-03.jpg
103.02.15 21:19 B E:\référence 3.5\materiaux\mat-mat-gen.htm --> users.skynet.be /povfr/materiaux mat-mat-gen.htm
103.02.15 21:19 B E:\référence 3.5\materiaux\index-mat.htm --> users.skynet.be /povfr/materiaux index-mat.htm
103.02.15 21:19 B E:\référence 3.5\materiaux\mat-int-ior.htm --> users.skynet.be /povfr/materiaux mat-int-ior.htm
103.02.15 21:19 B E:\référence 3.5\materiaux\fake-caust.jpg --> users.skynet.be /povfr/materiaux fake-caust.jpg
103.02.15 21:19 B E:\référence 3.5\materiaux\mat-med-dis.htm --> users.skynet.be /povfr/materiaux mat-med-dis.htm
103.02.15 21:19 B E:\référence 3.5\materiaux\mat-med-sca.htm --> users.skynet.be /povfr/materiaux mat-med-sca.htm
103.02.15 21:19 B E:\référence 3.5\materiaux\illref-mat-med-01.jpg --> users.skynet.be /povfr/materiaux illref-mat-med-01.jpg
103.02.15 21:19 B E:\référence 3.5\materiaux\mat-med-den.htm --> users.skynet.be /povfr/materiaux mat-med-den.htm
103.02.15 21:19 B E:\référence 3.5\materiaux\mat-med-sam.htm --> users.skynet.be /povfr/materiaux mat-med-sam.htm
103.02.15 21:19 B E:\référence 3.5\materiaux\illref-med-meth03.jpg --> users.skynet.be /povfr/materiaux illref-med-meth03.jpg
103.02.15 21:19 B E:\référence 3.5\materiaux\illref-med-meth02.jpg --> users.skynet.be /povfr/materiaux illref-med-meth02.jpg
103.02.15 21:19 B E:\référence 3.5\materiaux\illref-med-meth01.jpg --> users.skynet.be /povfr/materiaux illref-med-meth01.jpg
103.02.15 21:19 B E:\référence 3.5\materiaux\mat-med-emi.htm --> users.skynet.be /povfr/materiaux mat-med-emi.htm
103.02.15 21:19 B E:\référence 3.5\materiaux\mat-med-gen.htm --> users.skynet.be /povfr/materiaux mat-med-gen.htm
103.02.15 21:19 B E:\référence 3.5\materiaux\medemo07.jpg --> users.skynet.be /povfr/materiaux medemo07.jpg
103.02.15 21:20 B E:\référence 3.5\materiaux\medemo06.jpg --> users.skynet.be /povfr/materiaux medemo06.jpg
103.02.15 21:20 B E:\référence 3.5\materiaux\medemo05.jpg --> users.skynet.be /povfr/materiaux medemo05.jpg
103.02.15 21:20 B E:\référence 3.5\materiaux\medemo04.jpg --> users.skynet.be /povfr/materiaux medemo04.jpg
103.02.15 21:20 B E:\référence 3.5\materiaux\medemo03.jpg --> users.skynet.be /povfr/materiaux medemo03.jpg
103.02.15 21:20 B E:\référence 3.5\materiaux\medemo02.jpg --> users.skynet.be /povfr/materiaux medemo02.jpg
103.02.15 21:20 B E:\référence 3.5\materiaux\disp-5d.jpg --> users.skynet.be /povfr/materiaux disp-5d.jpg
103.02.15 21:20 B E:\référence 3.5\materiaux\disp-5c.jpg --> users.skynet.be /povfr/materiaux disp-5c.jpg
103.02.15 21:20 B E:\référence 3.5\materiaux\disp-5b.jpg --> users.skynet.be /povfr/materiaux disp-5b.jpg
103.02.15 21:20 B E:\référence 3.5\materiaux\disp-5a.jpg --> users.skynet.be /povfr/materiaux disp-5a.jpg
103.02.15 21:20 B E:\référence 3.5\materiaux\disp-4.jpg --> users.skynet.be /povfr/materiaux disp-4.jpg
103.02.15 21:20 B E:\référence 3.5\materiaux\disp-3.jpg --> users.skynet.be /povfr/materiaux disp-3.jpg
103.02.15 21:20 B E:\référence 3.5\materiaux\disp-2.jpg --> users.skynet.be /povfr/materiaux disp-2.jpg
103.02.15 21:20 B E:\référence 3.5\materiaux\disp-1.jpg --> users.skynet.be /povfr/materiaux disp-1.jpg
103.02.15 21:20 B E:\référence 3.5\materiaux\medemo01.jpg --> users.skynet.be /povfr/materiaux medemo01.jpg
103.02.15 21:20 B E:\référence 3.5\materiaux\mat-med-atm.htm --> users.skynet.be /povfr/materiaux mat-med-atm.htm
103.02.15 21:20 B E:\référence 3.5\materiaux\mat-mot-mod-war-rep.htm --> users.skynet.be /povfr/materiaux mat-mot-mod-war-rep.htm
103.02.15 21:20 B E:\référence 3.5\materiaux\mat-mot-mod-war-div.htm --> users.skynet.be /povfr/materiaux mat-mot-mod-war-div.htm
103.02.15 21:20 B E:\référence 3.5\materiaux\ws_ftp.log --> users.skynet.be /povfr/materiaux ws_ftp.log
103.02.15 21:20 B E:\référence 3.5\materiaux\mat-mot-mod-war-tur.htm --> users.skynet.be /povfr/materiaux mat-mot-mod-war-tur.htm
103.02.15 21:20 B E:\référence 3.5\materiaux\mat-mot-mod-war-xxx.htm --> users.skynet.be /povfr/materiaux mat-mot-mod-war-xxx.htm
103.02.15 21:20 B E:\référence 3.5\materiaux\mat-mot-spe-06.htm --> users.skynet.be /povfr/materiaux mat-mot-spe-06.htm
103.02.15 21:20 B E:\référence 3.5\materiaux\mat-mot-ix.htm --> users.skynet.be /povfr/materiaux mat-mot-ix.htm
103.02.15 21:20 B E:\référence 3.5\materiaux\illref-facets-02.jpg --> users.skynet.be /povfr/materiaux illref-facets-02.jpg
103.02.15 21:20 B E:\référence 3.5\materiaux\illref-facets-01.jpg --> users.skynet.be /povfr/materiaux illref-facets-01.jpg
103.02.15 21:20 B E:\référence 3.5\materiaux\illref-slope-02.jpg --> users.skynet.be /povfr/materiaux illref-slope-02.jpg
103.02.15 21:20 B E:\référence 3.5\materiaux\mat-mot-spe-05.htm --> users.skynet.be /povfr/materiaux mat-mot-spe-05.htm
103.02.15 21:20 B E:\référence 3.5\materiaux\mat-int-fad.htm --> users.skynet.be /povfr/materiaux mat-int-fad.htm
103.02.15 21:20 B E:\référence 3.5\materiaux\illref-int-03.jpg --> users.skynet.be /povfr/materiaux illref-int-03.jpg
103.02.15 21:20 B E:\référence 3.5\materiaux\illref-int-02.jpg --> users.skynet.be /povfr/materiaux illref-int-02.jpg
103.02.15 21:20 B E:\référence 3.5\materiaux\illref-int-01.jpg --> users.skynet.be /povfr/materiaux illref-int-01.jpg
103.02.15 21:20 B E:\référence 3.5\materiaux\mat-int-gen.htm --> users.skynet.be /povfr/materiaux mat-int-gen.htm
103.02.15 21:20 B E:\référence 3.5\materiaux\illref-slope-01.jpg --> users.skynet.be /povfr/materiaux illref-slope-01.jpg
103.02.15 21:20 B E:\référence 3.5\materiaux\mat-mot-spe-04.htm --> users.skynet.be /povfr/materiaux mat-mot-spe-04.htm
103.02.15 21:20 B E:\référence 3.5\materiaux\mat-mot-mod-wav.htm --> users.skynet.be /povfr/materiaux mat-mot-mod-wav.htm
103.02.15 21:20 B E:\référence 3.5\materiaux\mat-mot-mod.htm --> users.skynet.be /povfr/materiaux mat-mot-mod.htm
103.02.15 21:20 B E:\référence 3.5\materiaux\tx-sp-09.png --> users.skynet.be /povfr/materiaux tx-sp-09.png
103.02.15 21:20 B E:\référence 3.5\materiaux\mat-interior.htm --> users.skynet.be /povfr/materiaux mat-interior.htm
103.02.15 21:20 B E:\référence 3.5\materiaux\mat-tex-gen.htm --> users.skynet.be /povfr/materiaux mat-tex-gen.htm
103.02.15 21:20 B E:\référence 3.5\materiaux\illref-mat-tex-04.jpg --> users.skynet.be /povfr/materiaux illref-mat-tex-04.jpg
103.02.15 21:20 B E:\référence 3.5\materiaux\illref-mat-tex-03.jpg --> users.skynet.be /povfr/materiaux illref-mat-tex-03.jpg
103.02.15 21:20 B E:\référence 3.5\materiaux\illref-mat-tex-02.jpg --> users.skynet.be /povfr/materiaux illref-mat-tex-02.jpg
103.02.15 21:20 B E:\référence 3.5\materiaux\illref-mat-tex-01.jpg --> users.skynet.be /povfr/materiaux illref-mat-tex-01.jpg
103.02.15 21:20 B E:\référence 3.5\materiaux\mat-fin-spe.htm --> users.skynet.be /povfr/materiaux mat-fin-spe.htm
103.02.15 21:20 B E:\référence 3.5\materiaux\mat-fin-gen.htm --> users.skynet.be /povfr/materiaux mat-fin-gen.htm
103.02.15 21:20 B E:\référence 3.5\materiaux\mat-mot-fra.htm --> users.skynet.be /povfr/materiaux mat-mot-fra.htm
103.02.15 21:20 B E:\référence 3.5\materiaux\illref-mot-magnet-01.jpg --> users.skynet.be /povfr/materiaux illref-mot-magnet-01.jpg
103.02.15 21:20 B E:\référence 3.5\materiaux\illref-mot-julia-01.jpg --> users.skynet.be /povfr/materiaux illref-mot-julia-01.jpg
103.02.15 21:20 B E:\référence 3.5\materiaux\illref-mot-mandel-08.jpg --> users.skynet.be /povfr/materiaux illref-mot-mandel-08.jpg
103.02.15 21:20 B E:\référence 3.5\materiaux\illref-mot-mandel-07.jpg --> users.skynet.be /povfr/materiaux illref-mot-mandel-07.jpg
103.02.15 21:20 B E:\référence 3.5\materiaux\illref-mot-mandel-06.jpg --> users.skynet.be /povfr/materiaux illref-mot-mandel-06.jpg
103.02.15 21:20 B E:\référence 3.5\materiaux\illref-mot-mandel-05.jpg --> users.skynet.be /povfr/materiaux illref-mot-mandel-05.jpg
103.02.15 21:20 B E:\référence 3.5\materiaux\illref-mot-mandel-04.jpg --> users.skynet.be /povfr/materiaux illref-mot-mandel-04.jpg
103.02.15 21:20 B E:\référence 3.5\materiaux\illref-mot-mandel-03.jpg --> users.skynet.be /povfr/materiaux illref-mot-mandel-03.jpg
103.02.15 21:20 B E:\référence 3.5\materiaux\illref-mot-mandel-02.jpg --> users.skynet.be /povfr/materiaux illref-mot-mandel-02.jpg
103.02.15 21:20 B E:\référence 3.5\materiaux\illref-mot-mandel-01.jpg --> users.skynet.be /povfr/materiaux illref-mot-mandel-01.jpg
103.02.15 21:20 B E:\référence 3.5\materiaux\mat-nor-mod.htm --> users.skynet.be /povfr/materiaux mat-nor-mod.htm
103.02.15 21:20 B E:\référence 3.5\materiaux\mat-nor-gen.htm --> users.skynet.be /povfr/materiaux mat-nor-gen.htm
103.02.15 21:20 B E:\référence 3.5\materiaux\mat-pig-gen.htm --> users.skynet.be /povfr/materiaux mat-pig-gen.htm
103.02.15 21:20 B E:\référence 3.5\materiaux\illref-mat-pig.jpg --> users.skynet.be /povfr/materiaux illref-mat-pig.jpg
103.02.15 21:20 B E:\référence 3.5\materiaux\tx-sp-39.jpg --> users.skynet.be /povfr/materiaux tx-sp-39.jpg
103.02.15 21:20 B E:\référence 3.5\materiaux\tx-sp-38.jpg --> users.skynet.be /povfr/materiaux tx-sp-38.jpg
103.02.15 21:20 B E:\référence 3.5\materiaux\mat-mot-spe-03.htm --> users.skynet.be /povfr/materiaux mat-mot-spe-03.htm
103.02.15 21:20 B E:\référence 3.5\materiaux\mat-mot-lis.htm --> users.skynet.be /povfr/materiaux mat-mot-lis.htm
103.02.15 21:20 B E:\référence 3.5\materiaux\natmap.jpg --> users.skynet.be /povfr/materiaux natmap.jpg
103.02.15 21:20 B E:\référence 3.5\materiaux\maptype5.jpg --> users.skynet.be /povfr/materiaux maptype5.jpg
103.02.15 21:20 B E:\référence 3.5\materiaux\maptype2.jpg --> users.skynet.be /povfr/materiaux maptype2.jpg
103.02.15 21:20 B E:\référence 3.5\materiaux\maptype1.jpg --> users.skynet.be /povfr/materiaux maptype1.jpg
103.02.15 21:20 B E:\référence 3.5\materiaux\maptype0.jpg --> users.skynet.be /povfr/materiaux maptype0.jpg
103.02.15 21:20 B E:\référence 3.5\materiaux\interp4.jpg --> users.skynet.be /povfr/materiaux interp4.jpg
103.02.15 21:20 B E:\référence 3.5\materiaux\interp2.jpg --> users.skynet.be /povfr/materiaux interp2.jpg
103.02.15 21:20 B E:\référence 3.5\materiaux\mat-mot-spe-02.htm --> users.skynet.be /povfr/materiaux mat-mot-spe-02.htm
103.02.15 21:20 B E:\référence 3.5\materiaux\tx-sp-37.jpg --> users.skynet.be /povfr/materiaux tx-sp-37.jpg
103.02.15 21:20 B E:\référence 3.5\materiaux\tx-sp-36.jpg --> users.skynet.be /povfr/materiaux tx-sp-36.jpg
103.02.15 21:20 B E:\référence 3.5\materiaux\tx-sp-35.jpg --> users.skynet.be /povfr/materiaux tx-sp-35.jpg
103.02.15 21:20 B E:\référence 3.5\materiaux\tx-sp-34.jpg --> users.skynet.be /povfr/materiaux tx-sp-34.jpg
103.02.15 21:20 B E:\référence 3.5\materiaux\mat-mot-spe-01.htm --> users.skynet.be /povfr/materiaux mat-mot-spe-01.htm
103.02.15 21:20 B E:\référence 3.5\materiaux\preview.pix --> users.skynet.be /povfr/materiaux preview.pix
103.02.15 21:20 B E:\référence 3.5\materiaux\illref-dens-02.jpg --> users.skynet.be /povfr/materiaux illref-dens-02.jpg
103.02.15 21:20 B E:\référence 3.5\materiaux\illref-dens-01.jpg --> users.skynet.be /povfr/materiaux illref-dens-01.jpg
103.02.15 21:20 B E:\référence 3.5\materiaux\tx-sp-33.jpg --> users.skynet.be /povfr/materiaux tx-sp-33.jpg
103.02.15 21:20 B E:\référence 3.5\materiaux\illref-cerv02.jpg --> users.skynet.be /povfr/materiaux illref-cerv02.jpg
103.02.15 21:20 B E:\référence 3.5\materiaux\illref-cerv01.jpg --> users.skynet.be /povfr/materiaux illref-cerv01.jpg
103.02.15 21:20 B E:\référence 3.5\materiaux\mat-mot-med.htm --> users.skynet.be /povfr/materiaux mat-mot-med.htm
103.02.15 21:20 B E:\référence 3.5\materiaux\mat-mot-geo-02.htm --> users.skynet.be /povfr/materiaux mat-mot-geo-02.htm
103.02.15 21:20 B E:\référence 3.5\materiaux\mat-mot-geo-01.htm --> users.skynet.be /povfr/materiaux mat-mot-geo-01.htm
103.02.15 21:20 B E:\référence 3.5\materiaux\mat-mot-bru-02.htm --> users.skynet.be /povfr/materiaux mat-mot-bru-02.htm
103.02.15 21:20 B E:\référence 3.5\materiaux\mat-mot-bru-01.htm --> users.skynet.be /povfr/materiaux mat-mot-bru-01.htm
103.02.15 21:20 B E:\référence 3.5\materiaux\mat-struct.htm --> users.skynet.be /povfr/materiaux mat-struct.htm
103.02.15 21:20 B E:\référence 3.5\materiaux\tx-sp-32.jpg --> users.skynet.be /povfr/materiaux tx-sp-32.jpg
103.02.15 21:20 B E:\référence 3.5\materiaux\tx-sp-31.jpg --> users.skynet.be /povfr/materiaux tx-sp-31.jpg
103.02.15 21:20 B E:\référence 3.5\materiaux\mat-coul-02.htm --> users.skynet.be /povfr/materiaux mat-coul-02.htm
103.02.15 21:20 B E:\référence 3.5\materiaux\mat-coul-01.htm --> users.skynet.be /povfr/materiaux mat-coul-01.htm
103.02.15 21:20 B E:\référence 3.5\materiaux\filtran02.jpg --> users.skynet.be /povfr/materiaux filtran02.jpg
103.02.15 21:20 B E:\référence 3.5\materiaux\filtran01.jpg --> users.skynet.be /povfr/materiaux filtran01.jpg
103.02.15 21:20 B E:\référence 3.5\materiaux\illref-mat-struct.png --> users.skynet.be /povfr/materiaux illref-mat-struct.png
103.02.15 21:20 B E:\référence 3.5\materiaux\tx-sp-09.jpg --> users.skynet.be /povfr/materiaux tx-sp-09.jpg
103.02.15 21:20 B E:\référence 3.5\materiaux\tx-sp-30.jpg --> users.skynet.be /povfr/materiaux tx-sp-30.jpg
103.02.15 21:20 B E:\référence 3.5\materiaux\tx-sp-29.jpg --> users.skynet.be /povfr/materiaux tx-sp-29.jpg
103.02.15 21:20 B E:\référence 3.5\materiaux\tx-sp-24.jpg --> users.skynet.be /povfr/materiaux tx-sp-24.jpg
103.02.15 21:20 B E:\référence 3.5\materiaux\tx-sp-21.jpg --> users.skynet.be /povfr/materiaux tx-sp-21.jpg
103.02.15 21:20 B E:\référence 3.5\materiaux\tx-sp-20.jpg --> users.skynet.be /povfr/materiaux tx-sp-20.jpg
103.02.15 21:21 B E:\référence 3.5\materiaux\qlt-ctrl.png --> users.skynet.be /povfr/materiaux qlt-ctrl.png
103.02.15 21:21 B E:\référence 3.5\materiaux\tx-sp-28.jpg --> users.skynet.be /povfr/materiaux tx-sp-28.jpg
103.02.15 21:21 B E:\référence 3.5\materiaux\omega4.jpg --> users.skynet.be /povfr/materiaux omega4.jpg
103.02.15 21:21 B E:\référence 3.5\materiaux\omega3.jpg --> users.skynet.be /povfr/materiaux omega3.jpg
103.02.15 21:21 B E:\référence 3.5\materiaux\omega2.jpg --> users.skynet.be /povfr/materiaux omega2.jpg
103.02.15 21:21 B E:\référence 3.5\materiaux\omega1.jpg --> users.skynet.be /povfr/materiaux omega1.jpg
103.02.15 21:21 B E:\référence 3.5\materiaux\octaves4.jpg --> users.skynet.be /povfr/materiaux octaves4.jpg
103.02.15 21:21 B E:\référence 3.5\materiaux\octaves3.jpg --> users.skynet.be /povfr/materiaux octaves3.jpg
103.02.15 21:21 B E:\référence 3.5\materiaux\octaves2.jpg --> users.skynet.be /povfr/materiaux octaves2.jpg
103.02.15 21:21 B E:\référence 3.5\materiaux\octaves1.jpg --> users.skynet.be /povfr/materiaux octaves1.jpg
103.02.15 21:21 B E:\référence 3.5\materiaux\lambda4.jpg --> users.skynet.be /povfr/materiaux lambda4.jpg
103.02.15 21:21 B E:\référence 3.5\materiaux\lambda3.jpg --> users.skynet.be /povfr/materiaux lambda3.jpg
103.02.15 21:21 B E:\référence 3.5\materiaux\lambda2.jpg --> users.skynet.be /povfr/materiaux lambda2.jpg
103.02.15 21:21 B E:\référence 3.5\materiaux\lambda1.jpg --> users.skynet.be /povfr/materiaux lambda1.jpg
103.02.15 21:21 B E:\référence 3.5\materiaux\tx-sp-object.jpg --> users.skynet.be /povfr/materiaux tx-sp-object.jpg
103.02.15 21:21 B E:\référence 3.5\materiaux\norm-expl.jpg --> users.skynet.be /povfr/materiaux norm-expl.jpg
103.02.15 21:21 B E:\référence 3.5\materiaux\norm-sl2.jpg --> users.skynet.be /povfr/materiaux norm-sl2.jpg
103.02.15 21:21 B E:\référence 3.5\materiaux\norm-sl1.jpg --> users.skynet.be /povfr/materiaux norm-sl1.jpg
103.02.15 21:21 B E:\référence 3.5\materiaux\norm-07.jpg --> users.skynet.be /povfr/materiaux norm-07.jpg
103.02.15 21:21 B E:\référence 3.5\materiaux\norm-06.jpg --> users.skynet.be /povfr/materiaux norm-06.jpg
103.02.15 21:21 B E:\référence 3.5\materiaux\shapespp.png --> users.skynet.be /povfr/materiaux shapespp.png
103.02.15 21:21 B E:\référence 3.5\materiaux\norm-05.jpg --> users.skynet.be /povfr/materiaux norm-05.jpg
103.02.15 21:21 B E:\référence 3.5\materiaux\norm-04.jpg --> users.skynet.be /povfr/materiaux norm-04.jpg
103.02.15 21:21 B E:\référence 3.5\materiaux\norm-03.jpg --> users.skynet.be /povfr/materiaux norm-03.jpg
103.02.15 21:21 B E:\référence 3.5\materiaux\norm-02.jpg --> users.skynet.be /povfr/materiaux norm-02.jpg
103.02.15 21:21 B E:\référence 3.5\materiaux\norm-01.jpg --> users.skynet.be /povfr/materiaux norm-01.jpg
103.02.15 21:21 B E:\référence 3.5\materiaux\norm-00.jpg --> users.skynet.be /povfr/materiaux norm-00.jpg
103.02.15 21:21 B E:\référence 3.5\materiaux\wav06.jpg --> users.skynet.be /povfr/materiaux wav06.jpg
103.02.15 21:21 B E:\référence 3.5\materiaux\wav05.jpg --> users.skynet.be /povfr/materiaux wav05.jpg
103.02.15 21:21 B E:\référence 3.5\materiaux\wav04.jpg --> users.skynet.be /povfr/materiaux wav04.jpg
103.02.15 21:21 B E:\référence 3.5\materiaux\wav03.jpg --> users.skynet.be /povfr/materiaux wav03.jpg
103.02.15 21:21 B E:\référence 3.5\materiaux\wav02.jpg --> users.skynet.be /povfr/materiaux wav02.jpg
103.02.15 21:21 B E:\référence 3.5\materiaux\wav01.jpg --> users.skynet.be /povfr/materiaux wav01.jpg
103.02.15 21:21 B E:\référence 3.5\materiaux\fi-09.jpg --> users.skynet.be /povfr/materiaux fi-09.jpg
103.02.15 21:21 B E:\référence 3.5\materiaux\fi-04.jpg --> users.skynet.be /povfr/materiaux fi-04.jpg
103.02.15 21:21 B E:\référence 3.5\materiaux\fi-08.jpg --> users.skynet.be /povfr/materiaux fi-08.jpg
103.02.15 21:21 B E:\référence 3.5\materiaux\fi-07.jpg --> users.skynet.be /povfr/materiaux fi-07.jpg
103.02.15 21:21 B E:\référence 3.5\materiaux\fi-06.jpg --> users.skynet.be /povfr/materiaux fi-06.jpg
103.02.15 21:21 B E:\référence 3.5\materiaux\fi-05.jpg --> users.skynet.be /povfr/materiaux fi-05.jpg
103.02.15 21:21 B E:\référence 3.5\materiaux\fi-03.jpg --> users.skynet.be /povfr/materiaux fi-03.jpg
103.02.15 21:21 B E:\référence 3.5\materiaux\fi-02.jpg --> users.skynet.be /povfr/materiaux fi-02.jpg
103.02.15 21:21 B E:\référence 3.5\materiaux\fi-01.jpg --> users.skynet.be /povfr/materiaux fi-01.jpg
103.02.15 21:21 B E:\référence 3.5\materiaux\tx-sp-27.jpg --> users.skynet.be /povfr/materiaux tx-sp-27.jpg
103.02.15 21:21 B E:\référence 3.5\materiaux\tx-sp-26.jpg --> users.skynet.be /povfr/materiaux tx-sp-26.jpg
103.02.15 21:21 B E:\référence 3.5\materiaux\tx-sp-02.jpg --> users.skynet.be /povfr/materiaux tx-sp-02.jpg
103.02.15 21:21 B E:\référence 3.5\materiaux\tx-sp-25.jpg --> users.skynet.be /povfr/materiaux tx-sp-25.jpg
103.02.15 21:21 B E:\référence 3.5\materiaux\tx-sp-23.jpg --> users.skynet.be /povfr/materiaux tx-sp-23.jpg
103.02.15 21:21 B E:\référence 3.5\materiaux\tx-sp-22.jpg --> users.skynet.be /povfr/materiaux tx-sp-22.jpg
103.02.15 21:21 B E:\référence 3.5\materiaux\tx-sp-19.jpg --> users.skynet.be /povfr/materiaux tx-sp-19.jpg
103.02.15 21:21 B E:\référence 3.5\materiaux\tx-sp-18.jpg --> users.skynet.be /povfr/materiaux tx-sp-18.jpg
103.02.15 21:21 B E:\référence 3.5\materiaux\tx-sp-17.jpg --> users.skynet.be /povfr/materiaux tx-sp-17.jpg
103.02.15 21:21 B E:\référence 3.5\materiaux\tx-sp-16.jpg --> users.skynet.be /povfr/materiaux tx-sp-16.jpg
103.02.15 21:21 B E:\référence 3.5\materiaux\tx-sp-15.jpg --> users.skynet.be /povfr/materiaux tx-sp-15.jpg
103.02.15 21:21 B E:\référence 3.5\materiaux\tx-sp-14.jpg --> users.skynet.be /povfr/materiaux tx-sp-14.jpg
103.02.15 21:21 B E:\référence 3.5\materiaux\tx-sp-13.jpg --> users.skynet.be /povfr/materiaux tx-sp-13.jpg
103.02.15 21:21 B E:\référence 3.5\materiaux\tx-sp-12.jpg --> users.skynet.be /povfr/materiaux tx-sp-12.jpg
103.02.15 21:21 B E:\référence 3.5\materiaux\tx-sp-11.jpg --> users.skynet.be /povfr/materiaux tx-sp-11.jpg
103.02.15 21:21 B E:\référence 3.5\materiaux\tx-sp-10.jpg --> users.skynet.be /povfr/materiaux tx-sp-10.jpg
103.02.15 21:21 B E:\référence 3.5\materiaux\tx-sp-08.jpg --> users.skynet.be /povfr/materiaux tx-sp-08.jpg
103.02.15 21:21 B E:\référence 3.5\materiaux\tx-sp-07.jpg --> users.skynet.be /povfr/materiaux tx-sp-07.jpg
103.02.15 21:21 B E:\référence 3.5\materiaux\tx-sp-06.jpg --> users.skynet.be /povfr/materiaux tx-sp-06.jpg
103.02.15 21:21 B E:\référence 3.5\materiaux\tx-sp-05.jpg --> users.skynet.be /povfr/materiaux tx-sp-05.jpg
103.02.15 21:21 B E:\référence 3.5\materiaux\tx-sp-04.jpg --> users.skynet.be /povfr/materiaux tx-sp-04.jpg
103.02.15 21:21 B E:\référence 3.5\materiaux\tx-sp-03.jpg --> users.skynet.be /povfr/materiaux tx-sp-03.jpg
103.02.15 21:21 B E:\référence 3.5\materiaux\tx-sp-01.jpg --> users.skynet.be /povfr/materiaux tx-sp-01.jpg
103.02.15 21:21 B E:\référence 3.5\materiaux\filtran03.jpg --> users.skynet.be /povfr/materiaux filtran03.jpg
103.11.10 19:15 B E:\référence 3.5\materiaux\disp-1.jpg --> users.skynet.be /povfr/materiaux disp-1.jpg
103.11.10 19:15 B E:\référence 3.5\materiaux\disp-2.jpg --> users.skynet.be /povfr/materiaux disp-2.jpg
103.11.10 19:15 B E:\référence 3.5\materiaux\disp-3.jpg --> users.skynet.be /povfr/materiaux disp-3.jpg
103.11.10 19:15 B E:\référence 3.5\materiaux\disp-4.jpg --> users.skynet.be /povfr/materiaux disp-4.jpg
103.11.10 19:15 B E:\référence 3.5\materiaux\disp-5a.jpg --> users.skynet.be /povfr/materiaux disp-5a.jpg
103.11.10 19:15 B E:\référence 3.5\materiaux\disp-5b.jpg --> users.skynet.be /povfr/materiaux disp-5b.jpg
103.11.10 19:15 B E:\référence 3.5\materiaux\disp-5c.jpg --> users.skynet.be /povfr/materiaux disp-5c.jpg
103.11.10 19:15 B E:\référence 3.5\materiaux\disp-5d.jpg --> users.skynet.be /povfr/materiaux disp-5d.jpg
103.11.10 19:15 B E:\référence 3.5\materiaux\fake-caust.jpg --> users.skynet.be /povfr/materiaux fake-caust.jpg
103.11.10 19:15 B E:\référence 3.5\materiaux\fi-01.jpg --> users.skynet.be /povfr/materiaux fi-01.jpg
103.11.10 19:15 B E:\référence 3.5\materiaux\fi-02.jpg --> users.skynet.be /povfr/materiaux fi-02.jpg
103.11.10 19:15 B E:\référence 3.5\materiaux\fi-03.jpg --> users.skynet.be /povfr/materiaux fi-03.jpg
103.11.10 19:16 B E:\référence 3.5\materiaux\fi-04.jpg --> users.skynet.be /povfr/materiaux fi-04.jpg
103.11.10 19:16 B E:\référence 3.5\materiaux\fi-05.jpg --> users.skynet.be /povfr/materiaux fi-05.jpg
103.11.10 19:16 B E:\référence 3.5\materiaux\fi-06.jpg --> users.skynet.be /povfr/materiaux fi-06.jpg
103.11.10 19:16 B E:\référence 3.5\materiaux\fi-07.jpg --> users.skynet.be /povfr/materiaux fi-07.jpg
103.11.10 19:16 B E:\référence 3.5\materiaux\fi-08.jpg --> users.skynet.be /povfr/materiaux fi-08.jpg
103.11.10 19:16 B E:\référence 3.5\materiaux\fi-09.jpg --> users.skynet.be /povfr/materiaux fi-09.jpg
103.11.10 19:16 B E:\référence 3.5\materiaux\filtran01.jpg --> users.skynet.be /povfr/materiaux filtran01.jpg
103.11.10 19:16 B E:\référence 3.5\materiaux\filtran02.jpg --> users.skynet.be /povfr/materiaux filtran02.jpg
103.11.10 19:16 B E:\référence 3.5\materiaux\filtran03.jpg --> users.skynet.be /povfr/materiaux filtran03.jpg
103.11.10 19:16 B E:\référence 3.5\materiaux\illref-cerv01.jpg --> users.skynet.be /povfr/materiaux illref-cerv01.jpg
103.11.10 19:16 B E:\référence 3.5\materiaux\illref-cerv02.jpg --> users.skynet.be /povfr/materiaux illref-cerv02.jpg
103.11.10 19:16 B E:\référence 3.5\materiaux\illref-dens-01.jpg --> users.skynet.be /povfr/materiaux illref-dens-01.jpg
103.11.10 19:16 B E:\référence 3.5\materiaux\illref-dens-02.jpg --> users.skynet.be /povfr/materiaux illref-dens-02.jpg
103.11.10 19:16 B E:\référence 3.5\materiaux\illref-facets-01.jpg --> users.skynet.be /povfr/materiaux illref-facets-01.jpg
103.11.10 19:16 B E:\référence 3.5\materiaux\illref-facets-02.jpg --> users.skynet.be /povfr/materiaux illref-facets-02.jpg
103.11.10 19:16 B E:\référence 3.5\materiaux\illref-int-01.jpg --> users.skynet.be /povfr/materiaux illref-int-01.jpg
103.11.10 19:16 B E:\référence 3.5\materiaux\illref-int-02.jpg --> users.skynet.be /povfr/materiaux illref-int-02.jpg
103.11.10 19:16 B E:\référence 3.5\materiaux\illref-int-03.jpg --> users.skynet.be /povfr/materiaux illref-int-03.jpg
103.11.10 19:16 B E:\référence 3.5\materiaux\illref-mat-med-01.jpg --> users.skynet.be /povfr/materiaux illref-mat-med-01.jpg
103.11.10 19:16 B E:\référence 3.5\materiaux\illref-mat-pig.jpg --> users.skynet.be /povfr/materiaux illref-mat-pig.jpg
103.11.10 19:16 B E:\référence 3.5\materiaux\illref-mat-struct.png --> users.skynet.be /povfr/materiaux illref-mat-struct.png
103.11.10 19:16 B E:\référence 3.5\materiaux\illref-mat-tex-01.jpg --> users.skynet.be /povfr/materiaux illref-mat-tex-01.jpg
103.11.10 19:16 B E:\référence 3.5\materiaux\illref-mat-tex-02.jpg --> users.skynet.be /povfr/materiaux illref-mat-tex-02.jpg
103.11.10 19:16 B E:\référence 3.5\materiaux\illref-mat-tex-03.jpg --> users.skynet.be /povfr/materiaux illref-mat-tex-03.jpg
103.11.10 19:16 B E:\référence 3.5\materiaux\illref-mat-tex-04.jpg --> users.skynet.be /povfr/materiaux illref-mat-tex-04.jpg
103.11.10 19:16 B E:\référence 3.5\materiaux\illref-med-meth01.jpg --> users.skynet.be /povfr/materiaux illref-med-meth01.jpg
103.11.10 19:16 B E:\référence 3.5\materiaux\illref-med-meth02.jpg --> users.skynet.be /povfr/materiaux illref-med-meth02.jpg
103.11.10 19:16 B E:\référence 3.5\materiaux\illref-med-meth03.jpg --> users.skynet.be /povfr/materiaux illref-med-meth03.jpg
103.11.10 19:16 B E:\référence 3.5\materiaux\illref-mot-julia-01.jpg --> users.skynet.be /povfr/materiaux illref-mot-julia-01.jpg
103.11.10 19:16 B E:\référence 3.5\materiaux\illref-mot-magnet-01.jpg --> users.skynet.be /povfr/materiaux illref-mot-magnet-01.jpg
103.11.10 19:16 B E:\référence 3.5\materiaux\illref-mot-mandel-01.jpg --> users.skynet.be /povfr/materiaux illref-mot-mandel-01.jpg
103.11.10 19:16 B E:\référence 3.5\materiaux\illref-mot-mandel-02.jpg --> users.skynet.be /povfr/materiaux illref-mot-mandel-02.jpg
103.11.10 19:16 B E:\référence 3.5\materiaux\illref-mot-mandel-03.jpg --> users.skynet.be /povfr/materiaux illref-mot-mandel-03.jpg
103.11.10 19:16 B E:\référence 3.5\materiaux\illref-mot-mandel-04.jpg --> users.skynet.be /povfr/materiaux illref-mot-mandel-04.jpg
103.11.10 19:16 B E:\référence 3.5\materiaux\illref-mot-mandel-05.jpg --> users.skynet.be /povfr/materiaux illref-mot-mandel-05.jpg
103.11.10 19:16 B E:\référence 3.5\materiaux\illref-mot-mandel-06.jpg --> users.skynet.be /povfr/materiaux illref-mot-mandel-06.jpg
103.11.10 19:16 B E:\référence 3.5\materiaux\illref-mot-mandel-07.jpg --> users.skynet.be /povfr/materiaux illref-mot-mandel-07.jpg
103.11.10 19:16 B E:\référence 3.5\materiaux\illref-mot-mandel-08.jpg --> users.skynet.be /povfr/materiaux illref-mot-mandel-08.jpg
103.11.10 19:16 B E:\référence 3.5\materiaux\illref-slope-01.jpg --> users.skynet.be /povfr/materiaux illref-slope-01.jpg
103.11.10 19:16 B E:\référence 3.5\materiaux\illref-slope-02.jpg --> users.skynet.be /povfr/materiaux illref-slope-02.jpg
103.11.10 19:16 B E:\référence 3.5\materiaux\index-mat.htm --> users.skynet.be /povfr/materiaux index-mat.htm
103.11.10 19:16 B E:\référence 3.5\materiaux\interp2.jpg --> users.skynet.be /povfr/materiaux interp2.jpg
103.11.10 19:16 B E:\référence 3.5\materiaux\interp4.jpg --> users.skynet.be /povfr/materiaux interp4.jpg
103.11.10 19:16 B E:\référence 3.5\materiaux\lambda1.jpg --> users.skynet.be /povfr/materiaux lambda1.jpg
103.11.10 19:16 B E:\référence 3.5\materiaux\lambda2.jpg --> users.skynet.be /povfr/materiaux lambda2.jpg
103.11.10 19:16 B E:\référence 3.5\materiaux\lambda3.jpg --> users.skynet.be /povfr/materiaux lambda3.jpg
103.11.10 19:16 B E:\référence 3.5\materiaux\lambda4.jpg --> users.skynet.be /povfr/materiaux lambda4.jpg
103.11.10 19:16 B E:\référence 3.5\materiaux\maptype0.jpg --> users.skynet.be /povfr/materiaux maptype0.jpg
103.11.10 19:16 B E:\référence 3.5\materiaux\maptype1.jpg --> users.skynet.be /povfr/materiaux maptype1.jpg
103.11.10 19:16 B E:\référence 3.5\materiaux\maptype2.jpg --> users.skynet.be /povfr/materiaux maptype2.jpg
103.11.10 19:16 B E:\référence 3.5\materiaux\maptype5.jpg --> users.skynet.be /povfr/materiaux maptype5.jpg
103.11.10 19:16 B E:\référence 3.5\materiaux\mat-coul-01.htm --> users.skynet.be /povfr/materiaux mat-coul-01.htm
103.11.10 19:16 B E:\référence 3.5\materiaux\mat-coul-02.htm --> users.skynet.be /povfr/materiaux mat-coul-02.htm
103.11.10 19:16 B E:\référence 3.5\materiaux\mat-fin-gen.htm --> users.skynet.be /povfr/materiaux mat-fin-gen.htm
103.11.10 19:16 B E:\référence 3.5\materiaux\mat-fin-spe.htm --> users.skynet.be /povfr/materiaux mat-fin-spe.htm
103.11.10 19:16 B E:\référence 3.5\materiaux\mat-int-fad.htm --> users.skynet.be /povfr/materiaux mat-int-fad.htm
103.11.10 19:16 B E:\référence 3.5\materiaux\mat-int-gen.htm --> users.skynet.be /povfr/materiaux mat-int-gen.htm
103.11.10 19:16 B E:\référence 3.5\materiaux\mat-int-ior.htm --> users.skynet.be /povfr/materiaux mat-int-ior.htm
103.11.10 19:16 B E:\référence 3.5\materiaux\mat-interior.htm --> users.skynet.be /povfr/materiaux mat-interior.htm
103.11.10 19:16 B E:\référence 3.5\materiaux\mat-mat-gen.htm --> users.skynet.be /povfr/materiaux mat-mat-gen.htm
103.11.10 19:16 B E:\référence 3.5\materiaux\mat-med-atm.htm --> users.skynet.be /povfr/materiaux mat-med-atm.htm
103.11.10 19:16 B E:\référence 3.5\materiaux\mat-med-den.htm --> users.skynet.be /povfr/materiaux mat-med-den.htm
103.11.10 19:16 B E:\référence 3.5\materiaux\mat-med-dis.htm --> users.skynet.be /povfr/materiaux mat-med-dis.htm
103.11.10 19:16 B E:\référence 3.5\materiaux\mat-med-emi.htm --> users.skynet.be /povfr/materiaux mat-med-emi.htm
103.11.10 19:16 B E:\référence 3.5\materiaux\mat-med-gen.htm --> users.skynet.be /povfr/materiaux mat-med-gen.htm
103.11.10 19:16 B E:\référence 3.5\materiaux\mat-med-sam.htm --> users.skynet.be /povfr/materiaux mat-med-sam.htm
103.11.10 19:16 B E:\référence 3.5\materiaux\mat-med-sca.htm --> users.skynet.be /povfr/materiaux mat-med-sca.htm
103.11.10 19:16 B E:\référence 3.5\materiaux\mat-mot-bru-01.htm --> users.skynet.be /povfr/materiaux mat-mot-bru-01.htm
103.11.10 19:16 B E:\référence 3.5\materiaux\mat-mot-bru-02.htm --> users.skynet.be /povfr/materiaux mat-mot-bru-02.htm
103.11.10 19:16 B E:\référence 3.5\materiaux\mat-mot-fra.htm --> users.skynet.be /povfr/materiaux mat-mot-fra.htm
103.11.10 19:16 B E:\référence 3.5\materiaux\mat-mot-geo-01.htm --> users.skynet.be /povfr/materiaux mat-mot-geo-01.htm
103.11.10 19:16 B E:\référence 3.5\materiaux\mat-mot-geo-02.htm --> users.skynet.be /povfr/materiaux mat-mot-geo-02.htm
103.11.10 19:16 B E:\référence 3.5\materiaux\mat-mot-ix.htm --> users.skynet.be /povfr/materiaux mat-mot-ix.htm
103.11.10 19:16 B E:\référence 3.5\materiaux\mat-mot-lis.htm --> users.skynet.be /povfr/materiaux mat-mot-lis.htm
103.11.10 19:16 B E:\référence 3.5\materiaux\mat-mot-med.htm --> users.skynet.be /povfr/materiaux mat-mot-med.htm
103.11.10 19:16 B E:\référence 3.5\materiaux\mat-mot-mod-war-div.htm --> users.skynet.be /povfr/materiaux mat-mot-mod-war-div.htm
103.11.10 19:16 B E:\référence 3.5\materiaux\mat-mot-mod-war-rep.htm --> users.skynet.be /povfr/materiaux mat-mot-mod-war-rep.htm
103.11.10 19:16 B E:\référence 3.5\materiaux\mat-mot-mod-war-tur.htm --> users.skynet.be /povfr/materiaux mat-mot-mod-war-tur.htm
103.11.10 19:16 B E:\référence 3.5\materiaux\mat-mot-mod-war-xxx.htm --> users.skynet.be /povfr/materiaux mat-mot-mod-war-xxx.htm
103.11.10 19:16 B E:\référence 3.5\materiaux\mat-mot-mod-wav.htm --> users.skynet.be /povfr/materiaux mat-mot-mod-wav.htm
103.11.10 19:16 B E:\référence 3.5\materiaux\mat-mot-mod.htm --> users.skynet.be /povfr/materiaux mat-mot-mod.htm
103.11.10 19:16 B E:\référence 3.5\materiaux\mat-mot-spe-01.htm --> users.skynet.be /povfr/materiaux mat-mot-spe-01.htm
103.11.10 19:16 B E:\référence 3.5\materiaux\mat-mot-spe-02.htm --> users.skynet.be /povfr/materiaux mat-mot-spe-02.htm
103.11.10 19:16 B E:\référence 3.5\materiaux\mat-mot-spe-03.htm --> users.skynet.be /povfr/materiaux mat-mot-spe-03.htm
103.11.10 19:16 B E:\référence 3.5\materiaux\mat-mot-spe-04.htm --> users.skynet.be /povfr/materiaux mat-mot-spe-04.htm
103.11.10 19:16 B E:\référence 3.5\materiaux\mat-mot-spe-05.htm --> users.skynet.be /povfr/materiaux mat-mot-spe-05.htm
103.11.10 19:16 B E:\référence 3.5\materiaux\mat-mot-spe-06.htm --> users.skynet.be /povfr/materiaux mat-mot-spe-06.htm
103.11.10 19:16 B E:\référence 3.5\materiaux\mat-nor-gen.htm --> users.skynet.be /povfr/materiaux mat-nor-gen.htm
103.11.10 19:16 B E:\référence 3.5\materiaux\mat-nor-mod.htm --> users.skynet.be /povfr/materiaux mat-nor-mod.htm
103.11.10 19:16 B E:\référence 3.5\materiaux\mat-pig-gen.htm --> users.skynet.be /povfr/materiaux mat-pig-gen.htm
103.11.10 19:16 B E:\référence 3.5\materiaux\mat-struct.htm --> users.skynet.be /povfr/materiaux mat-struct.htm
103.11.10 19:16 B E:\référence 3.5\materiaux\mat-tex-gen.htm --> users.skynet.be /povfr/materiaux mat-tex-gen.htm
103.11.10 19:16 B E:\référence 3.5\materiaux\medemo01.jpg --> users.skynet.be /povfr/materiaux medemo01.jpg
103.11.10 19:16 B E:\référence 3.5\materiaux\medemo02.jpg --> users.skynet.be /povfr/materiaux medemo02.jpg
103.11.10 19:16 B E:\référence 3.5\materiaux\medemo03.jpg --> users.skynet.be /povfr/materiaux medemo03.jpg
103.11.10 19:16 B E:\référence 3.5\materiaux\medemo04.jpg --> users.skynet.be /povfr/materiaux medemo04.jpg
103.11.10 19:16 B E:\référence 3.5\materiaux\medemo05.jpg --> users.skynet.be /povfr/materiaux medemo05.jpg
103.11.10 19:16 B E:\référence 3.5\materiaux\medemo06.jpg --> users.skynet.be /povfr/materiaux medemo06.jpg
103.11.10 19:16 B E:\référence 3.5\materiaux\medemo07.jpg --> users.skynet.be /povfr/materiaux medemo07.jpg
103.11.10 19:16 B E:\référence 3.5\materiaux\natmap.jpg --> users.skynet.be /povfr/materiaux natmap.jpg
103.11.10 19:16 B E:\référence 3.5\materiaux\norm-00.jpg --> users.skynet.be /povfr/materiaux norm-00.jpg
103.11.10 19:16 B E:\référence 3.5\materiaux\norm-01.jpg --> users.skynet.be /povfr/materiaux norm-01.jpg
103.11.10 19:16 B E:\référence 3.5\materiaux\norm-02.jpg --> users.skynet.be /povfr/materiaux norm-02.jpg
103.11.10 19:16 B E:\référence 3.5\materiaux\norm-03.jpg --> users.skynet.be /povfr/materiaux norm-03.jpg
103.11.10 19:16 B E:\référence 3.5\materiaux\norm-04.jpg --> users.skynet.be /povfr/materiaux norm-04.jpg
103.11.10 19:16 B E:\référence 3.5\materiaux\norm-05.jpg --> users.skynet.be /povfr/materiaux norm-05.jpg
103.11.10 19:16 B E:\référence 3.5\materiaux\norm-06.jpg --> users.skynet.be /povfr/materiaux norm-06.jpg
103.11.10 19:16 B E:\référence 3.5\materiaux\norm-07.jpg --> users.skynet.be /povfr/materiaux norm-07.jpg
103.11.10 19:16 B E:\référence 3.5\materiaux\norm-expl.jpg --> users.skynet.be /povfr/materiaux norm-expl.jpg
103.11.10 19:17 B E:\référence 3.5\materiaux\norm-sl1.jpg --> users.skynet.be /povfr/materiaux norm-sl1.jpg
103.11.10 19:17 B E:\référence 3.5\materiaux\norm-sl2.jpg --> users.skynet.be /povfr/materiaux norm-sl2.jpg
103.11.10 19:17 B E:\référence 3.5\materiaux\octaves1.jpg --> users.skynet.be /povfr/materiaux octaves1.jpg
103.11.10 19:17 B E:\référence 3.5\materiaux\octaves2.jpg --> users.skynet.be /povfr/materiaux octaves2.jpg
103.11.10 19:17 B E:\référence 3.5\materiaux\octaves3.jpg --> users.skynet.be /povfr/materiaux octaves3.jpg
103.11.10 19:17 B E:\référence 3.5\materiaux\octaves4.jpg --> users.skynet.be /povfr/materiaux octaves4.jpg
103.11.10 19:17 B E:\référence 3.5\materiaux\omega1.jpg --> users.skynet.be /povfr/materiaux omega1.jpg
103.11.10 19:17 B E:\référence 3.5\materiaux\omega2.jpg --> users.skynet.be /povfr/materiaux omega2.jpg
103.11.10 19:17 B E:\référence 3.5\materiaux\omega3.jpg --> users.skynet.be /povfr/materiaux omega3.jpg
103.11.10 19:17 B E:\référence 3.5\materiaux\omega4.jpg --> users.skynet.be /povfr/materiaux omega4.jpg
103.11.10 19:17 B E:\référence 3.5\materiaux\preview.pix --> users.skynet.be /povfr/materiaux preview.pix
103.11.10 19:17 B E:\référence 3.5\materiaux\qlt-ctrl.png --> users.skynet.be /povfr/materiaux qlt-ctrl.png
103.11.10 19:17 B E:\référence 3.5\materiaux\shapespp.png --> users.skynet.be /povfr/materiaux shapespp.png
103.11.10 19:17 B E:\référence 3.5\materiaux\tx-sp-01.jpg --> users.skynet.be /povfr/materiaux tx-sp-01.jpg
103.11.10 19:17 B E:\référence 3.5\materiaux\tx-sp-02.jpg --> users.skynet.be /povfr/materiaux tx-sp-02.jpg
103.11.10 19:17 B E:\référence 3.5\materiaux\tx-sp-03.jpg --> users.skynet.be /povfr/materiaux tx-sp-03.jpg
103.11.10 19:17 B E:\référence 3.5\materiaux\tx-sp-04.jpg --> users.skynet.be /povfr/materiaux tx-sp-04.jpg
103.11.10 19:17 B E:\référence 3.5\materiaux\tx-sp-05.jpg --> users.skynet.be /povfr/materiaux tx-sp-05.jpg
103.11.10 19:17 B E:\référence 3.5\materiaux\tx-sp-06.jpg --> users.skynet.be /povfr/materiaux tx-sp-06.jpg
103.11.10 19:17 B E:\référence 3.5\materiaux\tx-sp-07.jpg --> users.skynet.be /povfr/materiaux tx-sp-07.jpg
103.11.10 19:17 B E:\référence 3.5\materiaux\tx-sp-08.jpg --> users.skynet.be /povfr/materiaux tx-sp-08.jpg
103.11.10 19:17 B E:\référence 3.5\materiaux\tx-sp-09.jpg --> users.skynet.be /povfr/materiaux tx-sp-09.jpg
103.11.10 19:17 B E:\référence 3.5\materiaux\tx-sp-09.png --> users.skynet.be /povfr/materiaux tx-sp-09.png
103.11.10 19:17 B E:\référence 3.5\materiaux\tx-sp-10.jpg --> users.skynet.be /povfr/materiaux tx-sp-10.jpg
103.11.10 19:17 B E:\référence 3.5\materiaux\tx-sp-11.jpg --> users.skynet.be /povfr/materiaux tx-sp-11.jpg
103.11.10 19:17 B E:\référence 3.5\materiaux\tx-sp-12.jpg --> users.skynet.be /povfr/materiaux tx-sp-12.jpg
103.11.10 19:17 B E:\référence 3.5\materiaux\tx-sp-13.jpg --> users.skynet.be /povfr/materiaux tx-sp-13.jpg
103.11.10 19:17 B E:\référence 3.5\materiaux\tx-sp-14.jpg --> users.skynet.be /povfr/materiaux tx-sp-14.jpg
103.11.10 19:17 B E:\référence 3.5\materiaux\tx-sp-15.jpg --> users.skynet.be /povfr/materiaux tx-sp-15.jpg
103.11.10 19:17 B E:\référence 3.5\materiaux\tx-sp-16.jpg --> users.skynet.be /povfr/materiaux tx-sp-16.jpg
103.11.10 19:17 B E:\référence 3.5\materiaux\tx-sp-17.jpg --> users.skynet.be /povfr/materiaux tx-sp-17.jpg
103.11.10 19:17 B E:\référence 3.5\materiaux\tx-sp-18.jpg --> users.skynet.be /povfr/materiaux tx-sp-18.jpg
103.11.10 19:17 B E:\référence 3.5\materiaux\tx-sp-19.jpg --> users.skynet.be /povfr/materiaux tx-sp-19.jpg
103.11.10 19:17 B E:\référence 3.5\materiaux\tx-sp-20.jpg --> users.skynet.be /povfr/materiaux tx-sp-20.jpg
103.11.10 19:17 B E:\référence 3.5\materiaux\tx-sp-21.jpg --> users.skynet.be /povfr/materiaux tx-sp-21.jpg
103.11.10 19:17 B E:\référence 3.5\materiaux\tx-sp-22.jpg --> users.skynet.be /povfr/materiaux tx-sp-22.jpg
103.11.10 19:17 B E:\référence 3.5\materiaux\tx-sp-23.jpg --> users.skynet.be /povfr/materiaux tx-sp-23.jpg
103.11.10 19:17 B E:\référence 3.5\materiaux\tx-sp-24.jpg --> users.skynet.be /povfr/materiaux tx-sp-24.jpg
103.11.10 19:17 B E:\référence 3.5\materiaux\tx-sp-25.jpg --> users.skynet.be /povfr/materiaux tx-sp-25.jpg
103.11.10 19:17 B E:\référence 3.5\materiaux\tx-sp-26.jpg --> users.skynet.be /povfr/materiaux tx-sp-26.jpg
103.11.10 19:17 B E:\référence 3.5\materiaux\tx-sp-27.jpg --> users.skynet.be /povfr/materiaux tx-sp-27.jpg
103.11.10 19:17 B E:\référence 3.5\materiaux\tx-sp-28.jpg --> users.skynet.be /povfr/materiaux tx-sp-28.jpg
103.11.10 19:17 B E:\référence 3.5\materiaux\tx-sp-29.jpg --> users.skynet.be /povfr/materiaux tx-sp-29.jpg
103.11.10 19:17 B E:\référence 3.5\materiaux\tx-sp-30.jpg --> users.skynet.be /povfr/materiaux tx-sp-30.jpg
103.11.10 19:17 B E:\référence 3.5\materiaux\tx-sp-31.jpg --> users.skynet.be /povfr/materiaux tx-sp-31.jpg
103.11.10 19:17 B E:\référence 3.5\materiaux\tx-sp-32.jpg --> users.skynet.be /povfr/materiaux tx-sp-32.jpg
103.11.10 19:17 B E:\référence 3.5\materiaux\tx-sp-33.jpg --> users.skynet.be /povfr/materiaux tx-sp-33.jpg
103.11.10 19:17 B E:\référence 3.5\materiaux\tx-sp-34.jpg --> users.skynet.be /povfr/materiaux tx-sp-34.jpg
103.11.10 19:17 B E:\référence 3.5\materiaux\tx-sp-35.jpg --> users.skynet.be /povfr/materiaux tx-sp-35.jpg
103.11.10 19:17 B E:\référence 3.5\materiaux\tx-sp-36.jpg --> users.skynet.be /povfr/materiaux tx-sp-36.jpg
103.11.10 19:17 B E:\référence 3.5\materiaux\tx-sp-37.jpg --> users.skynet.be /povfr/materiaux tx-sp-37.jpg
103.11.10 19:17 B E:\référence 3.5\materiaux\tx-sp-38.jpg --> users.skynet.be /povfr/materiaux tx-sp-38.jpg
103.11.10 19:17 B E:\référence 3.5\materiaux\tx-sp-39.jpg --> users.skynet.be /povfr/materiaux tx-sp-39.jpg
103.11.10 19:17 B E:\référence 3.5\materiaux\tx-sp-object.jpg --> users.skynet.be /povfr/materiaux tx-sp-object.jpg
103.11.10 19:17 B E:\référence 3.5\materiaux\wav01.jpg --> users.skynet.be /povfr/materiaux wav01.jpg
103.11.10 19:17 B E:\référence 3.5\materiaux\wav02.jpg --> users.skynet.be /povfr/materiaux wav02.jpg
103.11.10 19:17 B E:\référence 3.5\materiaux\wav03.jpg --> users.skynet.be /povfr/materiaux wav03.jpg
103.11.10 19:17 B E:\référence 3.5\materiaux\wav04.jpg --> users.skynet.be /povfr/materiaux wav04.jpg
103.11.10 19:17 B E:\référence 3.5\materiaux\wav05.jpg --> users.skynet.be /povfr/materiaux wav05.jpg
103.11.10 19:17 B E:\référence 3.5\materiaux\wav06.jpg --> users.skynet.be /povfr/materiaux wav06.jpg
103.11.10 19:17 B E:\référence 3.5\materiaux\ws_ftp.log --> users.skynet.be /povfr/materiaux ws_ftp.log
