102.08.08 20:08 B E:\référence 3.5\concepts\cantor.jpg --> users.skynet.be /povfr/concepts cantor.jpg
102.08.08 20:08 B E:\référence 3.5\concepts\cpt-fract.htm --> users.skynet.be /povfr/concepts cpt-fract.htm
102.08.08 20:09 B E:\référence 3.5\concepts\cpt-gamma.htm --> users.skynet.be /povfr/concepts cpt-gamma.htm
102.08.08 20:09 B E:\référence 3.5\concepts\cpt-imgtype.htm --> users.skynet.be /povfr/concepts cpt-imgtype.htm
102.08.08 20:09 B E:\référence 3.5\concepts\cpt-raytrace.htm --> users.skynet.be /povfr/concepts cpt-raytrace.htm
102.08.08 20:09 B E:\référence 3.5\concepts\cpt-splines.htm --> users.skynet.be /povfr/concepts cpt-splines.htm
102.08.08 20:09 B E:\référence 3.5\concepts\index-cpt.htm --> users.skynet.be /povfr/concepts index-cpt.htm
102.08.08 20:09 B E:\référence 3.5\concepts\koch.jpg --> users.skynet.be /povfr/concepts koch.jpg
102.08.08 20:09 B E:\référence 3.5\concepts\plasma1.jpg --> users.skynet.be /povfr/concepts plasma1.jpg
102.08.08 20:09 B E:\référence 3.5\concepts\plasma2.jpg --> users.skynet.be /povfr/concepts plasma2.jpg
102.08.08 20:09 B E:\référence 3.5\concepts\plasma3.jpg --> users.skynet.be /povfr/concepts plasma3.jpg
102.08.08 20:09 B E:\référence 3.5\concepts\plasma4.jpg --> users.skynet.be /povfr/concepts plasma4.jpg
102.08.08 20:09 B E:\référence 3.5\concepts\plasma5.jpg --> users.skynet.be /povfr/concepts plasma5.jpg
102.08.08 20:09 B E:\référence 3.5\concepts\plasma6.jpg --> users.skynet.be /povfr/concepts plasma6.jpg
102.08.08 20:09 B E:\référence 3.5\concepts\plasma7.jpg --> users.skynet.be /povfr/concepts plasma7.jpg
102.08.08 20:09 B E:\référence 3.5\concepts\plasma8.jpg --> users.skynet.be /povfr/concepts plasma8.jpg
102.08.08 20:09 B E:\référence 3.5\concepts\pvf-gamma.gif --> users.skynet.be /povfr/concepts pvf-gamma.gif
102.08.08 20:09 B E:\référence 3.5\concepts\sierp.jpg --> users.skynet.be /povfr/concepts sierp.jpg
102.11.02 18:16 B E:\référence 3.5\concepts\index-cpt.htm --> users.skynet.be /povfr/concepts index-cpt.htm
102.11.02 18:16 B E:\référence 3.5\concepts\cpt-splines.htm --> users.skynet.be /povfr/concepts cpt-splines.htm
102.11.02 18:16 B E:\référence 3.5\concepts\ws_ftp.log --> users.skynet.be /povfr/concepts ws_ftp.log
102.11.02 18:16 B E:\référence 3.5\concepts\koch.jpg --> users.skynet.be /povfr/concepts koch.jpg
102.11.02 18:16 B E:\référence 3.5\concepts\plasma1.jpg --> users.skynet.be /povfr/concepts plasma1.jpg
102.11.02 18:16 B E:\référence 3.5\concepts\cantor.jpg --> users.skynet.be /povfr/concepts cantor.jpg
102.11.02 18:16 B E:\référence 3.5\concepts\plasma2.jpg --> users.skynet.be /povfr/concepts plasma2.jpg
102.11.02 18:16 B E:\référence 3.5\concepts\plasma3.jpg --> users.skynet.be /povfr/concepts plasma3.jpg
102.11.02 18:16 B E:\référence 3.5\concepts\pvf-gamma.gif --> users.skynet.be /povfr/concepts pvf-gamma.gif
102.11.02 18:16 B E:\référence 3.5\concepts\plasma4.jpg --> users.skynet.be /povfr/concepts plasma4.jpg
102.11.02 18:17 B E:\référence 3.5\concepts\plasma5.jpg --> users.skynet.be /povfr/concepts plasma5.jpg
102.11.02 18:17 B E:\référence 3.5\concepts\cpt-raytrace.htm --> users.skynet.be /povfr/concepts cpt-raytrace.htm
102.11.02 18:17 B E:\référence 3.5\concepts\plasma6.jpg --> users.skynet.be /povfr/concepts plasma6.jpg
102.11.02 18:17 B E:\référence 3.5\concepts\plasma7.jpg --> users.skynet.be /povfr/concepts plasma7.jpg
102.11.02 18:17 B E:\référence 3.5\concepts\plasma8.jpg --> users.skynet.be /povfr/concepts plasma8.jpg
102.11.02 18:17 B E:\référence 3.5\concepts\cpt-gamma.htm --> users.skynet.be /povfr/concepts cpt-gamma.htm
102.11.02 18:17 B E:\référence 3.5\concepts\cpt-imgtype.htm --> users.skynet.be /povfr/concepts cpt-imgtype.htm
102.11.02 18:17 B E:\référence 3.5\concepts\sierp.jpg --> users.skynet.be /povfr/concepts sierp.jpg
102.11.02 18:17 B E:\référence 3.5\concepts\cpt-fract.htm --> users.skynet.be /povfr/concepts cpt-fract.htm
102.11.02 18:22 B E:\référence 3.5\concepts\cantor.jpg --> users.skynet.be /povfr/concepts cantor.jpg
102.11.02 18:22 B E:\référence 3.5\concepts\cpt-fract.htm --> users.skynet.be /povfr/concepts cpt-fract.htm
102.11.02 18:22 B E:\référence 3.5\concepts\cpt-gamma.htm --> users.skynet.be /povfr/concepts cpt-gamma.htm
102.11.02 18:22 B E:\référence 3.5\concepts\cpt-imgtype.htm --> users.skynet.be /povfr/concepts cpt-imgtype.htm
102.11.02 18:22 B E:\référence 3.5\concepts\cpt-raytrace.htm --> users.skynet.be /povfr/concepts cpt-raytrace.htm
102.11.02 18:22 B E:\référence 3.5\concepts\cpt-splines.htm --> users.skynet.be /povfr/concepts cpt-splines.htm
102.11.02 18:22 B E:\référence 3.5\concepts\index-cpt.htm --> users.skynet.be /povfr/concepts index-cpt.htm
102.11.02 18:22 B E:\référence 3.5\concepts\koch.jpg --> users.skynet.be /povfr/concepts koch.jpg
102.11.02 18:22 B E:\référence 3.5\concepts\plasma1.jpg --> users.skynet.be /povfr/concepts plasma1.jpg
102.11.02 18:22 B E:\référence 3.5\concepts\plasma2.jpg --> users.skynet.be /povfr/concepts plasma2.jpg
102.11.02 18:22 B E:\référence 3.5\concepts\plasma3.jpg --> users.skynet.be /povfr/concepts plasma3.jpg
102.11.02 18:22 B E:\référence 3.5\concepts\plasma4.jpg --> users.skynet.be /povfr/concepts plasma4.jpg
102.11.02 18:22 B E:\référence 3.5\concepts\plasma5.jpg --> users.skynet.be /povfr/concepts plasma5.jpg
102.11.02 18:22 B E:\référence 3.5\concepts\plasma6.jpg --> users.skynet.be /povfr/concepts plasma6.jpg
102.11.02 18:22 B E:\référence 3.5\concepts\plasma7.jpg --> users.skynet.be /povfr/concepts plasma7.jpg
102.11.02 18:22 B E:\référence 3.5\concepts\plasma8.jpg --> users.skynet.be /povfr/concepts plasma8.jpg
102.11.02 18:22 B E:\référence 3.5\concepts\pvf-gamma.gif --> users.skynet.be /povfr/concepts pvf-gamma.gif
102.11.02 18:22 B E:\référence 3.5\concepts\sierp.jpg --> users.skynet.be /povfr/concepts sierp.jpg
102.11.02 18:22 B E:\référence 3.5\concepts\ws_ftp.log --> users.skynet.be /povfr/concepts ws_ftp.log
103.02.15 21:16 B E:\référence 3.5\concepts\ws_ftp.log --> users.skynet.be /povfr/concepts ws_ftp.log
103.02.15 21:16 B E:\référence 3.5\concepts\index-cpt.htm --> users.skynet.be /povfr/concepts index-cpt.htm
103.02.15 21:16 B E:\référence 3.5\concepts\cpt-gamma.htm --> users.skynet.be /povfr/concepts cpt-gamma.htm
103.02.15 21:16 B E:\référence 3.5\concepts\cpt-imgtype.htm --> users.skynet.be /povfr/concepts cpt-imgtype.htm
103.02.15 21:16 B E:\référence 3.5\concepts\cpt-raytrace.htm --> users.skynet.be /povfr/concepts cpt-raytrace.htm
103.02.15 21:16 B E:\référence 3.5\concepts\cpt-fract.htm --> users.skynet.be /povfr/concepts cpt-fract.htm
103.02.15 21:16 B E:\référence 3.5\concepts\cpt-splines.htm --> users.skynet.be /povfr/concepts cpt-splines.htm
103.02.15 21:16 B E:\référence 3.5\concepts\koch.jpg --> users.skynet.be /povfr/concepts koch.jpg
103.02.15 21:16 B E:\référence 3.5\concepts\sierp.jpg --> users.skynet.be /povfr/concepts sierp.jpg
103.02.15 21:16 B E:\référence 3.5\concepts\cantor.jpg --> users.skynet.be /povfr/concepts cantor.jpg
103.02.15 21:16 B E:\référence 3.5\concepts\plasma8.jpg --> users.skynet.be /povfr/concepts plasma8.jpg
103.02.15 21:16 B E:\référence 3.5\concepts\plasma7.jpg --> users.skynet.be /povfr/concepts plasma7.jpg
103.02.15 21:16 B E:\référence 3.5\concepts\plasma6.jpg --> users.skynet.be /povfr/concepts plasma6.jpg
103.02.15 21:16 B E:\référence 3.5\concepts\plasma5.jpg --> users.skynet.be /povfr/concepts plasma5.jpg
103.02.15 21:16 B E:\référence 3.5\concepts\plasma4.jpg --> users.skynet.be /povfr/concepts plasma4.jpg
103.02.15 21:16 B E:\référence 3.5\concepts\plasma3.jpg --> users.skynet.be /povfr/concepts plasma3.jpg
103.02.15 21:16 B E:\référence 3.5\concepts\plasma2.jpg --> users.skynet.be /povfr/concepts plasma2.jpg
103.02.15 21:16 B E:\référence 3.5\concepts\plasma1.jpg --> users.skynet.be /povfr/concepts plasma1.jpg
103.02.15 21:16 B E:\référence 3.5\concepts\pvf-gamma.gif --> users.skynet.be /povfr/concepts pvf-gamma.gif
103.11.10 19:14 B E:\référence 3.5\concepts\cantor.jpg --> users.skynet.be /povfr/concepts cantor.jpg
103.11.10 19:14 B E:\référence 3.5\concepts\cpt-fract.htm --> users.skynet.be /povfr/concepts cpt-fract.htm
103.11.10 19:14 B E:\référence 3.5\concepts\cpt-gamma.htm --> users.skynet.be /povfr/concepts cpt-gamma.htm
103.11.10 19:14 B E:\référence 3.5\concepts\cpt-illum.htm --> users.skynet.be /povfr/concepts cpt-illum.htm
103.11.10 19:14 B E:\référence 3.5\concepts\cpt-imgtype.htm --> users.skynet.be /povfr/concepts cpt-imgtype.htm
103.11.10 19:14 B E:\référence 3.5\concepts\cpt-raytrace.htm --> users.skynet.be /povfr/concepts cpt-raytrace.htm
103.11.10 19:14 B E:\référence 3.5\concepts\cpt-splines.htm --> users.skynet.be /povfr/concepts cpt-splines.htm
103.11.10 19:14 B E:\référence 3.5\concepts\index-cpt.htm --> users.skynet.be /povfr/concepts index-cpt.htm
103.11.10 19:14 B E:\référence 3.5\concepts\koch.jpg --> users.skynet.be /povfr/concepts koch.jpg
103.11.10 19:14 B E:\référence 3.5\concepts\plasma1.jpg --> users.skynet.be /povfr/concepts plasma1.jpg
103.11.10 19:14 B E:\référence 3.5\concepts\plasma2.jpg --> users.skynet.be /povfr/concepts plasma2.jpg
103.11.10 19:14 B E:\référence 3.5\concepts\plasma3.jpg --> users.skynet.be /povfr/concepts plasma3.jpg
103.11.10 19:14 B E:\référence 3.5\concepts\plasma4.jpg --> users.skynet.be /povfr/concepts plasma4.jpg
103.11.10 19:14 B E:\référence 3.5\concepts\plasma5.jpg --> users.skynet.be /povfr/concepts plasma5.jpg
103.11.10 19:14 B E:\référence 3.5\concepts\plasma6.jpg --> users.skynet.be /povfr/concepts plasma6.jpg
103.11.10 19:14 B E:\référence 3.5\concepts\plasma7.jpg --> users.skynet.be /povfr/concepts plasma7.jpg
103.11.10 19:14 B E:\référence 3.5\concepts\plasma8.jpg --> users.skynet.be /povfr/concepts plasma8.jpg
103.11.10 19:14 B E:\référence 3.5\concepts\pvf-gamma.gif --> users.skynet.be /povfr/concepts pvf-gamma.gif
103.11.10 19:14 B E:\référence 3.5\concepts\sierp.jpg --> users.skynet.be /povfr/concepts sierp.jpg
103.11.10 19:14 B E:\référence 3.5\concepts\ws_ftp.log --> users.skynet.be /povfr/concepts ws_ftp.log
103.11.10 19:14 B E:\référence 3.5\concepts\~temp00.htm --> users.skynet.be /povfr/concepts ~temp00.htm
