102.08.08 20:09 B E:\référence 3.5\espace\coord-01.jpg --> users.skynet.be /povfr/espace coord-01.jpg
102.08.08 20:09 B E:\référence 3.5\espace\coord-02.jpg --> users.skynet.be /povfr/espace coord-02.jpg
102.08.08 20:09 B E:\référence 3.5\espace\esp-coo.htm --> users.skynet.be /povfr/espace esp-coo.htm
102.08.08 20:09 B E:\référence 3.5\espace\esp-mat.htm --> users.skynet.be /povfr/espace esp-mat.htm
102.08.08 20:09 B E:\référence 3.5\espace\esp-srt.htm --> users.skynet.be /povfr/espace esp-srt.htm
102.08.08 20:09 B E:\référence 3.5\espace\index-esp.htm --> users.skynet.be /povfr/espace index-esp.htm
102.08.08 20:09 B E:\référence 3.5\espace\maind.jpg --> users.skynet.be /povfr/espace maind.jpg
102.08.08 20:09 B E:\référence 3.5\espace\maing.jpg --> users.skynet.be /povfr/espace maing.jpg
102.08.08 20:09 B E:\référence 3.5\espace\shear01.png --> users.skynet.be /povfr/espace shear01.png
102.08.08 20:09 B E:\référence 3.5\espace\shear02.png --> users.skynet.be /povfr/espace shear02.png
102.08.11 15:43 B E:\référence 3.5\espace\coord-01.jpg --> users.skynet.be /povfr/espace coord-01.jpg
102.08.11 15:43 B E:\référence 3.5\espace\coord-02.jpg --> users.skynet.be /povfr/espace coord-02.jpg
102.08.11 15:43 B E:\référence 3.5\espace\esp-coo.htm --> users.skynet.be /povfr/espace esp-coo.htm
102.08.11 15:43 B E:\référence 3.5\espace\esp-mat.htm --> users.skynet.be /povfr/espace esp-mat.htm
102.08.11 15:43 B E:\référence 3.5\espace\esp-srt.htm --> users.skynet.be /povfr/espace esp-srt.htm
102.08.11 15:43 B E:\référence 3.5\espace\illref-matrix-01.jpg --> users.skynet.be /povfr/espace illref-matrix-01.jpg
102.08.11 15:43 B E:\référence 3.5\espace\index-esp.htm --> users.skynet.be /povfr/espace index-esp.htm
102.08.11 15:43 B E:\référence 3.5\espace\maind.jpg --> users.skynet.be /povfr/espace maind.jpg
102.08.11 15:43 B E:\référence 3.5\espace\maing.jpg --> users.skynet.be /povfr/espace maing.jpg
102.08.11 15:43 B E:\référence 3.5\espace\shear01.png --> users.skynet.be /povfr/espace shear01.png
102.08.11 15:43 B E:\référence 3.5\espace\shear02.png --> users.skynet.be /povfr/espace shear02.png
102.08.11 15:43 B E:\référence 3.5\espace\ws_ftp.log --> users.skynet.be /povfr/espace ws_ftp.log
102.08.11 15:43 B E:\référence 3.5\espace\~temp00.htm --> users.skynet.be /povfr/espace ~temp00.htm
102.11.02 18:17 B E:\référence 3.5\espace\index-esp.htm --> users.skynet.be /povfr/espace index-esp.htm
102.11.02 18:17 B E:\référence 3.5\espace\ws_ftp.log --> users.skynet.be /povfr/espace ws_ftp.log
102.11.02 18:17 B E:\référence 3.5\espace\maind.jpg --> users.skynet.be /povfr/espace maind.jpg
102.11.02 18:17 B E:\référence 3.5\espace\maing.jpg --> users.skynet.be /povfr/espace maing.jpg
102.11.02 18:17 B E:\référence 3.5\espace\illref-matrix-01.jpg --> users.skynet.be /povfr/espace illref-matrix-01.jpg
102.11.02 18:17 B E:\référence 3.5\espace\esp-coo.htm --> users.skynet.be /povfr/espace esp-coo.htm
102.11.02 18:17 B E:\référence 3.5\espace\shear01.png --> users.skynet.be /povfr/espace shear01.png
102.11.02 18:17 B E:\référence 3.5\espace\shear02.png --> users.skynet.be /povfr/espace shear02.png
102.11.02 18:17 B E:\référence 3.5\espace\esp-mat.htm --> users.skynet.be /povfr/espace esp-mat.htm
102.11.02 18:17 B E:\référence 3.5\espace\esp-srt.htm --> users.skynet.be /povfr/espace esp-srt.htm
102.11.02 18:17 B E:\référence 3.5\espace\illref-matrix-02.jpg --> users.skynet.be /povfr/espace illref-matrix-02.jpg
102.11.02 18:17 B E:\référence 3.5\espace\coord-01.jpg --> users.skynet.be /povfr/espace coord-01.jpg
102.11.02 18:17 B E:\référence 3.5\espace\coord-02.jpg --> users.skynet.be /povfr/espace coord-02.jpg
102.11.02 18:23 B E:\référence 3.5\espace\coord-01.jpg --> users.skynet.be /povfr/espace coord-01.jpg
102.11.02 18:23 B E:\référence 3.5\espace\coord-02.jpg --> users.skynet.be /povfr/espace coord-02.jpg
102.11.02 18:23 B E:\référence 3.5\espace\esp-coo.htm --> users.skynet.be /povfr/espace esp-coo.htm
102.11.02 18:23 B E:\référence 3.5\espace\esp-mat.htm --> users.skynet.be /povfr/espace esp-mat.htm
102.11.02 18:23 B E:\référence 3.5\espace\esp-srt.htm --> users.skynet.be /povfr/espace esp-srt.htm
102.11.02 18:23 B E:\référence 3.5\espace\illref-matrix-01.jpg --> users.skynet.be /povfr/espace illref-matrix-01.jpg
102.11.02 18:23 B E:\référence 3.5\espace\illref-matrix-02.jpg --> users.skynet.be /povfr/espace illref-matrix-02.jpg
102.11.02 18:23 B E:\référence 3.5\espace\index-esp.htm --> users.skynet.be /povfr/espace index-esp.htm
102.11.02 18:23 B E:\référence 3.5\espace\maind.jpg --> users.skynet.be /povfr/espace maind.jpg
102.11.02 18:23 B E:\référence 3.5\espace\maing.jpg --> users.skynet.be /povfr/espace maing.jpg
102.11.02 18:23 B E:\référence 3.5\espace\shear01.png --> users.skynet.be /povfr/espace shear01.png
102.11.02 18:23 B E:\référence 3.5\espace\shear02.png --> users.skynet.be /povfr/espace shear02.png
102.11.02 18:23 B E:\référence 3.5\espace\ws_ftp.log --> users.skynet.be /povfr/espace ws_ftp.log
103.02.15 21:17 B E:\référence 3.5\espace\ws_ftp.log --> users.skynet.be /povfr/espace ws_ftp.log
103.02.15 21:17 B E:\référence 3.5\espace\esp-mat.htm --> users.skynet.be /povfr/espace esp-mat.htm
103.02.15 21:17 B E:\référence 3.5\espace\illref-matrix-02.jpg --> users.skynet.be /povfr/espace illref-matrix-02.jpg
103.02.15 21:17 B E:\référence 3.5\espace\illref-matrix-01.jpg --> users.skynet.be /povfr/espace illref-matrix-01.jpg
103.02.15 21:17 B E:\référence 3.5\espace\esp-srt.htm --> users.skynet.be /povfr/espace esp-srt.htm
103.02.15 21:17 B E:\référence 3.5\espace\coord-02.jpg --> users.skynet.be /povfr/espace coord-02.jpg
103.02.15 21:17 B E:\référence 3.5\espace\coord-01.jpg --> users.skynet.be /povfr/espace coord-01.jpg
103.02.15 21:17 B E:\référence 3.5\espace\index-esp.htm --> users.skynet.be /povfr/espace index-esp.htm
103.02.15 21:17 B E:\référence 3.5\espace\esp-coo.htm --> users.skynet.be /povfr/espace esp-coo.htm
103.02.15 21:17 B E:\référence 3.5\espace\shear02.png --> users.skynet.be /povfr/espace shear02.png
103.02.15 21:17 B E:\référence 3.5\espace\shear01.png --> users.skynet.be /povfr/espace shear01.png
103.02.15 21:17 B E:\référence 3.5\espace\maing.jpg --> users.skynet.be /povfr/espace maing.jpg
103.02.15 21:17 B E:\référence 3.5\espace\maind.jpg --> users.skynet.be /povfr/espace maind.jpg
103.11.10 19:14 B E:\référence 3.5\espace\coord-01.jpg --> users.skynet.be /povfr/espace coord-01.jpg
103.11.10 19:15 B E:\référence 3.5\espace\coord-02.jpg --> users.skynet.be /povfr/espace coord-02.jpg
103.11.10 19:15 B E:\référence 3.5\espace\esp-coo.htm --> users.skynet.be /povfr/espace esp-coo.htm
103.11.10 19:15 B E:\référence 3.5\espace\esp-mat.htm --> users.skynet.be /povfr/espace esp-mat.htm
103.11.10 19:15 B E:\référence 3.5\espace\esp-srt.htm --> users.skynet.be /povfr/espace esp-srt.htm
103.11.10 19:15 B E:\référence 3.5\espace\illref-matrix-01.jpg --> users.skynet.be /povfr/espace illref-matrix-01.jpg
103.11.10 19:15 B E:\référence 3.5\espace\illref-matrix-02.jpg --> users.skynet.be /povfr/espace illref-matrix-02.jpg
103.11.10 19:15 B E:\référence 3.5\espace\index-esp.htm --> users.skynet.be /povfr/espace index-esp.htm
103.11.10 19:15 B E:\référence 3.5\espace\maind.jpg --> users.skynet.be /povfr/espace maind.jpg
103.11.10 19:15 B E:\référence 3.5\espace\maing.jpg --> users.skynet.be /povfr/espace maing.jpg
103.11.10 19:15 B E:\référence 3.5\espace\shear01.png --> users.skynet.be /povfr/espace shear01.png
103.11.10 19:15 B E:\référence 3.5\espace\shear02.png --> users.skynet.be /povfr/espace shear02.png
103.11.10 19:15 B E:\référence 3.5\espace\ws_ftp.log --> users.skynet.be /povfr/espace ws_ftp.log
