102.11.02 18:54 B E:\référence 3.5\objets\coinc01.jpg --> users.skynet.be /povfr/objets coinc01.jpg
102.11.02 18:54 B E:\référence 3.5\objets\coinc02.jpg --> users.skynet.be /povfr/objets coinc02.jpg
102.11.02 18:54 B E:\référence 3.5\objets\gauffhf.jpg --> users.skynet.be /povfr/objets gauffhf.jpg
102.11.02 18:54 B E:\référence 3.5\objets\hf-demo02.jpg --> users.skynet.be /povfr/objets hf-demo02.jpg
102.11.02 18:54 B E:\référence 3.5\objets\hf-demo03.jpg --> users.skynet.be /povfr/objets hf-demo03.jpg
102.11.02 18:54 B E:\référence 3.5\objets\hf-gray-01.jpg --> users.skynet.be /povfr/objets hf-gray-01.jpg
102.11.02 18:54 B E:\référence 3.5\objets\hf-gray-02.jpg --> users.skynet.be /povfr/objets hf-gray-02.jpg
102.11.02 18:54 B E:\référence 3.5\objets\hf-gray-03.jpg --> users.skynet.be /povfr/objets hf-gray-03.jpg
102.11.02 18:54 B E:\référence 3.5\objets\hf-gray-04.jpg --> users.skynet.be /povfr/objets hf-gray-04.jpg
102.11.02 18:54 B E:\référence 3.5\objets\illref-csg-01.jpg --> users.skynet.be /povfr/objets illref-csg-01.jpg
102.11.02 18:54 B E:\référence 3.5\objets\illref-csg-02.jpg --> users.skynet.be /povfr/objets illref-csg-02.jpg
102.11.02 18:54 B E:\référence 3.5\objets\illref-csg-03.jpg --> users.skynet.be /povfr/objets illref-csg-03.jpg
102.11.02 18:54 B E:\référence 3.5\objets\illref-csg-04.jpg --> users.skynet.be /povfr/objets illref-csg-04.jpg
102.11.02 18:54 B E:\référence 3.5\objets\illref-csg-05.jpg --> users.skynet.be /povfr/objets illref-csg-05.jpg
102.11.02 18:54 B E:\référence 3.5\objets\illref-disc-00.jpg --> users.skynet.be /povfr/objets illref-disc-00.jpg
102.11.02 18:54 B E:\référence 3.5\objets\illref-mat-struct.jpg --> users.skynet.be /povfr/objets illref-mat-struct.jpg
102.11.02 18:54 B E:\référence 3.5\objets\illref-sor-01.jpg --> users.skynet.be /povfr/objets illref-sor-01.jpg
102.11.02 18:54 B E:\référence 3.5\objets\illref-super-01.jpg --> users.skynet.be /povfr/objets illref-super-01.jpg
102.11.02 18:54 B E:\référence 3.5\objets\illref-text-00.jpg --> users.skynet.be /povfr/objets illref-text-00.jpg
102.11.02 18:54 B E:\référence 3.5\objets\illref-text-01.jpg --> users.skynet.be /povfr/objets illref-text-01.jpg
102.11.02 18:54 B E:\référence 3.5\objets\illref-text-02.jpg --> users.skynet.be /povfr/objets illref-text-02.jpg
102.11.02 18:54 B E:\référence 3.5\objets\illref-triangle-00.jpg --> users.skynet.be /povfr/objets illref-triangle-00.jpg
102.11.02 18:54 B E:\référence 3.5\objets\index-obj.htm --> users.skynet.be /povfr/objets index-obj.htm
102.11.02 18:54 B E:\référence 3.5\objets\lathe-demo.pov --> users.skynet.be /povfr/objets lathe-demo.pov
102.11.02 18:54 B E:\référence 3.5\objets\latsp-01.jpg --> users.skynet.be /povfr/objets latsp-01.jpg
102.11.02 18:54 B E:\référence 3.5\objets\latsp-02.jpg --> users.skynet.be /povfr/objets latsp-02.jpg
102.11.02 18:54 B E:\référence 3.5\objets\latsp-03.jpg --> users.skynet.be /povfr/objets latsp-03.jpg
102.11.02 18:54 B E:\référence 3.5\objets\latsp-04.jpg --> users.skynet.be /povfr/objets latsp-04.jpg
102.11.02 18:54 B E:\référence 3.5\objets\latsp-04b.jpg --> users.skynet.be /povfr/objets latsp-04b.jpg
102.11.02 18:54 B E:\référence 3.5\objets\obj-csg-gen.htm --> users.skynet.be /povfr/objets obj-csg-gen.htm
102.11.02 18:54 B E:\référence 3.5\objets\obj-csg-int.htm --> users.skynet.be /povfr/objets obj-csg-int.htm
102.11.02 18:54 B E:\référence 3.5\objets\obj-csg-rem.htm --> users.skynet.be /povfr/objets obj-csg-rem.htm
102.11.02 18:54 B E:\référence 3.5\objets\obj-nsol-disc.htm --> users.skynet.be /povfr/objets obj-nsol-disc.htm
102.11.02 18:54 B E:\référence 3.5\objets\obj-nsol-triangle.htm --> users.skynet.be /povfr/objets obj-nsol-triangle.htm
102.11.02 18:54 B E:\référence 3.5\objets\obj-solide-blob.htm --> users.skynet.be /povfr/objets obj-solide-blob.htm
102.11.02 18:54 B E:\référence 3.5\objets\obj-solide-box.htm --> users.skynet.be /povfr/objets obj-solide-box.htm
102.11.02 18:54 B E:\référence 3.5\objets\obj-solide-cone.htm --> users.skynet.be /povfr/objets obj-solide-cone.htm
102.11.02 18:54 B E:\référence 3.5\objets\obj-solide-cylinder.htm --> users.skynet.be /povfr/objets obj-solide-cylinder.htm
102.11.02 18:54 B E:\référence 3.5\objets\obj-solide-hf01.htm --> users.skynet.be /povfr/objets obj-solide-hf01.htm
102.11.02 18:54 B E:\référence 3.5\objets\obj-solide-hf02.htm --> users.skynet.be /povfr/objets obj-solide-hf02.htm
102.11.02 18:54 B E:\référence 3.5\objets\obj-solide-lathe01.htm --> users.skynet.be /povfr/objets obj-solide-lathe01.htm
102.11.02 18:54 B E:\référence 3.5\objets\obj-solide-lathe02.htm --> users.skynet.be /povfr/objets obj-solide-lathe02.htm
102.11.02 18:54 B E:\référence 3.5\objets\obj-solide-plane.htm --> users.skynet.be /povfr/objets obj-solide-plane.htm
102.11.02 18:54 B E:\référence 3.5\objets\obj-solide-prisme01.htm --> users.skynet.be /povfr/objets obj-solide-prisme01.htm
102.11.02 18:54 B E:\référence 3.5\objets\obj-solide-prisme02.htm --> users.skynet.be /povfr/objets obj-solide-prisme02.htm
102.11.02 18:54 B E:\référence 3.5\objets\obj-solide-sor.htm --> users.skynet.be /povfr/objets obj-solide-sor.htm
102.11.02 18:54 B E:\référence 3.5\objets\obj-solide-sphere.htm --> users.skynet.be /povfr/objets obj-solide-sphere.htm
102.11.02 18:54 B E:\référence 3.5\objets\obj-solide-super.htm --> users.skynet.be /povfr/objets obj-solide-super.htm
102.11.02 18:54 B E:\référence 3.5\objets\obj-solide-sweep.htm --> users.skynet.be /povfr/objets obj-solide-sweep.htm
102.11.02 18:54 B E:\référence 3.5\objets\obj-solide-text.htm --> users.skynet.be /povfr/objets obj-solide-text.htm
102.11.02 18:54 B E:\référence 3.5\objets\obj-solide-torus.htm --> users.skynet.be /povfr/objets obj-solide-torus.htm
102.11.02 18:54 B E:\référence 3.5\objets\povfr-blob-01.jpg --> users.skynet.be /povfr/objets povfr-blob-01.jpg
102.11.02 18:54 B E:\référence 3.5\objets\povfr-blob-02.jpg --> users.skynet.be /povfr/objets povfr-blob-02.jpg
102.11.02 18:54 B E:\référence 3.5\objets\povfr-blob-03.jpg --> users.skynet.be /povfr/objets povfr-blob-03.jpg
102.11.02 18:54 B E:\référence 3.5\objets\povfr-blob-04.jpg --> users.skynet.be /povfr/objets povfr-blob-04.jpg
102.11.02 18:54 B E:\référence 3.5\objets\povfr-blob-05.jpg --> users.skynet.be /povfr/objets povfr-blob-05.jpg
102.11.02 18:54 B E:\référence 3.5\objets\povfr-box-01.jpg --> users.skynet.be /povfr/objets povfr-box-01.jpg
102.11.02 18:54 B E:\référence 3.5\objets\povfr-box-02.jpg --> users.skynet.be /povfr/objets povfr-box-02.jpg
102.11.02 18:54 B E:\référence 3.5\objets\povfr-box-03.jpg --> users.skynet.be /povfr/objets povfr-box-03.jpg
102.11.02 18:54 B E:\référence 3.5\objets\povfr-cone-01.jpg --> users.skynet.be /povfr/objets povfr-cone-01.jpg
102.11.02 18:54 B E:\référence 3.5\objets\povfr-cone-02.jpg --> users.skynet.be /povfr/objets povfr-cone-02.jpg
102.11.02 18:54 B E:\référence 3.5\objets\povfr-cone-03.jpg --> users.skynet.be /povfr/objets povfr-cone-03.jpg
102.11.02 18:54 B E:\référence 3.5\objets\povfr-cone-04.jpg --> users.skynet.be /povfr/objets povfr-cone-04.jpg
102.11.02 18:54 B E:\référence 3.5\objets\povfr-cone-05.jpg --> users.skynet.be /povfr/objets povfr-cone-05.jpg
102.11.02 18:54 B E:\référence 3.5\objets\povfr-cyl-01.jpg --> users.skynet.be /povfr/objets povfr-cyl-01.jpg
102.11.02 18:54 B E:\référence 3.5\objets\povfr-cyl-02.jpg --> users.skynet.be /povfr/objets povfr-cyl-02.jpg
102.11.02 18:54 B E:\référence 3.5\objets\povfr-cyl-03.jpg --> users.skynet.be /povfr/objets povfr-cyl-03.jpg
102.11.02 18:54 B E:\référence 3.5\objets\povfr-lathe-01.jpg --> users.skynet.be /povfr/objets povfr-lathe-01.jpg
102.11.02 18:54 B E:\référence 3.5\objets\povfr-lathe-02.jpg --> users.skynet.be /povfr/objets povfr-lathe-02.jpg
102.11.02 18:54 B E:\référence 3.5\objets\povfr-plan-01.jpg --> users.skynet.be /povfr/objets povfr-plan-01.jpg
102.11.02 18:54 B E:\référence 3.5\objets\povfr-plan-02.jpg --> users.skynet.be /povfr/objets povfr-plan-02.jpg
102.11.02 18:54 B E:\référence 3.5\objets\povfr-sph-01.jpg --> users.skynet.be /povfr/objets povfr-sph-01.jpg
102.11.02 18:54 B E:\référence 3.5\objets\povfr-sph-02.jpg --> users.skynet.be /povfr/objets povfr-sph-02.jpg
102.11.02 18:54 B E:\référence 3.5\objets\povfr-sph-03.jpg --> users.skynet.be /povfr/objets povfr-sph-03.jpg
102.11.02 18:54 B E:\référence 3.5\objets\povfr-supelli-01.jpg --> users.skynet.be /povfr/objets povfr-supelli-01.jpg
102.11.02 18:54 B E:\référence 3.5\objets\povfr-supelli-02.jpg --> users.skynet.be /povfr/objets povfr-supelli-02.jpg
102.11.02 18:55 B E:\référence 3.5\objets\povfr-tor-02.jpg --> users.skynet.be /povfr/objets povfr-tor-02.jpg
102.11.02 18:55 B E:\référence 3.5\objets\povfr-torus-01.jpg --> users.skynet.be /povfr/objets povfr-torus-01.jpg
102.11.02 18:55 B E:\référence 3.5\objets\prism01.jpg --> users.skynet.be /povfr/objets prism01.jpg
102.11.02 18:55 B E:\référence 3.5\objets\prism02.jpg --> users.skynet.be /povfr/objets prism02.jpg
102.11.02 18:55 B E:\référence 3.5\objets\prism03.jpg --> users.skynet.be /povfr/objets prism03.jpg
102.11.02 18:55 B E:\référence 3.5\objets\prism04.jpg --> users.skynet.be /povfr/objets prism04.jpg
102.11.02 18:55 B E:\référence 3.5\objets\ref-hf-01.jpg --> users.skynet.be /povfr/objets ref-hf-01.jpg
102.11.02 18:55 B E:\référence 3.5\objets\ref-hf-02.jpg --> users.skynet.be /povfr/objets ref-hf-02.jpg
102.11.02 18:55 B E:\référence 3.5\objets\ref-hf-03.jpg --> users.skynet.be /povfr/objets ref-hf-03.jpg
102.11.02 18:55 B E:\référence 3.5\objets\ref-hf-04.jpg --> users.skynet.be /povfr/objets ref-hf-04.jpg
102.11.02 18:55 B E:\référence 3.5\objets\ref-hf-05.jpg --> users.skynet.be /povfr/objets ref-hf-05.jpg
102.11.02 18:55 B E:\référence 3.5\objets\ref-hf-06.jpg --> users.skynet.be /povfr/objets ref-hf-06.jpg
102.11.02 18:55 B E:\référence 3.5\objets\ref-hf-07.jpg --> users.skynet.be /povfr/objets ref-hf-07.jpg
102.11.02 18:55 B E:\référence 3.5\objets\ref-hf-08.jpg --> users.skynet.be /povfr/objets ref-hf-08.jpg
102.11.02 18:55 B E:\référence 3.5\objets\ref-hf-09.jpg --> users.skynet.be /povfr/objets ref-hf-09.jpg
102.11.02 18:55 B E:\référence 3.5\objets\sorlat01.jpg --> users.skynet.be /povfr/objets sorlat01.jpg
102.11.02 18:55 B E:\référence 3.5\objets\sorlat02.jpg --> users.skynet.be /povfr/objets sorlat02.jpg
102.11.02 18:55 B E:\référence 3.5\objets\spline01.jpg --> users.skynet.be /povfr/objets spline01.jpg
102.11.02 18:55 B E:\référence 3.5\objets\spline02.jpg --> users.skynet.be /povfr/objets spline02.jpg
102.11.02 18:55 B E:\référence 3.5\objets\spline03.jpg --> users.skynet.be /povfr/objets spline03.jpg
102.11.02 18:55 B E:\référence 3.5\objets\spline1.jpg --> users.skynet.be /povfr/objets spline1.jpg
102.11.02 18:55 B E:\référence 3.5\objets\spline2.jpg --> users.skynet.be /povfr/objets spline2.jpg
102.11.02 18:55 B E:\référence 3.5\objets\spline3.jpg --> users.skynet.be /povfr/objets spline3.jpg
102.11.02 18:55 B E:\référence 3.5\objets\triangle01.jpg --> users.skynet.be /povfr/objets triangle01.jpg
102.11.02 18:55 B E:\référence 3.5\objets\triangle01.png --> users.skynet.be /povfr/objets triangle01.png
102.11.02 18:55 B E:\référence 3.5\objets\triangle02.jpg --> users.skynet.be /povfr/objets triangle02.jpg
102.11.02 18:55 B E:\référence 3.5\objets\triangle02.png --> users.skynet.be /povfr/objets triangle02.png
103.02.16 20:36 B E:\référence 3.5\objets\obj-solide-text-f.html --> users.skynet.be /povfr/objets obj-solide-text-f.html
103.02.16 20:36 B E:\référence 3.5\objets\obj-solide-text.htm --> users.skynet.be /povfr/objets obj-solide-text.htm
103.02.16 20:36 B E:\référence 3.5\objets\index-obj.htm --> users.skynet.be /povfr/objets index-obj.htm
103.02.16 20:36 B E:\référence 3.5\objets\obj-mod.htm --> users.skynet.be /povfr/objets obj-mod.htm
103.02.16 20:36 B E:\référence 3.5\objets\povfr-obj-mod.htm --> users.skynet.be /povfr/objets povfr-obj-mod.htm
103.02.16 20:36 B E:\référence 3.5\objets\illref-obmod-04.jpg --> users.skynet.be /povfr/objets illref-obmod-04.jpg
103.02.16 20:36 B E:\référence 3.5\objets\illref-obmod-03.jpg --> users.skynet.be /povfr/objets illref-obmod-03.jpg
103.02.16 20:36 B E:\référence 3.5\objets\illref-obmod-02.jpg --> users.skynet.be /povfr/objets illref-obmod-02.jpg
103.02.16 20:36 B E:\référence 3.5\objets\illref-obmod-01.jpg --> users.skynet.be /povfr/objets illref-obmod-01.jpg
103.11.10 19:18 B E:\référence 3.5\objets\coinc01.jpg --> users.skynet.be /povfr/objets coinc01.jpg
103.11.10 19:18 B E:\référence 3.5\objets\coinc02.jpg --> users.skynet.be /povfr/objets coinc02.jpg
103.11.10 19:18 B E:\référence 3.5\objets\gauffhf.jpg --> users.skynet.be /povfr/objets gauffhf.jpg
103.11.10 19:18 B E:\référence 3.5\objets\hf-demo02.jpg --> users.skynet.be /povfr/objets hf-demo02.jpg
103.11.10 19:18 B E:\référence 3.5\objets\hf-demo03.jpg --> users.skynet.be /povfr/objets hf-demo03.jpg
103.11.10 19:18 B E:\référence 3.5\objets\hf-gray-01.jpg --> users.skynet.be /povfr/objets hf-gray-01.jpg
103.11.10 19:18 B E:\référence 3.5\objets\hf-gray-02.jpg --> users.skynet.be /povfr/objets hf-gray-02.jpg
103.11.10 19:18 B E:\référence 3.5\objets\hf-gray-03.jpg --> users.skynet.be /povfr/objets hf-gray-03.jpg
103.11.10 19:18 B E:\référence 3.5\objets\hf-gray-04.jpg --> users.skynet.be /povfr/objets hf-gray-04.jpg
103.11.10 19:18 B E:\référence 3.5\objets\illref-csg-01.jpg --> users.skynet.be /povfr/objets illref-csg-01.jpg
103.11.10 19:18 B E:\référence 3.5\objets\illref-csg-02.jpg --> users.skynet.be /povfr/objets illref-csg-02.jpg
103.11.10 19:18 B E:\référence 3.5\objets\illref-csg-03.jpg --> users.skynet.be /povfr/objets illref-csg-03.jpg
103.11.10 19:18 B E:\référence 3.5\objets\illref-csg-04.jpg --> users.skynet.be /povfr/objets illref-csg-04.jpg
103.11.10 19:18 B E:\référence 3.5\objets\illref-csg-05.jpg --> users.skynet.be /povfr/objets illref-csg-05.jpg
103.11.10 19:18 B E:\référence 3.5\objets\illref-disc-00.jpg --> users.skynet.be /povfr/objets illref-disc-00.jpg
103.11.10 19:18 B E:\référence 3.5\objets\illref-mat-struct.jpg --> users.skynet.be /povfr/objets illref-mat-struct.jpg
103.11.10 19:18 B E:\référence 3.5\objets\illref-obmod-01.jpg --> users.skynet.be /povfr/objets illref-obmod-01.jpg
103.11.10 19:18 B E:\référence 3.5\objets\illref-obmod-02.jpg --> users.skynet.be /povfr/objets illref-obmod-02.jpg
103.11.10 19:18 B E:\référence 3.5\objets\illref-obmod-03.jpg --> users.skynet.be /povfr/objets illref-obmod-03.jpg
103.11.10 19:18 B E:\référence 3.5\objets\illref-obmod-04.jpg --> users.skynet.be /povfr/objets illref-obmod-04.jpg
103.11.10 19:18 B E:\référence 3.5\objets\illref-sor-01.jpg --> users.skynet.be /povfr/objets illref-sor-01.jpg
103.11.10 19:18 B E:\référence 3.5\objets\illref-super-01.jpg --> users.skynet.be /povfr/objets illref-super-01.jpg
103.11.10 19:18 B E:\référence 3.5\objets\illref-text-00.jpg --> users.skynet.be /povfr/objets illref-text-00.jpg
103.11.10 19:18 B E:\référence 3.5\objets\illref-text-01.jpg --> users.skynet.be /povfr/objets illref-text-01.jpg
103.11.10 19:18 B E:\référence 3.5\objets\illref-text-02.jpg --> users.skynet.be /povfr/objets illref-text-02.jpg
103.11.10 19:18 B E:\référence 3.5\objets\illref-triangle-00.jpg --> users.skynet.be /povfr/objets illref-triangle-00.jpg
103.11.10 19:18 B E:\référence 3.5\objets\index-obj.htm --> users.skynet.be /povfr/objets index-obj.htm
103.11.10 19:18 B E:\référence 3.5\objets\lathe-demo.pov --> users.skynet.be /povfr/objets lathe-demo.pov
103.11.10 19:18 B E:\référence 3.5\objets\latsp-01.jpg --> users.skynet.be /povfr/objets latsp-01.jpg
103.11.10 19:18 B E:\référence 3.5\objets\latsp-02.jpg --> users.skynet.be /povfr/objets latsp-02.jpg
103.11.10 19:18 B E:\référence 3.5\objets\latsp-03.jpg --> users.skynet.be /povfr/objets latsp-03.jpg
103.11.10 19:18 B E:\référence 3.5\objets\latsp-04.jpg --> users.skynet.be /povfr/objets latsp-04.jpg
103.11.10 19:18 B E:\référence 3.5\objets\latsp-04b.jpg --> users.skynet.be /povfr/objets latsp-04b.jpg
103.11.10 19:18 B E:\référence 3.5\objets\mesh2blender.jpg --> users.skynet.be /povfr/objets mesh2blender.jpg
103.11.10 19:18 B E:\référence 3.5\objets\mesh2blendercolor.jpg --> users.skynet.be /povfr/objets mesh2blendercolor.jpg
103.11.10 19:18 B E:\référence 3.5\objets\mesh2blenderuvcol.jpg --> users.skynet.be /povfr/objets mesh2blenderuvcol.jpg
103.11.10 19:18 B E:\référence 3.5\objets\mesh2povray.jpg --> users.skynet.be /povfr/objets mesh2povray.jpg
103.11.10 19:18 B E:\référence 3.5\objets\mesh2povraycolor.jpg --> users.skynet.be /povfr/objets mesh2povraycolor.jpg
103.11.10 19:18 B E:\référence 3.5\objets\mesh2povrayuvcol.jpg --> users.skynet.be /povfr/objets mesh2povrayuvcol.jpg
103.11.10 19:18 B E:\référence 3.5\objets\obj-csg-gen.htm --> users.skynet.be /povfr/objets obj-csg-gen.htm
103.11.10 19:18 B E:\référence 3.5\objets\obj-csg-int.htm --> users.skynet.be /povfr/objets obj-csg-int.htm
103.11.10 19:18 B E:\référence 3.5\objets\obj-csg-rem.htm --> users.skynet.be /povfr/objets obj-csg-rem.htm
103.11.10 19:18 B E:\référence 3.5\objets\obj-mod.htm --> users.skynet.be /povfr/objets obj-mod.htm
103.11.10 19:18 B E:\référence 3.5\objets\obj-nsol-disc.htm --> users.skynet.be /povfr/objets obj-nsol-disc.htm
103.11.10 19:18 B E:\référence 3.5\objets\obj-nsol-mesh.htm --> users.skynet.be /povfr/objets obj-nsol-mesh.htm
103.11.10 19:18 B E:\référence 3.5\objets\obj-nsol-mesh2.htm --> users.skynet.be /povfr/objets obj-nsol-mesh2.htm
103.11.10 19:18 B E:\référence 3.5\objets\obj-nsol-triangle.htm --> users.skynet.be /povfr/objets obj-nsol-triangle.htm
103.11.10 19:18 B E:\référence 3.5\objets\obj-solide-blob.htm --> users.skynet.be /povfr/objets obj-solide-blob.htm
103.11.10 19:18 B E:\référence 3.5\objets\obj-solide-box.htm --> users.skynet.be /povfr/objets obj-solide-box.htm
103.11.10 19:18 B E:\référence 3.5\objets\obj-solide-cone.htm --> users.skynet.be /povfr/objets obj-solide-cone.htm
103.11.10 19:18 B E:\référence 3.5\objets\obj-solide-cylinder.htm --> users.skynet.be /povfr/objets obj-solide-cylinder.htm
103.11.10 19:18 B E:\référence 3.5\objets\obj-solide-hf01.htm --> users.skynet.be /povfr/objets obj-solide-hf01.htm
103.11.10 19:19 B E:\référence 3.5\objets\obj-solide-hf02.htm --> users.skynet.be /povfr/objets obj-solide-hf02.htm
103.11.10 19:19 B E:\référence 3.5\objets\obj-solide-lathe01.htm --> users.skynet.be /povfr/objets obj-solide-lathe01.htm
103.11.10 19:19 B E:\référence 3.5\objets\obj-solide-lathe02.htm --> users.skynet.be /povfr/objets obj-solide-lathe02.htm
103.11.10 19:19 B E:\référence 3.5\objets\obj-solide-plane.htm --> users.skynet.be /povfr/objets obj-solide-plane.htm
103.11.10 19:19 B E:\référence 3.5\objets\obj-solide-prisme01.htm --> users.skynet.be /povfr/objets obj-solide-prisme01.htm
103.11.10 19:19 B E:\référence 3.5\objets\obj-solide-prisme02.htm --> users.skynet.be /povfr/objets obj-solide-prisme02.htm
103.11.10 19:19 B E:\référence 3.5\objets\obj-solide-sor.htm --> users.skynet.be /povfr/objets obj-solide-sor.htm
103.11.10 19:19 B E:\référence 3.5\objets\obj-solide-sphere.htm --> users.skynet.be /povfr/objets obj-solide-sphere.htm
103.11.10 19:19 B E:\référence 3.5\objets\obj-solide-super.htm --> users.skynet.be /povfr/objets obj-solide-super.htm
103.11.10 19:19 B E:\référence 3.5\objets\obj-solide-sweep.htm --> users.skynet.be /povfr/objets obj-solide-sweep.htm
103.11.10 19:19 B E:\référence 3.5\objets\obj-solide-text-f.html --> users.skynet.be /povfr/objets obj-solide-text-f.html
103.11.10 19:19 B E:\référence 3.5\objets\obj-solide-text.htm --> users.skynet.be /povfr/objets obj-solide-text.htm
103.11.10 19:19 B E:\référence 3.5\objets\obj-solide-torus.htm --> users.skynet.be /povfr/objets obj-solide-torus.htm
103.11.10 19:19 B E:\référence 3.5\objets\povfr-blob-01.jpg --> users.skynet.be /povfr/objets povfr-blob-01.jpg
103.11.10 19:19 B E:\référence 3.5\objets\povfr-blob-02.jpg --> users.skynet.be /povfr/objets povfr-blob-02.jpg
103.11.10 19:19 B E:\référence 3.5\objets\povfr-blob-03.jpg --> users.skynet.be /povfr/objets povfr-blob-03.jpg
103.11.10 19:19 B E:\référence 3.5\objets\povfr-blob-04.jpg --> users.skynet.be /povfr/objets povfr-blob-04.jpg
103.11.10 19:19 B E:\référence 3.5\objets\povfr-blob-05.jpg --> users.skynet.be /povfr/objets povfr-blob-05.jpg
103.11.10 19:19 B E:\référence 3.5\objets\povfr-box-01.jpg --> users.skynet.be /povfr/objets povfr-box-01.jpg
103.11.10 19:19 B E:\référence 3.5\objets\povfr-box-02.jpg --> users.skynet.be /povfr/objets povfr-box-02.jpg
103.11.10 19:19 B E:\référence 3.5\objets\povfr-box-03.jpg --> users.skynet.be /povfr/objets povfr-box-03.jpg
103.11.10 19:19 B E:\référence 3.5\objets\povfr-cone-01.jpg --> users.skynet.be /povfr/objets povfr-cone-01.jpg
103.11.10 19:19 B E:\référence 3.5\objets\povfr-cone-02.jpg --> users.skynet.be /povfr/objets povfr-cone-02.jpg
103.11.10 19:19 B E:\référence 3.5\objets\povfr-cone-03.jpg --> users.skynet.be /povfr/objets povfr-cone-03.jpg
103.11.10 19:19 B E:\référence 3.5\objets\povfr-cone-04.jpg --> users.skynet.be /povfr/objets povfr-cone-04.jpg
103.11.10 19:19 B E:\référence 3.5\objets\povfr-cone-05.jpg --> users.skynet.be /povfr/objets povfr-cone-05.jpg
103.11.10 19:19 B E:\référence 3.5\objets\povfr-cyl-01.jpg --> users.skynet.be /povfr/objets povfr-cyl-01.jpg
103.11.10 19:19 B E:\référence 3.5\objets\povfr-cyl-02.jpg --> users.skynet.be /povfr/objets povfr-cyl-02.jpg
103.11.10 19:19 B E:\référence 3.5\objets\povfr-cyl-03.jpg --> users.skynet.be /povfr/objets povfr-cyl-03.jpg
103.11.10 19:19 B E:\référence 3.5\objets\povfr-ill-mesh-01.jpg --> users.skynet.be /povfr/objets povfr-ill-mesh-01.jpg
103.11.10 19:19 B E:\référence 3.5\objets\povfr-ill-mesh-02.jpg --> users.skynet.be /povfr/objets povfr-ill-mesh-02.jpg
103.11.10 19:19 B E:\référence 3.5\objets\povfr-lathe-01.jpg --> users.skynet.be /povfr/objets povfr-lathe-01.jpg
103.11.10 19:19 B E:\référence 3.5\objets\povfr-lathe-02.jpg --> users.skynet.be /povfr/objets povfr-lathe-02.jpg
103.11.10 19:19 B E:\référence 3.5\objets\povfr-obj-mod.htm --> users.skynet.be /povfr/objets povfr-obj-mod.htm
103.11.10 19:19 B E:\référence 3.5\objets\povfr-plan-01.jpg --> users.skynet.be /povfr/objets povfr-plan-01.jpg
103.11.10 19:19 B E:\référence 3.5\objets\povfr-plan-02.jpg --> users.skynet.be /povfr/objets povfr-plan-02.jpg
103.11.10 19:19 B E:\référence 3.5\objets\povfr-sph-01.jpg --> users.skynet.be /povfr/objets povfr-sph-01.jpg
103.11.10 19:19 B E:\référence 3.5\objets\povfr-sph-02.jpg --> users.skynet.be /povfr/objets povfr-sph-02.jpg
103.11.10 19:19 B E:\référence 3.5\objets\povfr-sph-03.jpg --> users.skynet.be /povfr/objets povfr-sph-03.jpg
103.11.10 19:19 B E:\référence 3.5\objets\povfr-supelli-01.jpg --> users.skynet.be /povfr/objets povfr-supelli-01.jpg
103.11.10 19:19 B E:\référence 3.5\objets\povfr-supelli-02.jpg --> users.skynet.be /povfr/objets povfr-supelli-02.jpg
103.11.10 19:19 B E:\référence 3.5\objets\povfr-tor-02.jpg --> users.skynet.be /povfr/objets povfr-tor-02.jpg
103.11.10 19:19 B E:\référence 3.5\objets\povfr-torus-01.jpg --> users.skynet.be /povfr/objets povfr-torus-01.jpg
103.11.10 19:19 B E:\référence 3.5\objets\povfr-txt-02.jpg --> users.skynet.be /povfr/objets povfr-txt-02.jpg
103.11.10 19:19 B E:\référence 3.5\objets\povfr-txt-03.jpg --> users.skynet.be /povfr/objets povfr-txt-03.jpg
103.11.10 19:19 B E:\référence 3.5\objets\prism01.jpg --> users.skynet.be /povfr/objets prism01.jpg
103.11.10 19:19 B E:\référence 3.5\objets\prism02.jpg --> users.skynet.be /povfr/objets prism02.jpg
103.11.10 19:19 B E:\référence 3.5\objets\prism03.jpg --> users.skynet.be /povfr/objets prism03.jpg
103.11.10 19:19 B E:\référence 3.5\objets\prism04.jpg --> users.skynet.be /povfr/objets prism04.jpg
103.11.10 19:19 B E:\référence 3.5\objets\ref-hf-01.jpg --> users.skynet.be /povfr/objets ref-hf-01.jpg
103.11.10 19:19 B E:\référence 3.5\objets\ref-hf-02.jpg --> users.skynet.be /povfr/objets ref-hf-02.jpg
103.11.10 19:19 B E:\référence 3.5\objets\ref-hf-03.jpg --> users.skynet.be /povfr/objets ref-hf-03.jpg
103.11.10 19:19 B E:\référence 3.5\objets\ref-hf-04.jpg --> users.skynet.be /povfr/objets ref-hf-04.jpg
103.11.10 19:19 B E:\référence 3.5\objets\ref-hf-05.jpg --> users.skynet.be /povfr/objets ref-hf-05.jpg
103.11.10 19:19 B E:\référence 3.5\objets\ref-hf-06.jpg --> users.skynet.be /povfr/objets ref-hf-06.jpg
103.11.10 19:19 B E:\référence 3.5\objets\ref-hf-07.jpg --> users.skynet.be /povfr/objets ref-hf-07.jpg
103.11.10 19:19 B E:\référence 3.5\objets\ref-hf-08.jpg --> users.skynet.be /povfr/objets ref-hf-08.jpg
103.11.10 19:19 B E:\référence 3.5\objets\ref-hf-09.jpg --> users.skynet.be /povfr/objets ref-hf-09.jpg
103.11.10 19:19 B E:\référence 3.5\objets\sorlat01.jpg --> users.skynet.be /povfr/objets sorlat01.jpg
103.11.10 19:19 B E:\référence 3.5\objets\sorlat02.jpg --> users.skynet.be /povfr/objets sorlat02.jpg
103.11.10 19:19 B E:\référence 3.5\objets\spline01.jpg --> users.skynet.be /povfr/objets spline01.jpg
103.11.10 19:19 B E:\référence 3.5\objets\spline02.jpg --> users.skynet.be /povfr/objets spline02.jpg
103.11.10 19:19 B E:\référence 3.5\objets\spline03.jpg --> users.skynet.be /povfr/objets spline03.jpg
103.11.10 19:19 B E:\référence 3.5\objets\spline1.jpg --> users.skynet.be /povfr/objets spline1.jpg
103.11.10 19:19 B E:\référence 3.5\objets\spline2.jpg --> users.skynet.be /povfr/objets spline2.jpg
103.11.10 19:19 B E:\référence 3.5\objets\spline3.jpg --> users.skynet.be /povfr/objets spline3.jpg
103.11.10 19:19 B E:\référence 3.5\objets\triangle01.jpg --> users.skynet.be /povfr/objets triangle01.jpg
103.11.10 19:19 B E:\référence 3.5\objets\triangle01.png --> users.skynet.be /povfr/objets triangle01.png
103.11.10 19:19 B E:\référence 3.5\objets\triangle02.jpg --> users.skynet.be /povfr/objets triangle02.jpg
103.11.10 19:19 B E:\référence 3.5\objets\triangle02.png --> users.skynet.be /povfr/objets triangle02.png
103.11.10 19:19 B E:\référence 3.5\objets\ws_ftp.log --> users.skynet.be /povfr/objets ws_ftp.log
103.11.16 12:35 B E:\référence 3.5\objets\coinc01.jpg --> users.skynet.be /povfr/objets coinc01.jpg
103.11.16 12:35 B E:\référence 3.5\objets\coinc02.jpg --> users.skynet.be /povfr/objets coinc02.jpg
103.11.16 12:35 B E:\référence 3.5\objets\gauffhf.jpg --> users.skynet.be /povfr/objets gauffhf.jpg
103.11.16 12:36 B E:\référence 3.5\objets\hf-demo02.jpg --> users.skynet.be /povfr/objets hf-demo02.jpg
103.11.16 12:36 B E:\référence 3.5\objets\hf-demo03.jpg --> users.skynet.be /povfr/objets hf-demo03.jpg
103.11.16 12:36 B E:\référence 3.5\objets\hf-gray-01.jpg --> users.skynet.be /povfr/objets hf-gray-01.jpg
103.11.16 12:36 B E:\référence 3.5\objets\hf-gray-02.jpg --> users.skynet.be /povfr/objets hf-gray-02.jpg
103.11.16 12:36 B E:\référence 3.5\objets\hf-gray-03.jpg --> users.skynet.be /povfr/objets hf-gray-03.jpg
103.11.16 12:36 B E:\référence 3.5\objets\hf-gray-04.jpg --> users.skynet.be /povfr/objets hf-gray-04.jpg
103.11.16 12:36 B E:\référence 3.5\objets\illref-csg-01.jpg --> users.skynet.be /povfr/objets illref-csg-01.jpg
103.11.16 12:36 B E:\référence 3.5\objets\illref-csg-02.jpg --> users.skynet.be /povfr/objets illref-csg-02.jpg
103.11.16 12:36 B E:\référence 3.5\objets\illref-csg-03.jpg --> users.skynet.be /povfr/objets illref-csg-03.jpg
103.11.16 12:36 B E:\référence 3.5\objets\illref-csg-04.jpg --> users.skynet.be /povfr/objets illref-csg-04.jpg
103.11.16 12:36 B E:\référence 3.5\objets\illref-csg-05.jpg --> users.skynet.be /povfr/objets illref-csg-05.jpg
103.11.16 12:36 B E:\référence 3.5\objets\illref-disc-00.jpg --> users.skynet.be /povfr/objets illref-disc-00.jpg
103.11.16 12:37 B E:\référence 3.5\objets\illref-mat-struct.jpg --> users.skynet.be /povfr/objets illref-mat-struct.jpg
103.11.16 12:37 B E:\référence 3.5\objets\illref-obmod-01.jpg --> users.skynet.be /povfr/objets illref-obmod-01.jpg
103.11.16 12:37 B E:\référence 3.5\objets\illref-obmod-02.jpg --> users.skynet.be /povfr/objets illref-obmod-02.jpg
103.11.16 12:37 B E:\référence 3.5\objets\illref-obmod-03.jpg --> users.skynet.be /povfr/objets illref-obmod-03.jpg
103.11.16 12:37 B E:\référence 3.5\objets\illref-obmod-04.jpg --> users.skynet.be /povfr/objets illref-obmod-04.jpg
103.11.16 12:37 B E:\référence 3.5\objets\illref-sor-01.jpg --> users.skynet.be /povfr/objets illref-sor-01.jpg
103.11.16 12:37 B E:\référence 3.5\objets\illref-super-01.jpg --> users.skynet.be /povfr/objets illref-super-01.jpg
103.11.16 12:37 B E:\référence 3.5\objets\illref-text-00.jpg --> users.skynet.be /povfr/objets illref-text-00.jpg
103.11.16 12:37 B E:\référence 3.5\objets\illref-text-01.jpg --> users.skynet.be /povfr/objets illref-text-01.jpg
103.11.16 12:37 B E:\référence 3.5\objets\illref-text-02.jpg --> users.skynet.be /povfr/objets illref-text-02.jpg
103.11.16 12:37 B E:\référence 3.5\objets\illref-triangle-00.jpg --> users.skynet.be /povfr/objets illref-triangle-00.jpg
103.11.16 12:37 B E:\référence 3.5\objets\index-obj.htm --> users.skynet.be /povfr/objets index-obj.htm
103.11.16 12:37 B E:\référence 3.5\objets\lathe-demo.pov --> users.skynet.be /povfr/objets lathe-demo.pov
103.11.16 12:37 B E:\référence 3.5\objets\latsp-01.jpg --> users.skynet.be /povfr/objets latsp-01.jpg
103.11.16 12:37 B E:\référence 3.5\objets\latsp-02.jpg --> users.skynet.be /povfr/objets latsp-02.jpg
103.11.16 12:37 B E:\référence 3.5\objets\latsp-03.jpg --> users.skynet.be /povfr/objets latsp-03.jpg
103.11.16 12:37 B E:\référence 3.5\objets\latsp-04.jpg --> users.skynet.be /povfr/objets latsp-04.jpg
103.11.16 12:38 B E:\référence 3.5\objets\latsp-04b.jpg --> users.skynet.be /povfr/objets latsp-04b.jpg
103.11.16 12:38 B E:\référence 3.5\objets\mesh2blender.jpg --> users.skynet.be /povfr/objets mesh2blender.jpg
103.11.16 12:38 B E:\référence 3.5\objets\mesh2blendercolor.jpg --> users.skynet.be /povfr/objets mesh2blendercolor.jpg
103.11.16 12:38 B E:\référence 3.5\objets\mesh2blenderuvcol.jpg --> users.skynet.be /povfr/objets mesh2blenderuvcol.jpg
103.11.16 12:38 B E:\référence 3.5\objets\mesh2povray.jpg --> users.skynet.be /povfr/objets mesh2povray.jpg
103.11.16 12:38 B E:\référence 3.5\objets\mesh2povraycolor.jpg --> users.skynet.be /povfr/objets mesh2povraycolor.jpg
103.11.16 12:38 B E:\référence 3.5\objets\mesh2povrayuvcol.jpg --> users.skynet.be /povfr/objets mesh2povrayuvcol.jpg
103.11.16 12:38 B E:\référence 3.5\objets\obj-csg-gen.htm --> users.skynet.be /povfr/objets obj-csg-gen.htm
103.11.16 12:38 B E:\référence 3.5\objets\obj-csg-int.htm --> users.skynet.be /povfr/objets obj-csg-int.htm
103.11.16 12:38 B E:\référence 3.5\objets\obj-csg-rem.htm --> users.skynet.be /povfr/objets obj-csg-rem.htm
103.11.16 12:38 B E:\référence 3.5\objets\obj-mod.htm --> users.skynet.be /povfr/objets obj-mod.htm
103.11.16 12:38 B E:\référence 3.5\objets\obj-nsol-disc.htm --> users.skynet.be /povfr/objets obj-nsol-disc.htm
103.11.16 12:38 B E:\référence 3.5\objets\obj-nsol-mesh.htm --> users.skynet.be /povfr/objets obj-nsol-mesh.htm
103.11.16 12:38 B E:\référence 3.5\objets\obj-nsol-mesh2.htm --> users.skynet.be /povfr/objets obj-nsol-mesh2.htm
103.11.16 12:38 B E:\référence 3.5\objets\obj-nsol-polygon.htm --> users.skynet.be /povfr/objets obj-nsol-polygon.htm
103.11.16 12:38 B E:\référence 3.5\objets\obj-nsol-triangle.htm --> users.skynet.be /povfr/objets obj-nsol-triangle.htm
103.11.16 12:41 B E:\référence 3.5\objets\index-obj.htm --> users.skynet.be /povfr/objets index-obj.htm
103.11.16 12:41 B E:\référence 3.5\objets\obj-nsol-polygon.htm --> users.skynet.be /povfr/objets obj-nsol-polygon.htm
103.11.16 12:41 B E:\référence 3.5\objets\obj-solide-quartics.htm --> users.skynet.be /povfr/objets obj-solide-quartics.htm
103.11.16 12:41 B E:\référence 3.5\objets\obj-nsol-mesh2.htm --> users.skynet.be /povfr/objets obj-nsol-mesh2.htm
103.11.16 12:41 B E:\référence 3.5\objets\mesh2povrayuvcol.jpg --> users.skynet.be /povfr/objets mesh2povrayuvcol.jpg
103.11.16 12:41 B E:\référence 3.5\objets\mesh2povraycolor.jpg --> users.skynet.be /povfr/objets mesh2povraycolor.jpg
103.11.16 12:41 B E:\référence 3.5\objets\mesh2povray.jpg --> users.skynet.be /povfr/objets mesh2povray.jpg
103.11.16 12:41 B E:\référence 3.5\objets\mesh2blenderuvcol.jpg --> users.skynet.be /povfr/objets mesh2blenderuvcol.jpg
103.11.16 12:41 B E:\référence 3.5\objets\mesh2blendercolor.jpg --> users.skynet.be /povfr/objets mesh2blendercolor.jpg
103.11.16 12:41 B E:\référence 3.5\objets\mesh2blender.jpg --> users.skynet.be /povfr/objets mesh2blender.jpg
103.11.16 12:41 B E:\référence 3.5\objets\obj-nsol-mesh.htm --> users.skynet.be /povfr/objets obj-nsol-mesh.htm
103.11.16 12:41 B E:\référence 3.5\objets\povfr-ill-mesh-01.jpg --> users.skynet.be /povfr/objets povfr-ill-mesh-01.jpg
103.11.16 12:41 B E:\référence 3.5\objets\povfr-ill-mesh-02.jpg --> users.skynet.be /povfr/objets povfr-ill-mesh-02.jpg
