102.08.08 20:09 B E:\référence 3.5\debuter\cyril-ajouts.txt --> users.skynet.be /povfr/debuter cyril-ajouts.txt
102.08.08 20:09 B E:\référence 3.5\debuter\deb-demo.jpg --> users.skynet.be /povfr/debuter deb-demo.jpg
102.08.08 20:09 B E:\référence 3.5\debuter\index-deb.htm --> users.skynet.be /povfr/debuter index-deb.htm
102.08.08 20:09 B E:\référence 3.5\debuter\ref-deb-linux-01.htm --> users.skynet.be /povfr/debuter ref-deb-linux-01.htm
102.08.08 20:09 B E:\référence 3.5\debuter\ref-deb-linux-02.htm --> users.skynet.be /povfr/debuter ref-deb-linux-02.htm
102.08.08 20:09 B E:\référence 3.5\debuter\ref-deb-linux-03.htm --> users.skynet.be /povfr/debuter ref-deb-linux-03.htm
102.08.08 20:09 B E:\référence 3.5\debuter\ref-deb-win.htm --> users.skynet.be /povfr/debuter ref-deb-win.htm
102.08.08 20:09 B E:\référence 3.5\debuter\vase.jpg --> users.skynet.be /povfr/debuter vase.jpg
102.11.02 18:17 B E:\référence 3.5\debuter\cyril-ajouts.txt --> users.skynet.be /povfr/debuter cyril-ajouts.txt
102.11.02 18:17 B E:\référence 3.5\debuter\index-deb.htm --> users.skynet.be /povfr/debuter index-deb.htm
102.11.02 18:17 B E:\référence 3.5\debuter\ws_ftp.log --> users.skynet.be /povfr/debuter ws_ftp.log
102.11.02 18:17 B E:\référence 3.5\debuter\ref-deb-linux-01.htm --> users.skynet.be /povfr/debuter ref-deb-linux-01.htm
102.11.02 18:17 B E:\référence 3.5\debuter\vase.jpg --> users.skynet.be /povfr/debuter vase.jpg
102.11.02 18:17 B E:\référence 3.5\debuter\ref-deb-linux-03.htm --> users.skynet.be /povfr/debuter ref-deb-linux-03.htm
102.11.02 18:17 B E:\référence 3.5\debuter\ref-deb-linux-02.htm --> users.skynet.be /povfr/debuter ref-deb-linux-02.htm
102.11.02 18:17 B E:\référence 3.5\debuter\ref-deb-win.htm --> users.skynet.be /povfr/debuter ref-deb-win.htm
102.11.02 18:17 B E:\référence 3.5\debuter\deb-demo.jpg --> users.skynet.be /povfr/debuter deb-demo.jpg
102.11.02 18:22 B E:\référence 3.5\debuter\cyril-ajouts.txt --> users.skynet.be /povfr/debuter cyril-ajouts.txt
102.11.02 18:22 B E:\référence 3.5\debuter\deb-demo.jpg --> users.skynet.be /povfr/debuter deb-demo.jpg
102.11.02 18:22 B E:\référence 3.5\debuter\index-deb.htm --> users.skynet.be /povfr/debuter index-deb.htm
102.11.02 18:22 B E:\référence 3.5\debuter\ref-deb-linux-01.htm --> users.skynet.be /povfr/debuter ref-deb-linux-01.htm
102.11.02 18:22 B E:\référence 3.5\debuter\ref-deb-linux-02.htm --> users.skynet.be /povfr/debuter ref-deb-linux-02.htm
102.11.02 18:22 B E:\référence 3.5\debuter\ref-deb-linux-03.htm --> users.skynet.be /povfr/debuter ref-deb-linux-03.htm
102.11.02 18:22 B E:\référence 3.5\debuter\ref-deb-win.htm --> users.skynet.be /povfr/debuter ref-deb-win.htm
102.11.02 18:22 B E:\référence 3.5\debuter\vase.jpg --> users.skynet.be /povfr/debuter vase.jpg
102.11.02 18:22 B E:\référence 3.5\debuter\ws_ftp.log --> users.skynet.be /povfr/debuter ws_ftp.log
103.02.15 21:16 B E:\référence 3.5\debuter\ref-deb-mac.htm --> users.skynet.be /povfr/debuter ref-deb-mac.htm
103.02.15 21:16 B E:\référence 3.5\debuter\window02.png --> users.skynet.be /povfr/debuter window02.png
103.02.15 21:16 B E:\référence 3.5\debuter\window01.png --> users.skynet.be /povfr/debuter window01.png
103.02.15 21:16 B E:\référence 3.5\debuter\img_mounted.png --> users.skynet.be /povfr/debuter img_mounted.png
103.02.15 21:16 B E:\référence 3.5\debuter\img_file.png --> users.skynet.be /povfr/debuter img_file.png
103.02.15 21:16 B E:\référence 3.5\debuter\expender.png --> users.skynet.be /povfr/debuter expender.png
103.02.15 21:16 B E:\référence 3.5\debuter\index-deb.htm --> users.skynet.be /povfr/debuter index-deb.htm
103.02.15 21:16 B E:\référence 3.5\debuter\ws_ftp.log --> users.skynet.be /povfr/debuter ws_ftp.log
103.02.15 21:16 B E:\référence 3.5\debuter\resulat.jpg --> users.skynet.be /povfr/debuter resulat.jpg
103.02.15 21:16 B E:\référence 3.5\debuter\window02.gif --> users.skynet.be /povfr/debuter window02.gif
103.02.15 21:16 B E:\référence 3.5\debuter\window01.gif --> users.skynet.be /povfr/debuter window01.gif
103.02.15 21:16 B E:\référence 3.5\debuter\img_mounted.gif --> users.skynet.be /povfr/debuter img_mounted.gif
103.02.15 21:16 B E:\référence 3.5\debuter\img_file.gif --> users.skynet.be /povfr/debuter img_file.gif
103.02.15 21:16 B E:\référence 3.5\debuter\expender.gif --> users.skynet.be /povfr/debuter expender.gif
103.02.15 21:16 B E:\référence 3.5\debuter\ref-deb-linux-02.htm --> users.skynet.be /povfr/debuter ref-deb-linux-02.htm
103.02.15 21:16 B E:\référence 3.5\debuter\ref-deb-linux-03.htm --> users.skynet.be /povfr/debuter ref-deb-linux-03.htm
103.02.15 21:16 B E:\référence 3.5\debuter\ref-deb-linux-01.htm --> users.skynet.be /povfr/debuter ref-deb-linux-01.htm
103.02.15 21:16 B E:\référence 3.5\debuter\vase.jpg --> users.skynet.be /povfr/debuter vase.jpg
103.02.15 21:16 B E:\référence 3.5\debuter\cyril-ajouts.txt --> users.skynet.be /povfr/debuter cyril-ajouts.txt
103.02.15 21:16 B E:\référence 3.5\debuter\ref-deb-win.htm --> users.skynet.be /povfr/debuter ref-deb-win.htm
103.02.15 21:16 B E:\référence 3.5\debuter\deb-demo.jpg --> users.skynet.be /povfr/debuter deb-demo.jpg
103.11.10 19:14 B E:\référence 3.5\debuter\cyril-ajouts.txt --> users.skynet.be /povfr/debuter cyril-ajouts.txt
103.11.10 19:14 B E:\référence 3.5\debuter\deb-demo.jpg --> users.skynet.be /povfr/debuter deb-demo.jpg
103.11.10 19:14 B E:\référence 3.5\debuter\expender.gif --> users.skynet.be /povfr/debuter expender.gif
103.11.10 19:14 B E:\référence 3.5\debuter\expender.png --> users.skynet.be /povfr/debuter expender.png
103.11.10 19:14 B E:\référence 3.5\debuter\img_file.gif --> users.skynet.be /povfr/debuter img_file.gif
103.11.10 19:14 B E:\référence 3.5\debuter\img_file.png --> users.skynet.be /povfr/debuter img_file.png
103.11.10 19:14 B E:\référence 3.5\debuter\img_mounted.gif --> users.skynet.be /povfr/debuter img_mounted.gif
103.11.10 19:14 B E:\référence 3.5\debuter\img_mounted.png --> users.skynet.be /povfr/debuter img_mounted.png
103.11.10 19:14 B E:\référence 3.5\debuter\index-deb.htm --> users.skynet.be /povfr/debuter index-deb.htm
103.11.10 19:14 B E:\référence 3.5\debuter\ref-deb-linux-01.htm --> users.skynet.be /povfr/debuter ref-deb-linux-01.htm
103.11.10 19:14 B E:\référence 3.5\debuter\ref-deb-linux-02.htm --> users.skynet.be /povfr/debuter ref-deb-linux-02.htm
103.11.10 19:14 B E:\référence 3.5\debuter\ref-deb-linux-03.htm --> users.skynet.be /povfr/debuter ref-deb-linux-03.htm
103.11.10 19:14 B E:\référence 3.5\debuter\ref-deb-mac.htm --> users.skynet.be /povfr/debuter ref-deb-mac.htm
103.11.10 19:14 B E:\référence 3.5\debuter\ref-deb-win.htm --> users.skynet.be /povfr/debuter ref-deb-win.htm
103.11.10 19:14 B E:\référence 3.5\debuter\resulat.jpg --> users.skynet.be /povfr/debuter resulat.jpg
103.11.10 19:14 B E:\référence 3.5\debuter\vase.jpg --> users.skynet.be /povfr/debuter vase.jpg
103.11.10 19:14 B E:\référence 3.5\debuter\window01.gif --> users.skynet.be /povfr/debuter window01.gif
103.11.10 19:14 B E:\référence 3.5\debuter\window01.png --> users.skynet.be /povfr/debuter window01.png
103.11.10 19:14 B E:\référence 3.5\debuter\window02.gif --> users.skynet.be /povfr/debuter window02.gif
103.11.10 19:14 B E:\référence 3.5\debuter\window02.png --> users.skynet.be /povfr/debuter window02.png
103.11.10 19:14 B E:\référence 3.5\debuter\ws_ftp.log --> users.skynet.be /povfr/debuter ws_ftp.log
