102.08.08 20:08 B E:\référence 3.5\atmosphere\atm-aec.htm --> users.skynet.be /povfr/atmosphere atm-aec.htm
102.08.08 20:08 B E:\référence 3.5\atmosphere\atm-bkg.htm --> users.skynet.be /povfr/atmosphere atm-bkg.htm
102.08.08 20:08 B E:\référence 3.5\atmosphere\atm-fog.htm --> users.skynet.be /povfr/atmosphere atm-fog.htm
102.08.08 20:08 B E:\référence 3.5\atmosphere\atm-med.htm --> users.skynet.be /povfr/atmosphere atm-med.htm
102.08.08 20:08 B E:\référence 3.5\atmosphere\atm-sks.htm --> users.skynet.be /povfr/atmosphere atm-sks.htm
102.08.08 20:08 B E:\référence 3.5\atmosphere\illref-atm-rainbow.jpg --> users.skynet.be /povfr/atmosphere illref-atm-rainbow.jpg
102.08.08 20:08 B E:\référence 3.5\atmosphere\index-atm.htm --> users.skynet.be /povfr/atmosphere index-atm.htm
102.11.02 18:16 B E:\référence 3.5\atmosphere\index-atm.htm --> users.skynet.be /povfr/atmosphere index-atm.htm
102.11.02 18:16 B E:\référence 3.5\atmosphere\ws_ftp.log --> users.skynet.be /povfr/atmosphere ws_ftp.log
102.11.02 18:16 B E:\référence 3.5\atmosphere\atm-bkg.htm --> users.skynet.be /povfr/atmosphere atm-bkg.htm
102.11.02 18:16 B E:\référence 3.5\atmosphere\atm-med.htm --> users.skynet.be /povfr/atmosphere atm-med.htm
102.11.02 18:16 B E:\référence 3.5\atmosphere\illref-atm-rainbow.jpg --> users.skynet.be /povfr/atmosphere illref-atm-rainbow.jpg
102.11.02 18:16 B E:\référence 3.5\atmosphere\atm-sks.htm --> users.skynet.be /povfr/atmosphere atm-sks.htm
102.11.02 18:16 B E:\référence 3.5\atmosphere\atm-fog.htm --> users.skynet.be /povfr/atmosphere atm-fog.htm
102.11.02 18:16 B E:\référence 3.5\atmosphere\atm-aec.htm --> users.skynet.be /povfr/atmosphere atm-aec.htm
102.11.02 18:20 B E:\référence 3.5\atmosphere\atm-aec.htm --> users.skynet.be /povfr/atmosphere atm-aec.htm
102.11.02 18:20 B E:\référence 3.5\atmosphere\atm-bkg.htm --> users.skynet.be /povfr/atmosphere atm-bkg.htm
102.11.02 18:20 B E:\référence 3.5\atmosphere\atm-fog.htm --> users.skynet.be /povfr/atmosphere atm-fog.htm
102.11.02 18:20 B E:\référence 3.5\atmosphere\atm-med.htm --> users.skynet.be /povfr/atmosphere atm-med.htm
102.11.02 18:20 B E:\référence 3.5\atmosphere\atm-sks.htm --> users.skynet.be /povfr/atmosphere atm-sks.htm
102.11.02 18:20 B E:\référence 3.5\atmosphere\illref-atm-rainbow.jpg --> users.skynet.be /povfr/atmosphere illref-atm-rainbow.jpg
102.11.02 18:20 B E:\référence 3.5\atmosphere\index-atm.htm --> users.skynet.be /povfr/atmosphere index-atm.htm
102.11.02 18:20 B E:\référence 3.5\atmosphere\ws_ftp.log --> users.skynet.be /povfr/atmosphere ws_ftp.log
103.02.15 21:15 B E:\référence 3.5\atmosphere\ws_ftp.log --> users.skynet.be /povfr/atmosphere ws_ftp.log
103.02.15 21:15 B E:\référence 3.5\atmosphere\index-atm.htm --> users.skynet.be /povfr/atmosphere index-atm.htm
103.02.15 21:15 B E:\référence 3.5\atmosphere\atm-aec.htm --> users.skynet.be /povfr/atmosphere atm-aec.htm
103.02.15 21:15 B E:\référence 3.5\atmosphere\atm-med.htm --> users.skynet.be /povfr/atmosphere atm-med.htm
103.02.15 21:15 B E:\référence 3.5\atmosphere\atm-fog.htm --> users.skynet.be /povfr/atmosphere atm-fog.htm
103.02.15 21:15 B E:\référence 3.5\atmosphere\illref-atm-rainbow.jpg --> users.skynet.be /povfr/atmosphere illref-atm-rainbow.jpg
103.02.15 21:15 B E:\référence 3.5\atmosphere\atm-bkg.htm --> users.skynet.be /povfr/atmosphere atm-bkg.htm
103.02.15 21:15 B E:\référence 3.5\atmosphere\atm-sks.htm --> users.skynet.be /povfr/atmosphere atm-sks.htm
103.11.10 19:13 B E:\référence 3.5\atmosphere\atm-aec.htm --> users.skynet.be /povfr/atmosphere atm-aec.htm
103.11.10 19:13 B E:\référence 3.5\atmosphere\atm-bkg.htm --> users.skynet.be /povfr/atmosphere atm-bkg.htm
103.11.10 19:13 B E:\référence 3.5\atmosphere\atm-fog.htm --> users.skynet.be /povfr/atmosphere atm-fog.htm
103.11.10 19:13 B E:\référence 3.5\atmosphere\atm-med.htm --> users.skynet.be /povfr/atmosphere atm-med.htm
103.11.10 19:13 B E:\référence 3.5\atmosphere\atm-sks.htm --> users.skynet.be /povfr/atmosphere atm-sks.htm
103.11.10 19:13 B E:\référence 3.5\atmosphere\illref-atm-rainbow.jpg --> users.skynet.be /povfr/atmosphere illref-atm-rainbow.jpg
103.11.10 19:13 B E:\référence 3.5\atmosphere\index-atm.htm --> users.skynet.be /povfr/atmosphere index-atm.htm
103.11.10 19:13 B E:\référence 3.5\atmosphere\ws_ftp.log --> users.skynet.be /povfr/atmosphere ws_ftp.log
103.11.16 12:28 B E:\référence 3.5\atmosphere\atm-aec.htm --> users.skynet.be /povfr/atmosphere atm-aec.htm
103.11.16 12:28 B E:\référence 3.5\atmosphere\atm-bkg.htm --> users.skynet.be /povfr/atmosphere atm-bkg.htm
103.11.16 12:28 B E:\référence 3.5\atmosphere\atm-fog.htm --> users.skynet.be /povfr/atmosphere atm-fog.htm
103.11.16 12:28 B E:\référence 3.5\atmosphere\atm-glo.htm --> users.skynet.be /povfr/atmosphere atm-glo.htm
103.11.16 12:28 B E:\référence 3.5\atmosphere\atm-med.htm --> users.skynet.be /povfr/atmosphere atm-med.htm
103.11.16 12:28 B E:\référence 3.5\atmosphere\atm-sks.htm --> users.skynet.be /povfr/atmosphere atm-sks.htm
103.11.16 12:28 B E:\référence 3.5\atmosphere\illref-atm-glow-01.jpg --> users.skynet.be /povfr/atmosphere illref-atm-glow-01.jpg
103.11.16 12:28 B E:\référence 3.5\atmosphere\illref-atm-glow-02.jpg --> users.skynet.be /povfr/atmosphere illref-atm-glow-02.jpg
103.11.16 12:28 B E:\référence 3.5\atmosphere\illref-atm-rainbow.jpg --> users.skynet.be /povfr/atmosphere illref-atm-rainbow.jpg
103.11.16 12:28 B E:\référence 3.5\atmosphere\index-atm.htm --> users.skynet.be /povfr/atmosphere index-atm.htm
103.11.16 12:28 B E:\référence 3.5\atmosphere\ws_ftp.log --> users.skynet.be /povfr/atmosphere ws_ftp.log
103.11.16 12:29 B E:\référence 3.5\atmosphere\~temp00.htm --> users.skynet.be /povfr/atmosphere ~temp00.htm
