102.08.08 20:09 B E:\référence 3.5\directives\dir-deb.htm --> users.skynet.be /povfr/directives dir-deb.htm
102.08.08 20:09 B E:\référence 3.5\directives\dir-dec.htm --> users.skynet.be /povfr/directives dir-dec.htm
102.08.08 20:09 B E:\référence 3.5\directives\dir-def.htm --> users.skynet.be /povfr/directives dir-def.htm
102.08.08 20:09 B E:\référence 3.5\directives\dir-fil.htm --> users.skynet.be /povfr/directives dir-fil.htm
102.08.08 20:09 B E:\référence 3.5\directives\dir-if.htm --> users.skynet.be /povfr/directives dir-if.htm
102.08.08 20:09 B E:\référence 3.5\directives\dir-inc.htm --> users.skynet.be /povfr/directives dir-inc.htm
102.08.08 20:09 B E:\référence 3.5\directives\dir-swi.htm --> users.skynet.be /povfr/directives dir-swi.htm
102.08.08 20:09 B E:\référence 3.5\directives\dir-whi.htm --> users.skynet.be /povfr/directives dir-whi.htm
102.08.08 20:09 B E:\référence 3.5\directives\index-dir.htm --> users.skynet.be /povfr/directives index-dir.htm
102.08.08 20:09 B E:\référence 3.5\directives\~temp00.htm --> users.skynet.be /povfr/directives ~temp00.htm
102.11.02 18:17 B E:\référence 3.5\directives\ws_ftp.log --> users.skynet.be /povfr/directives ws_ftp.log
102.11.02 18:17 B E:\référence 3.5\directives\index-dir.htm --> users.skynet.be /povfr/directives index-dir.htm
102.11.02 18:17 B E:\référence 3.5\directives\dir-if.htm --> users.skynet.be /povfr/directives dir-if.htm
102.11.02 18:17 B E:\référence 3.5\directives\dir-def.htm --> users.skynet.be /povfr/directives dir-def.htm
102.11.02 18:17 B E:\référence 3.5\directives\dir-whi.htm --> users.skynet.be /povfr/directives dir-whi.htm
102.11.02 18:17 B E:\référence 3.5\directives\dir-dec.htm --> users.skynet.be /povfr/directives dir-dec.htm
102.11.02 18:17 B E:\référence 3.5\directives\dir-deb.htm --> users.skynet.be /povfr/directives dir-deb.htm
102.11.02 18:17 B E:\référence 3.5\directives\dir-swi.htm --> users.skynet.be /povfr/directives dir-swi.htm
102.11.02 18:17 B E:\référence 3.5\directives\dir-inc.htm --> users.skynet.be /povfr/directives dir-inc.htm
102.11.02 18:17 B E:\référence 3.5\directives\dir-fil.htm --> users.skynet.be /povfr/directives dir-fil.htm
102.11.02 18:23 B E:\référence 3.5\directives\dir-deb.htm --> users.skynet.be /povfr/directives dir-deb.htm
102.11.02 18:23 B E:\référence 3.5\directives\dir-dec.htm --> users.skynet.be /povfr/directives dir-dec.htm
102.11.02 18:23 B E:\référence 3.5\directives\dir-def.htm --> users.skynet.be /povfr/directives dir-def.htm
102.11.02 18:23 B E:\référence 3.5\directives\dir-fil.htm --> users.skynet.be /povfr/directives dir-fil.htm
102.11.02 18:23 B E:\référence 3.5\directives\dir-if.htm --> users.skynet.be /povfr/directives dir-if.htm
102.11.02 18:23 B E:\référence 3.5\directives\dir-inc.htm --> users.skynet.be /povfr/directives dir-inc.htm
102.11.02 18:23 B E:\référence 3.5\directives\dir-swi.htm --> users.skynet.be /povfr/directives dir-swi.htm
102.11.02 18:23 B E:\référence 3.5\directives\dir-whi.htm --> users.skynet.be /povfr/directives dir-whi.htm
102.11.02 18:23 B E:\référence 3.5\directives\index-dir.htm --> users.skynet.be /povfr/directives index-dir.htm
102.11.02 18:23 B E:\référence 3.5\directives\ws_ftp.log --> users.skynet.be /povfr/directives ws_ftp.log
103.02.15 21:16 B E:\référence 3.5\directives\dir-mac-gen.htm --> users.skynet.be /povfr/directives dir-mac-gen.htm
103.02.15 21:16 B E:\référence 3.5\directives\dir-mac-ex.htm --> users.skynet.be /povfr/directives dir-mac-ex.htm
103.02.15 21:16 B E:\référence 3.5\directives\index-dir.htm --> users.skynet.be /povfr/directives index-dir.htm
103.02.15 21:16 B E:\référence 3.5\directives\ws_ftp.log --> users.skynet.be /povfr/directives ws_ftp.log
103.02.15 21:16 B E:\référence 3.5\directives\dir-fil.htm --> users.skynet.be /povfr/directives dir-fil.htm
103.02.15 21:16 B E:\référence 3.5\directives\dir-whi.htm --> users.skynet.be /povfr/directives dir-whi.htm
103.02.15 21:16 B E:\référence 3.5\directives\dir-swi.htm --> users.skynet.be /povfr/directives dir-swi.htm
103.02.15 21:16 B E:\référence 3.5\directives\dir-if.htm --> users.skynet.be /povfr/directives dir-if.htm
103.02.15 21:16 B E:\référence 3.5\directives\dir-def.htm --> users.skynet.be /povfr/directives dir-def.htm
103.02.15 21:16 B E:\référence 3.5\directives\dir-dec.htm --> users.skynet.be /povfr/directives dir-dec.htm
103.02.15 21:16 B E:\référence 3.5\directives\dir-deb.htm --> users.skynet.be /povfr/directives dir-deb.htm
103.02.15 21:16 B E:\référence 3.5\directives\dir-inc.htm --> users.skynet.be /povfr/directives dir-inc.htm
103.02.15 21:16 B E:\référence 3.5\directives\macro3.jpg --> users.skynet.be /povfr/directives macro3.jpg
103.02.15 21:16 B E:\référence 3.5\directives\macro1.jpg --> users.skynet.be /povfr/directives macro1.jpg
103.02.15 21:16 B E:\référence 3.5\directives\macro2.jpg --> users.skynet.be /povfr/directives macro2.jpg
103.11.10 19:14 B E:\référence 3.5\directives\dir-deb.htm --> users.skynet.be /povfr/directives dir-deb.htm
103.11.10 19:14 B E:\référence 3.5\directives\dir-dec.htm --> users.skynet.be /povfr/directives dir-dec.htm
103.11.10 19:14 B E:\référence 3.5\directives\dir-def.htm --> users.skynet.be /povfr/directives dir-def.htm
103.11.10 19:14 B E:\référence 3.5\directives\dir-fil.htm --> users.skynet.be /povfr/directives dir-fil.htm
103.11.10 19:14 B E:\référence 3.5\directives\dir-if.htm --> users.skynet.be /povfr/directives dir-if.htm
103.11.10 19:14 B E:\référence 3.5\directives\dir-inc.htm --> users.skynet.be /povfr/directives dir-inc.htm
103.11.10 19:14 B E:\référence 3.5\directives\dir-mac-ex.htm --> users.skynet.be /povfr/directives dir-mac-ex.htm
103.11.10 19:14 B E:\référence 3.5\directives\dir-mac-gen.htm --> users.skynet.be /povfr/directives dir-mac-gen.htm
103.11.10 19:14 B E:\référence 3.5\directives\dir-swi.htm --> users.skynet.be /povfr/directives dir-swi.htm
103.11.10 19:14 B E:\référence 3.5\directives\dir-whi.htm --> users.skynet.be /povfr/directives dir-whi.htm
103.11.10 19:14 B E:\référence 3.5\directives\index-dir.htm --> users.skynet.be /povfr/directives index-dir.htm
103.11.10 19:14 B E:\référence 3.5\directives\macro1.jpg --> users.skynet.be /povfr/directives macro1.jpg
103.11.10 19:14 B E:\référence 3.5\directives\macro2.jpg --> users.skynet.be /povfr/directives macro2.jpg
103.11.10 19:14 B E:\référence 3.5\directives\macro3.jpg --> users.skynet.be /povfr/directives macro3.jpg
103.11.10 19:14 B E:\référence 3.5\directives\ws_ftp.log --> users.skynet.be /povfr/directives ws_ftp.log
