102.08.08 20:09 B E:\référence 3.5\fonctions\fct-boo-fct.htm --> users.skynet.be /povfr/fonctions fct-boo-fct.htm
102.08.08 20:09 B E:\référence 3.5\fonctions\fct-boo-gen.htm --> users.skynet.be /povfr/fonctions fct-boo-gen.htm
102.08.08 20:09 B E:\référence 3.5\fonctions\fct-dec-ari.htm --> users.skynet.be /povfr/fonctions fct-dec-ari.htm
102.08.08 20:09 B E:\référence 3.5\fonctions\fct-dec-arr.htm --> users.skynet.be /povfr/fonctions fct-dec-arr.htm
102.08.08 20:09 B E:\référence 3.5\fonctions\fct-dec-gen.htm --> users.skynet.be /povfr/fonctions fct-dec-gen.htm
102.08.08 20:09 B E:\référence 3.5\fonctions\fct-dec-rnd.htm --> users.skynet.be /povfr/fonctions fct-dec-rnd.htm
102.08.08 20:09 B E:\référence 3.5\fonctions\fct-dec-tri.htm --> users.skynet.be /povfr/fonctions fct-dec-tri.htm
102.08.08 20:09 B E:\référence 3.5\fonctions\fct-iso-01.htm --> users.skynet.be /povfr/fonctions fct-iso-01.htm
102.08.08 20:09 B E:\référence 3.5\fonctions\fct-str-fct.htm --> users.skynet.be /povfr/fonctions fct-str-fct.htm
102.08.08 20:09 B E:\référence 3.5\fonctions\fct-str-gen.htm --> users.skynet.be /povfr/fonctions fct-str-gen.htm
102.08.08 20:09 B E:\référence 3.5\fonctions\fct-vec-01.htm --> users.skynet.be /povfr/fonctions fct-vec-01.htm
102.08.08 20:09 B E:\référence 3.5\fonctions\fct-vec-fct.htm --> users.skynet.be /povfr/fonctions fct-vec-fct.htm
102.08.08 20:09 B E:\référence 3.5\fonctions\fct-vec-gen.htm --> users.skynet.be /povfr/fonctions fct-vec-gen.htm
102.08.08 20:09 B E:\référence 3.5\fonctions\fct-vec-tra.htm --> users.skynet.be /povfr/fonctions fct-vec-tra.htm
102.08.08 20:09 B E:\référence 3.5\fonctions\i_internal09.png --> users.skynet.be /povfr/fonctions i_internal09.png
102.08.08 20:09 B E:\référence 3.5\fonctions\i_internal10.png --> users.skynet.be /povfr/fonctions i_internal10.png
102.08.08 20:09 B E:\référence 3.5\fonctions\i_internal20.png --> users.skynet.be /povfr/fonctions i_internal20.png
102.08.08 20:09 B E:\référence 3.5\fonctions\i_internal24.png --> users.skynet.be /povfr/fonctions i_internal24.png
102.08.08 20:09 B E:\référence 3.5\fonctions\i_internal25.png --> users.skynet.be /povfr/fonctions i_internal25.png
102.08.08 20:09 B E:\référence 3.5\fonctions\i_internal26.png --> users.skynet.be /povfr/fonctions i_internal26.png
102.08.08 20:09 B E:\référence 3.5\fonctions\i_internal27.png --> users.skynet.be /povfr/fonctions i_internal27.png
102.08.08 20:09 B E:\référence 3.5\fonctions\i_internal30.png --> users.skynet.be /povfr/fonctions i_internal30.png
102.08.08 20:09 B E:\référence 3.5\fonctions\i_internal33.png --> users.skynet.be /povfr/fonctions i_internal33.png
102.08.08 20:09 B E:\référence 3.5\fonctions\i_internal36.png --> users.skynet.be /povfr/fonctions i_internal36.png
102.08.08 20:09 B E:\référence 3.5\fonctions\i_internal38.png --> users.skynet.be /povfr/fonctions i_internal38.png
102.08.08 20:09 B E:\référence 3.5\fonctions\i_internal39.png --> users.skynet.be /povfr/fonctions i_internal39.png
102.08.08 20:10 B E:\référence 3.5\fonctions\i_internal41.png --> users.skynet.be /povfr/fonctions i_internal41.png
102.08.08 20:10 B E:\référence 3.5\fonctions\i_internal49.png --> users.skynet.be /povfr/fonctions i_internal49.png
102.08.08 20:10 B E:\référence 3.5\fonctions\i_internal55.png --> users.skynet.be /povfr/fonctions i_internal55.png
102.08.08 20:10 B E:\référence 3.5\fonctions\i_internal58.png --> users.skynet.be /povfr/fonctions i_internal58.png
102.08.08 20:10 B E:\référence 3.5\fonctions\i_internal59.png --> users.skynet.be /povfr/fonctions i_internal59.png
102.08.08 20:10 B E:\référence 3.5\fonctions\i_internal60.png --> users.skynet.be /povfr/fonctions i_internal60.png
102.08.08 20:10 B E:\référence 3.5\fonctions\i_internal61.png --> users.skynet.be /povfr/fonctions i_internal61.png
102.08.08 20:10 B E:\référence 3.5\fonctions\i_internal62.png --> users.skynet.be /povfr/fonctions i_internal62.png
102.08.08 20:10 B E:\référence 3.5\fonctions\i_internal63.png --> users.skynet.be /povfr/fonctions i_internal63.png
102.08.08 20:10 B E:\référence 3.5\fonctions\i_internal64.png --> users.skynet.be /povfr/fonctions i_internal64.png
102.08.08 20:10 B E:\référence 3.5\fonctions\i_internal65.png --> users.skynet.be /povfr/fonctions i_internal65.png
102.08.08 20:10 B E:\référence 3.5\fonctions\i_internal69.png --> users.skynet.be /povfr/fonctions i_internal69.png
102.08.08 20:10 B E:\référence 3.5\fonctions\i_internal70.png --> users.skynet.be /povfr/fonctions i_internal70.png
102.08.08 20:10 B E:\référence 3.5\fonctions\i_internal71.png --> users.skynet.be /povfr/fonctions i_internal71.png
102.08.08 20:10 B E:\référence 3.5\fonctions\i_internal77.png --> users.skynet.be /povfr/fonctions i_internal77.png
102.08.08 20:10 B E:\référence 3.5\fonctions\illref-trigo.jpg --> users.skynet.be /povfr/fonctions illref-trigo.jpg
102.08.08 20:10 B E:\référence 3.5\fonctions\index-fct.htm --> users.skynet.be /povfr/fonctions index-fct.htm
102.08.08 20:10 B E:\référence 3.5\fonctions\trace-01.jpg --> users.skynet.be /povfr/fonctions trace-01.jpg
102.08.08 20:10 B E:\référence 3.5\fonctions\trace-02.jpg --> users.skynet.be /povfr/fonctions trace-02.jpg
102.11.02 18:17 B E:\référence 3.5\fonctions\fct-dec-arr.htm --> users.skynet.be /povfr/fonctions fct-dec-arr.htm
102.11.02 18:17 B E:\référence 3.5\fonctions\fct-boo-gen.htm --> users.skynet.be /povfr/fonctions fct-boo-gen.htm
102.11.02 18:17 B E:\référence 3.5\fonctions\index-fct.htm --> users.skynet.be /povfr/fonctions index-fct.htm
102.11.02 18:17 B E:\référence 3.5\fonctions\~temp00.htm --> users.skynet.be /povfr/fonctions ~temp00.htm
102.11.02 18:17 B E:\référence 3.5\fonctions\fct-dec-ari.htm --> users.skynet.be /povfr/fonctions fct-dec-ari.htm
102.11.02 18:17 B E:\référence 3.5\fonctions\fct-dec-gen.htm --> users.skynet.be /povfr/fonctions fct-dec-gen.htm
102.11.02 18:17 B E:\référence 3.5\fonctions\fct-dec-tri.htm --> users.skynet.be /povfr/fonctions fct-dec-tri.htm
102.11.02 18:17 B E:\référence 3.5\fonctions\fct-boo-fct.htm --> users.skynet.be /povfr/fonctions fct-boo-fct.htm
102.11.02 18:17 B E:\référence 3.5\fonctions\fct-vec-fct.htm --> users.skynet.be /povfr/fonctions fct-vec-fct.htm
102.11.02 18:17 B E:\référence 3.5\fonctions\fct-str-gen.htm --> users.skynet.be /povfr/fonctions fct-str-gen.htm
102.11.02 18:17 B E:\référence 3.5\fonctions\fct-vec-01.htm --> users.skynet.be /povfr/fonctions fct-vec-01.htm
102.11.02 18:17 B E:\référence 3.5\fonctions\illref-tab-01.jpg --> users.skynet.be /povfr/fonctions illref-tab-01.jpg
102.11.02 18:17 B E:\référence 3.5\fonctions\fct-iso-01.htm --> users.skynet.be /povfr/fonctions fct-iso-01.htm
102.11.02 18:17 B E:\référence 3.5\fonctions\fct-vec-gen.htm --> users.skynet.be /povfr/fonctions fct-vec-gen.htm
102.11.02 18:17 B E:\référence 3.5\fonctions\i_internal61.png --> users.skynet.be /povfr/fonctions i_internal61.png
102.11.02 18:17 B E:\référence 3.5\fonctions\i_internal09.png --> users.skynet.be /povfr/fonctions i_internal09.png
102.11.02 18:17 B E:\référence 3.5\fonctions\ws_ftp.log --> users.skynet.be /povfr/fonctions ws_ftp.log
102.11.02 18:17 B E:\référence 3.5\fonctions\fct-dec-rnd.htm --> users.skynet.be /povfr/fonctions fct-dec-rnd.htm
102.11.02 18:17 B E:\référence 3.5\fonctions\fct-str-fct.htm --> users.skynet.be /povfr/fonctions fct-str-fct.htm
102.11.02 18:17 B E:\référence 3.5\fonctions\i_internal24.png --> users.skynet.be /povfr/fonctions i_internal24.png
102.11.02 18:17 B E:\référence 3.5\fonctions\fct-vec-tra.htm --> users.skynet.be /povfr/fonctions fct-vec-tra.htm
102.11.02 18:17 B E:\référence 3.5\fonctions\i_internal58.png --> users.skynet.be /povfr/fonctions i_internal58.png
102.11.02 18:17 B E:\référence 3.5\fonctions\i_internal63.png --> users.skynet.be /povfr/fonctions i_internal63.png
102.11.02 18:17 B E:\référence 3.5\fonctions\i_internal33.png --> users.skynet.be /povfr/fonctions i_internal33.png
102.11.02 18:17 B E:\référence 3.5\fonctions\i_internal55.png --> users.skynet.be /povfr/fonctions i_internal55.png
102.11.02 18:17 B E:\référence 3.5\fonctions\i_internal10.png --> users.skynet.be /povfr/fonctions i_internal10.png
102.11.02 18:17 B E:\référence 3.5\fonctions\fct-tab-gen.htm --> users.skynet.be /povfr/fonctions fct-tab-gen.htm
102.11.02 18:17 B E:\référence 3.5\fonctions\i_internal62.png --> users.skynet.be /povfr/fonctions i_internal62.png
102.11.02 18:17 B E:\référence 3.5\fonctions\i_internal69.png --> users.skynet.be /povfr/fonctions i_internal69.png
102.11.02 18:17 B E:\référence 3.5\fonctions\i_internal49.png --> users.skynet.be /povfr/fonctions i_internal49.png
102.11.02 18:17 B E:\référence 3.5\fonctions\i_internal20.png --> users.skynet.be /povfr/fonctions i_internal20.png
102.11.02 18:17 B E:\référence 3.5\fonctions\i_internal39.png --> users.skynet.be /povfr/fonctions i_internal39.png
102.11.02 18:17 B E:\référence 3.5\fonctions\i_internal71.png --> users.skynet.be /povfr/fonctions i_internal71.png
102.11.02 18:17 B E:\référence 3.5\fonctions\i_internal36.png --> users.skynet.be /povfr/fonctions i_internal36.png
102.11.02 18:18 B E:\référence 3.5\fonctions\i_internal38.png --> users.skynet.be /povfr/fonctions i_internal38.png
102.11.02 18:18 B E:\référence 3.5\fonctions\i_internal27.png --> users.skynet.be /povfr/fonctions i_internal27.png
102.11.02 18:18 B E:\référence 3.5\fonctions\i_internal70.png --> users.skynet.be /povfr/fonctions i_internal70.png
102.11.02 18:18 B E:\référence 3.5\fonctions\trace-01.jpg --> users.skynet.be /povfr/fonctions trace-01.jpg
102.11.02 18:18 B E:\référence 3.5\fonctions\trace-02.jpg --> users.skynet.be /povfr/fonctions trace-02.jpg
102.11.02 18:18 B E:\référence 3.5\fonctions\i_internal26.png --> users.skynet.be /povfr/fonctions i_internal26.png
102.11.02 18:18 B E:\référence 3.5\fonctions\i_internal77.png --> users.skynet.be /povfr/fonctions i_internal77.png
102.11.02 18:18 B E:\référence 3.5\fonctions\i_internal65.png --> users.skynet.be /povfr/fonctions i_internal65.png
102.11.02 18:18 B E:\référence 3.5\fonctions\i_internal60.png --> users.skynet.be /povfr/fonctions i_internal60.png
102.11.02 18:18 B E:\référence 3.5\fonctions\i_internal64.png --> users.skynet.be /povfr/fonctions i_internal64.png
102.11.02 18:18 B E:\référence 3.5\fonctions\i_internal25.png --> users.skynet.be /povfr/fonctions i_internal25.png
102.11.02 18:18 B E:\référence 3.5\fonctions\i_internal59.png --> users.skynet.be /povfr/fonctions i_internal59.png
102.11.02 18:18 B E:\référence 3.5\fonctions\i_internal41.png --> users.skynet.be /povfr/fonctions i_internal41.png
102.11.02 18:18 B E:\référence 3.5\fonctions\illref-trigo.jpg --> users.skynet.be /povfr/fonctions illref-trigo.jpg
102.11.02 18:18 B E:\référence 3.5\fonctions\i_internal30.png --> users.skynet.be /povfr/fonctions i_internal30.png
102.11.02 18:23 B E:\référence 3.5\fonctions\fct-boo-fct.htm --> users.skynet.be /povfr/fonctions fct-boo-fct.htm
102.11.02 18:23 B E:\référence 3.5\fonctions\fct-boo-gen.htm --> users.skynet.be /povfr/fonctions fct-boo-gen.htm
102.11.02 18:23 B E:\référence 3.5\fonctions\fct-dec-ari.htm --> users.skynet.be /povfr/fonctions fct-dec-ari.htm
102.11.02 18:23 B E:\référence 3.5\fonctions\fct-dec-arr.htm --> users.skynet.be /povfr/fonctions fct-dec-arr.htm
102.11.02 18:23 B E:\référence 3.5\fonctions\fct-dec-gen.htm --> users.skynet.be /povfr/fonctions fct-dec-gen.htm
102.11.02 18:23 B E:\référence 3.5\fonctions\fct-dec-rnd.htm --> users.skynet.be /povfr/fonctions fct-dec-rnd.htm
102.11.02 18:23 B E:\référence 3.5\fonctions\fct-dec-tri.htm --> users.skynet.be /povfr/fonctions fct-dec-tri.htm
102.11.02 18:23 B E:\référence 3.5\fonctions\fct-iso-01.htm --> users.skynet.be /povfr/fonctions fct-iso-01.htm
102.11.02 18:23 B E:\référence 3.5\fonctions\fct-str-fct.htm --> users.skynet.be /povfr/fonctions fct-str-fct.htm
102.11.02 18:23 B E:\référence 3.5\fonctions\fct-str-gen.htm --> users.skynet.be /povfr/fonctions fct-str-gen.htm
102.11.02 18:24 B E:\référence 3.5\fonctions\fct-tab-gen.htm --> users.skynet.be /povfr/fonctions fct-tab-gen.htm
102.11.02 18:24 B E:\référence 3.5\fonctions\fct-vec-01.htm --> users.skynet.be /povfr/fonctions fct-vec-01.htm
102.11.02 18:24 B E:\référence 3.5\fonctions\fct-vec-fct.htm --> users.skynet.be /povfr/fonctions fct-vec-fct.htm
102.11.02 18:24 B E:\référence 3.5\fonctions\fct-vec-gen.htm --> users.skynet.be /povfr/fonctions fct-vec-gen.htm
102.11.02 18:24 B E:\référence 3.5\fonctions\fct-vec-tra.htm --> users.skynet.be /povfr/fonctions fct-vec-tra.htm
102.11.02 18:24 B E:\référence 3.5\fonctions\i_internal09.png --> users.skynet.be /povfr/fonctions i_internal09.png
102.11.02 18:24 B E:\référence 3.5\fonctions\i_internal10.png --> users.skynet.be /povfr/fonctions i_internal10.png
102.11.02 18:24 B E:\référence 3.5\fonctions\i_internal20.png --> users.skynet.be /povfr/fonctions i_internal20.png
102.11.02 18:24 B E:\référence 3.5\fonctions\i_internal24.png --> users.skynet.be /povfr/fonctions i_internal24.png
102.11.02 18:24 B E:\référence 3.5\fonctions\i_internal25.png --> users.skynet.be /povfr/fonctions i_internal25.png
102.11.02 18:24 B E:\référence 3.5\fonctions\i_internal26.png --> users.skynet.be /povfr/fonctions i_internal26.png
102.11.02 18:24 B E:\référence 3.5\fonctions\i_internal27.png --> users.skynet.be /povfr/fonctions i_internal27.png
102.11.02 18:24 B E:\référence 3.5\fonctions\i_internal30.png --> users.skynet.be /povfr/fonctions i_internal30.png
102.11.02 18:24 B E:\référence 3.5\fonctions\i_internal33.png --> users.skynet.be /povfr/fonctions i_internal33.png
102.11.02 18:24 B E:\référence 3.5\fonctions\i_internal36.png --> users.skynet.be /povfr/fonctions i_internal36.png
102.11.02 18:24 B E:\référence 3.5\fonctions\i_internal38.png --> users.skynet.be /povfr/fonctions i_internal38.png
102.11.02 18:24 B E:\référence 3.5\fonctions\i_internal39.png --> users.skynet.be /povfr/fonctions i_internal39.png
102.11.02 18:24 B E:\référence 3.5\fonctions\i_internal41.png --> users.skynet.be /povfr/fonctions i_internal41.png
102.11.02 18:24 B E:\référence 3.5\fonctions\i_internal49.png --> users.skynet.be /povfr/fonctions i_internal49.png
102.11.02 18:24 B E:\référence 3.5\fonctions\i_internal55.png --> users.skynet.be /povfr/fonctions i_internal55.png
102.11.02 18:24 B E:\référence 3.5\fonctions\i_internal58.png --> users.skynet.be /povfr/fonctions i_internal58.png
102.11.02 18:24 B E:\référence 3.5\fonctions\i_internal59.png --> users.skynet.be /povfr/fonctions i_internal59.png
102.11.02 18:24 B E:\référence 3.5\fonctions\i_internal60.png --> users.skynet.be /povfr/fonctions i_internal60.png
102.11.02 18:24 B E:\référence 3.5\fonctions\i_internal61.png --> users.skynet.be /povfr/fonctions i_internal61.png
102.11.02 18:24 B E:\référence 3.5\fonctions\i_internal62.png --> users.skynet.be /povfr/fonctions i_internal62.png
102.11.02 18:24 B E:\référence 3.5\fonctions\i_internal63.png --> users.skynet.be /povfr/fonctions i_internal63.png
102.11.02 18:24 B E:\référence 3.5\fonctions\i_internal64.png --> users.skynet.be /povfr/fonctions i_internal64.png
102.11.02 18:24 B E:\référence 3.5\fonctions\i_internal65.png --> users.skynet.be /povfr/fonctions i_internal65.png
102.11.02 18:24 B E:\référence 3.5\fonctions\i_internal69.png --> users.skynet.be /povfr/fonctions i_internal69.png
102.11.02 18:24 B E:\référence 3.5\fonctions\i_internal70.png --> users.skynet.be /povfr/fonctions i_internal70.png
102.11.02 18:24 B E:\référence 3.5\fonctions\i_internal71.png --> users.skynet.be /povfr/fonctions i_internal71.png
102.11.02 18:24 B E:\référence 3.5\fonctions\i_internal77.png --> users.skynet.be /povfr/fonctions i_internal77.png
102.11.02 18:24 B E:\référence 3.5\fonctions\illref-tab-01.jpg --> users.skynet.be /povfr/fonctions illref-tab-01.jpg
102.11.02 18:24 B E:\référence 3.5\fonctions\illref-trigo.jpg --> users.skynet.be /povfr/fonctions illref-trigo.jpg
102.11.02 18:24 B E:\référence 3.5\fonctions\index-fct.htm --> users.skynet.be /povfr/fonctions index-fct.htm
102.11.02 18:24 B E:\référence 3.5\fonctions\trace-01.jpg --> users.skynet.be /povfr/fonctions trace-01.jpg
102.11.02 18:24 B E:\référence 3.5\fonctions\trace-02.jpg --> users.skynet.be /povfr/fonctions trace-02.jpg
102.11.02 18:24 B E:\référence 3.5\fonctions\ws_ftp.log --> users.skynet.be /povfr/fonctions ws_ftp.log
102.11.02 18:25 B E:\référence 3.5\fonctions\fct-boo-fct.htm --> users.skynet.be /povfr/fonctions fct-boo-fct.htm
102.11.02 18:25 B E:\référence 3.5\fonctions\fct-boo-gen.htm --> users.skynet.be /povfr/fonctions fct-boo-gen.htm
102.11.02 18:25 B E:\référence 3.5\fonctions\fct-dec-ari.htm --> users.skynet.be /povfr/fonctions fct-dec-ari.htm
102.11.02 18:25 B E:\référence 3.5\fonctions\fct-dec-arr.htm --> users.skynet.be /povfr/fonctions fct-dec-arr.htm
102.11.02 18:25 B E:\référence 3.5\fonctions\fct-dec-gen.htm --> users.skynet.be /povfr/fonctions fct-dec-gen.htm
102.11.02 18:25 B E:\référence 3.5\fonctions\fct-dec-rnd.htm --> users.skynet.be /povfr/fonctions fct-dec-rnd.htm
102.11.02 18:25 B E:\référence 3.5\fonctions\fct-dec-tri.htm --> users.skynet.be /povfr/fonctions fct-dec-tri.htm
102.11.02 18:25 B E:\référence 3.5\fonctions\fct-iso-01.htm --> users.skynet.be /povfr/fonctions fct-iso-01.htm
102.11.02 18:25 B E:\référence 3.5\fonctions\fct-str-fct.htm --> users.skynet.be /povfr/fonctions fct-str-fct.htm
102.11.02 18:25 B E:\référence 3.5\fonctions\fct-str-gen.htm --> users.skynet.be /povfr/fonctions fct-str-gen.htm
102.11.02 18:25 B E:\référence 3.5\fonctions\fct-tab-gen.htm --> users.skynet.be /povfr/fonctions fct-tab-gen.htm
102.11.02 18:25 B E:\référence 3.5\fonctions\fct-vec-01.htm --> users.skynet.be /povfr/fonctions fct-vec-01.htm
102.11.02 18:25 B E:\référence 3.5\fonctions\fct-vec-fct.htm --> users.skynet.be /povfr/fonctions fct-vec-fct.htm
102.11.02 18:25 B E:\référence 3.5\fonctions\fct-vec-gen.htm --> users.skynet.be /povfr/fonctions fct-vec-gen.htm
102.11.02 18:25 B E:\référence 3.5\fonctions\fct-vec-tra.htm --> users.skynet.be /povfr/fonctions fct-vec-tra.htm
102.11.02 18:25 B E:\référence 3.5\fonctions\i_internal09.png --> users.skynet.be /povfr/fonctions i_internal09.png
102.11.02 18:25 B E:\référence 3.5\fonctions\i_internal10.png --> users.skynet.be /povfr/fonctions i_internal10.png
102.11.02 18:25 B E:\référence 3.5\fonctions\i_internal20.png --> users.skynet.be /povfr/fonctions i_internal20.png
102.11.02 18:25 B E:\référence 3.5\fonctions\i_internal24.png --> users.skynet.be /povfr/fonctions i_internal24.png
102.11.02 18:25 B E:\référence 3.5\fonctions\i_internal25.png --> users.skynet.be /povfr/fonctions i_internal25.png
102.11.02 18:25 B E:\référence 3.5\fonctions\i_internal26.png --> users.skynet.be /povfr/fonctions i_internal26.png
102.11.02 18:25 B E:\référence 3.5\fonctions\i_internal27.png --> users.skynet.be /povfr/fonctions i_internal27.png
102.11.02 18:25 B E:\référence 3.5\fonctions\i_internal30.png --> users.skynet.be /povfr/fonctions i_internal30.png
102.11.02 18:25 B E:\référence 3.5\fonctions\i_internal33.png --> users.skynet.be /povfr/fonctions i_internal33.png
102.11.02 18:25 B E:\référence 3.5\fonctions\i_internal36.png --> users.skynet.be /povfr/fonctions i_internal36.png
102.11.02 18:25 B E:\référence 3.5\fonctions\i_internal38.png --> users.skynet.be /povfr/fonctions i_internal38.png
102.11.02 18:25 B E:\référence 3.5\fonctions\i_internal39.png --> users.skynet.be /povfr/fonctions i_internal39.png
102.11.02 18:25 B E:\référence 3.5\fonctions\i_internal41.png --> users.skynet.be /povfr/fonctions i_internal41.png
102.11.02 18:25 B E:\référence 3.5\fonctions\i_internal49.png --> users.skynet.be /povfr/fonctions i_internal49.png
102.11.02 18:25 B E:\référence 3.5\fonctions\i_internal55.png --> users.skynet.be /povfr/fonctions i_internal55.png
102.11.02 18:25 B E:\référence 3.5\fonctions\i_internal58.png --> users.skynet.be /povfr/fonctions i_internal58.png
102.11.02 18:25 B E:\référence 3.5\fonctions\i_internal59.png --> users.skynet.be /povfr/fonctions i_internal59.png
102.11.02 18:25 B E:\référence 3.5\fonctions\i_internal60.png --> users.skynet.be /povfr/fonctions i_internal60.png
102.11.02 18:25 B E:\référence 3.5\fonctions\i_internal61.png --> users.skynet.be /povfr/fonctions i_internal61.png
102.11.02 18:25 B E:\référence 3.5\fonctions\i_internal62.png --> users.skynet.be /povfr/fonctions i_internal62.png
102.11.02 18:25 B E:\référence 3.5\fonctions\i_internal63.png --> users.skynet.be /povfr/fonctions i_internal63.png
102.11.02 18:25 B E:\référence 3.5\fonctions\i_internal64.png --> users.skynet.be /povfr/fonctions i_internal64.png
102.11.02 18:25 B E:\référence 3.5\fonctions\i_internal65.png --> users.skynet.be /povfr/fonctions i_internal65.png
102.11.02 18:25 B E:\référence 3.5\fonctions\i_internal69.png --> users.skynet.be /povfr/fonctions i_internal69.png
102.11.02 18:25 B E:\référence 3.5\fonctions\i_internal70.png --> users.skynet.be /povfr/fonctions i_internal70.png
102.11.02 18:25 B E:\référence 3.5\fonctions\i_internal71.png --> users.skynet.be /povfr/fonctions i_internal71.png
102.11.02 18:25 B E:\référence 3.5\fonctions\i_internal77.png --> users.skynet.be /povfr/fonctions i_internal77.png
102.11.02 18:25 B E:\référence 3.5\fonctions\illref-tab-01.jpg --> users.skynet.be /povfr/fonctions illref-tab-01.jpg
102.11.02 18:26 B E:\référence 3.5\fonctions\illref-trigo.jpg --> users.skynet.be /povfr/fonctions illref-trigo.jpg
102.11.02 18:26 B E:\référence 3.5\fonctions\index-fct.htm --> users.skynet.be /povfr/fonctions index-fct.htm
102.11.02 18:26 B E:\référence 3.5\fonctions\trace-01.jpg --> users.skynet.be /povfr/fonctions trace-01.jpg
102.11.02 18:26 B E:\référence 3.5\fonctions\trace-02.jpg --> users.skynet.be /povfr/fonctions trace-02.jpg
102.11.02 18:26 B E:\référence 3.5\fonctions\ws_ftp.log --> users.skynet.be /povfr/fonctions ws_ftp.log
103.02.15 21:17 B E:\référence 3.5\fonctions\~temp01.htm --> users.skynet.be /povfr/fonctions ~temp01.htm
103.02.15 21:17 B E:\référence 3.5\fonctions\index-fct.htm --> users.skynet.be /povfr/fonctions index-fct.htm
103.02.15 21:17 B E:\référence 3.5\fonctions\ws_ftp.log --> users.skynet.be /povfr/fonctions ws_ftp.log
103.02.15 21:18 B E:\référence 3.5\fonctions\fct-str-gen.htm --> users.skynet.be /povfr/fonctions fct-str-gen.htm
103.02.15 21:18 B E:\référence 3.5\fonctions\fct-str-fct.htm --> users.skynet.be /povfr/fonctions fct-str-fct.htm
103.02.15 21:18 B E:\référence 3.5\fonctions\fct-vec-tra.htm --> users.skynet.be /povfr/fonctions fct-vec-tra.htm
103.02.15 21:18 B E:\référence 3.5\fonctions\fct-vec-gen.htm --> users.skynet.be /povfr/fonctions fct-vec-gen.htm
103.02.15 21:18 B E:\référence 3.5\fonctions\trace-02.jpg --> users.skynet.be /povfr/fonctions trace-02.jpg
103.02.15 21:18 B E:\référence 3.5\fonctions\trace-01.jpg --> users.skynet.be /povfr/fonctions trace-01.jpg
103.02.15 21:18 B E:\référence 3.5\fonctions\fct-vec-fct.htm --> users.skynet.be /povfr/fonctions fct-vec-fct.htm
103.02.15 21:18 B E:\référence 3.5\fonctions\fct-boo-fct.htm --> users.skynet.be /povfr/fonctions fct-boo-fct.htm
103.02.15 21:18 B E:\référence 3.5\fonctions\fct-boo-gen.htm --> users.skynet.be /povfr/fonctions fct-boo-gen.htm
103.02.15 21:18 B E:\référence 3.5\fonctions\fct-dec-rnd.htm --> users.skynet.be /povfr/fonctions fct-dec-rnd.htm
103.02.15 21:18 B E:\référence 3.5\fonctions\fct-dec-tri.htm --> users.skynet.be /povfr/fonctions fct-dec-tri.htm
103.02.15 21:18 B E:\référence 3.5\fonctions\illref-trigo.jpg --> users.skynet.be /povfr/fonctions illref-trigo.jpg
103.02.15 21:18 B E:\référence 3.5\fonctions\fct-dec-arr.htm --> users.skynet.be /povfr/fonctions fct-dec-arr.htm
103.02.15 21:18 B E:\référence 3.5\fonctions\fct-dec-ari.htm --> users.skynet.be /povfr/fonctions fct-dec-ari.htm
103.02.15 21:18 B E:\référence 3.5\fonctions\fct-dec-gen.htm --> users.skynet.be /povfr/fonctions fct-dec-gen.htm
103.02.15 21:18 B E:\référence 3.5\fonctions\fct-vec-01.htm --> users.skynet.be /povfr/fonctions fct-vec-01.htm
103.02.15 21:18 B E:\référence 3.5\fonctions\index-fct.htm --> users.skynet.be /povfr/fonctions index-fct.htm
103.02.15 21:18 B E:\référence 3.5\fonctions\fct-tab-gen.htm --> users.skynet.be /povfr/fonctions fct-tab-gen.htm
103.02.15 21:18 B E:\référence 3.5\fonctions\illref-tab-01.jpg --> users.skynet.be /povfr/fonctions illref-tab-01.jpg
103.02.15 21:18 B E:\référence 3.5\fonctions\fct-iso-01.htm --> users.skynet.be /povfr/fonctions fct-iso-01.htm
103.11.10 19:15 B E:\référence 3.5\fonctions\fct-boo-fct.htm --> users.skynet.be /povfr/fonctions fct-boo-fct.htm
103.11.10 19:15 B E:\référence 3.5\fonctions\fct-boo-gen.htm --> users.skynet.be /povfr/fonctions fct-boo-gen.htm
103.11.10 19:15 B E:\référence 3.5\fonctions\fct-dec-ari.htm --> users.skynet.be /povfr/fonctions fct-dec-ari.htm
103.11.10 19:15 B E:\référence 3.5\fonctions\fct-dec-arr.htm --> users.skynet.be /povfr/fonctions fct-dec-arr.htm
103.11.10 19:15 B E:\référence 3.5\fonctions\fct-dec-gen.htm --> users.skynet.be /povfr/fonctions fct-dec-gen.htm
103.11.10 19:15 B E:\référence 3.5\fonctions\fct-dec-rnd.htm --> users.skynet.be /povfr/fonctions fct-dec-rnd.htm
103.11.10 19:15 B E:\référence 3.5\fonctions\fct-dec-tri.htm --> users.skynet.be /povfr/fonctions fct-dec-tri.htm
103.11.10 19:15 B E:\référence 3.5\fonctions\fct-iso-01.htm --> users.skynet.be /povfr/fonctions fct-iso-01.htm
103.11.10 19:15 B E:\référence 3.5\fonctions\fct-str-fct.htm --> users.skynet.be /povfr/fonctions fct-str-fct.htm
103.11.10 19:15 B E:\référence 3.5\fonctions\fct-str-gen.htm --> users.skynet.be /povfr/fonctions fct-str-gen.htm
103.11.10 19:15 B E:\référence 3.5\fonctions\fct-tab-gen.htm --> users.skynet.be /povfr/fonctions fct-tab-gen.htm
103.11.10 19:15 B E:\référence 3.5\fonctions\fct-vec-01.htm --> users.skynet.be /povfr/fonctions fct-vec-01.htm
103.11.10 19:15 B E:\référence 3.5\fonctions\fct-vec-fct.htm --> users.skynet.be /povfr/fonctions fct-vec-fct.htm
103.11.10 19:15 B E:\référence 3.5\fonctions\fct-vec-gen.htm --> users.skynet.be /povfr/fonctions fct-vec-gen.htm
103.11.10 19:15 B E:\référence 3.5\fonctions\fct-vec-tra.htm --> users.skynet.be /povfr/fonctions fct-vec-tra.htm
103.11.10 19:15 B E:\référence 3.5\fonctions\i_internal09.png --> users.skynet.be /povfr/fonctions i_internal09.png
103.11.10 19:15 B E:\référence 3.5\fonctions\i_internal10.png --> users.skynet.be /povfr/fonctions i_internal10.png
103.11.10 19:15 B E:\référence 3.5\fonctions\i_internal20.png --> users.skynet.be /povfr/fonctions i_internal20.png
103.11.10 19:15 B E:\référence 3.5\fonctions\i_internal24.png --> users.skynet.be /povfr/fonctions i_internal24.png
103.11.10 19:15 B E:\référence 3.5\fonctions\i_internal25.png --> users.skynet.be /povfr/fonctions i_internal25.png
103.11.10 19:15 B E:\référence 3.5\fonctions\i_internal26.png --> users.skynet.be /povfr/fonctions i_internal26.png
103.11.10 19:15 B E:\référence 3.5\fonctions\i_internal27.png --> users.skynet.be /povfr/fonctions i_internal27.png
103.11.10 19:15 B E:\référence 3.5\fonctions\i_internal30.png --> users.skynet.be /povfr/fonctions i_internal30.png
103.11.10 19:15 B E:\référence 3.5\fonctions\i_internal33.png --> users.skynet.be /povfr/fonctions i_internal33.png
103.11.10 19:15 B E:\référence 3.5\fonctions\i_internal36.png --> users.skynet.be /povfr/fonctions i_internal36.png
103.11.10 19:15 B E:\référence 3.5\fonctions\i_internal38.png --> users.skynet.be /povfr/fonctions i_internal38.png
103.11.10 19:15 B E:\référence 3.5\fonctions\i_internal39.png --> users.skynet.be /povfr/fonctions i_internal39.png
103.11.10 19:15 B E:\référence 3.5\fonctions\i_internal41.png --> users.skynet.be /povfr/fonctions i_internal41.png
103.11.10 19:15 B E:\référence 3.5\fonctions\i_internal49.png --> users.skynet.be /povfr/fonctions i_internal49.png
103.11.10 19:15 B E:\référence 3.5\fonctions\i_internal55.png --> users.skynet.be /povfr/fonctions i_internal55.png
103.11.10 19:15 B E:\référence 3.5\fonctions\i_internal58.png --> users.skynet.be /povfr/fonctions i_internal58.png
103.11.10 19:15 B E:\référence 3.5\fonctions\i_internal59.png --> users.skynet.be /povfr/fonctions i_internal59.png
103.11.10 19:15 B E:\référence 3.5\fonctions\i_internal60.png --> users.skynet.be /povfr/fonctions i_internal60.png
103.11.10 19:15 B E:\référence 3.5\fonctions\i_internal61.png --> users.skynet.be /povfr/fonctions i_internal61.png
103.11.10 19:15 B E:\référence 3.5\fonctions\i_internal62.png --> users.skynet.be /povfr/fonctions i_internal62.png
103.11.10 19:15 B E:\référence 3.5\fonctions\i_internal63.png --> users.skynet.be /povfr/fonctions i_internal63.png
103.11.10 19:15 B E:\référence 3.5\fonctions\i_internal64.png --> users.skynet.be /povfr/fonctions i_internal64.png
103.11.10 19:15 B E:\référence 3.5\fonctions\i_internal65.png --> users.skynet.be /povfr/fonctions i_internal65.png
103.11.10 19:15 B E:\référence 3.5\fonctions\i_internal69.png --> users.skynet.be /povfr/fonctions i_internal69.png
103.11.10 19:15 B E:\référence 3.5\fonctions\i_internal70.png --> users.skynet.be /povfr/fonctions i_internal70.png
103.11.10 19:15 B E:\référence 3.5\fonctions\i_internal71.png --> users.skynet.be /povfr/fonctions i_internal71.png
103.11.10 19:15 B E:\référence 3.5\fonctions\i_internal77.png --> users.skynet.be /povfr/fonctions i_internal77.png
103.11.10 19:15 B E:\référence 3.5\fonctions\illref-tab-01.jpg --> users.skynet.be /povfr/fonctions illref-tab-01.jpg
103.11.10 19:15 B E:\référence 3.5\fonctions\illref-trigo.jpg --> users.skynet.be /povfr/fonctions illref-trigo.jpg
103.11.10 19:15 B E:\référence 3.5\fonctions\index-fct.htm --> users.skynet.be /povfr/fonctions index-fct.htm
103.11.10 19:15 B E:\référence 3.5\fonctions\trace-01.jpg --> users.skynet.be /povfr/fonctions trace-01.jpg
103.11.10 19:15 B E:\référence 3.5\fonctions\trace-02.jpg --> users.skynet.be /povfr/fonctions trace-02.jpg
103.11.10 19:15 B E:\référence 3.5\fonctions\ws_ftp.log --> users.skynet.be /povfr/fonctions ws_ftp.log
103.11.16 12:29 B E:\référence 3.5\fonctions\fct-boo-fct.htm --> users.skynet.be /povfr/fonctions fct-boo-fct.htm
103.11.16 12:29 B E:\référence 3.5\fonctions\fct-boo-gen.htm --> users.skynet.be /povfr/fonctions fct-boo-gen.htm
103.11.16 12:29 B E:\référence 3.5\fonctions\fct-dec-ari.htm --> users.skynet.be /povfr/fonctions fct-dec-ari.htm
103.11.16 12:29 B E:\référence 3.5\fonctions\fct-dec-arr.htm --> users.skynet.be /povfr/fonctions fct-dec-arr.htm
103.11.16 12:29 B E:\référence 3.5\fonctions\fct-dec-gen.htm --> users.skynet.be /povfr/fonctions fct-dec-gen.htm
103.11.16 12:29 B E:\référence 3.5\fonctions\fct-dec-rnd.htm --> users.skynet.be /povfr/fonctions fct-dec-rnd.htm
103.11.16 12:29 B E:\référence 3.5\fonctions\fct-dec-tri.htm --> users.skynet.be /povfr/fonctions fct-dec-tri.htm
103.11.16 12:29 B E:\référence 3.5\fonctions\fct-iso-01.htm --> users.skynet.be /povfr/fonctions fct-iso-01.htm
103.11.16 12:29 B E:\référence 3.5\fonctions\fct-str-fct.htm --> users.skynet.be /povfr/fonctions fct-str-fct.htm
103.11.16 12:29 B E:\référence 3.5\fonctions\fct-str-gen.htm --> users.skynet.be /povfr/fonctions fct-str-gen.htm
103.11.16 12:29 B E:\référence 3.5\fonctions\fct-tab-gen.htm --> users.skynet.be /povfr/fonctions fct-tab-gen.htm
103.11.16 12:29 B E:\référence 3.5\fonctions\fct-vec-01.htm --> users.skynet.be /povfr/fonctions fct-vec-01.htm
103.11.16 12:30 B E:\référence 3.5\fonctions\fct-vec-fct.htm --> users.skynet.be /povfr/fonctions fct-vec-fct.htm
103.11.16 12:30 B E:\référence 3.5\fonctions\fct-vec-gen.htm --> users.skynet.be /povfr/fonctions fct-vec-gen.htm
103.11.16 12:30 B E:\référence 3.5\fonctions\fct-vec-tra.htm --> users.skynet.be /povfr/fonctions fct-vec-tra.htm
103.11.16 12:30 B E:\référence 3.5\fonctions\i_internal09.png --> users.skynet.be /povfr/fonctions i_internal09.png
103.11.16 12:30 B E:\référence 3.5\fonctions\i_internal10.png --> users.skynet.be /povfr/fonctions i_internal10.png
103.11.16 12:30 B E:\référence 3.5\fonctions\i_internal20.png --> users.skynet.be /povfr/fonctions i_internal20.png
103.11.16 12:30 B E:\référence 3.5\fonctions\i_internal24.png --> users.skynet.be /povfr/fonctions i_internal24.png
103.11.16 12:30 B E:\référence 3.5\fonctions\i_internal25.png --> users.skynet.be /povfr/fonctions i_internal25.png
103.11.16 12:30 B E:\référence 3.5\fonctions\i_internal26.png --> users.skynet.be /povfr/fonctions i_internal26.png
103.11.16 12:30 B E:\référence 3.5\fonctions\i_internal27.png --> users.skynet.be /povfr/fonctions i_internal27.png
103.11.16 12:30 B E:\référence 3.5\fonctions\i_internal30.png --> users.skynet.be /povfr/fonctions i_internal30.png
103.11.16 12:30 B E:\référence 3.5\fonctions\i_internal33.png --> users.skynet.be /povfr/fonctions i_internal33.png
103.11.16 12:30 B E:\référence 3.5\fonctions\i_internal36.png --> users.skynet.be /povfr/fonctions i_internal36.png
103.11.16 12:30 B E:\référence 3.5\fonctions\i_internal38.png --> users.skynet.be /povfr/fonctions i_internal38.png
103.11.16 12:30 B E:\référence 3.5\fonctions\i_internal39.png --> users.skynet.be /povfr/fonctions i_internal39.png
103.11.16 12:30 B E:\référence 3.5\fonctions\i_internal41.png --> users.skynet.be /povfr/fonctions i_internal41.png
103.11.16 12:30 B E:\référence 3.5\fonctions\i_internal49.png --> users.skynet.be /povfr/fonctions i_internal49.png
103.11.16 12:30 B E:\référence 3.5\fonctions\i_internal55.png --> users.skynet.be /povfr/fonctions i_internal55.png
103.11.16 12:30 B E:\référence 3.5\fonctions\i_internal58.png --> users.skynet.be /povfr/fonctions i_internal58.png
103.11.16 12:30 B E:\référence 3.5\fonctions\i_internal59.png --> users.skynet.be /povfr/fonctions i_internal59.png
103.11.16 12:30 B E:\référence 3.5\fonctions\i_internal60.png --> users.skynet.be /povfr/fonctions i_internal60.png
103.11.16 12:31 B E:\référence 3.5\fonctions\i_internal61.png --> users.skynet.be /povfr/fonctions i_internal61.png
103.11.16 12:31 B E:\référence 3.5\fonctions\i_internal62.png --> users.skynet.be /povfr/fonctions i_internal62.png
103.11.16 12:31 B E:\référence 3.5\fonctions\i_internal63.png --> users.skynet.be /povfr/fonctions i_internal63.png
103.11.16 12:31 B E:\référence 3.5\fonctions\i_internal64.png --> users.skynet.be /povfr/fonctions i_internal64.png
103.11.16 12:31 B E:\référence 3.5\fonctions\i_internal65.png --> users.skynet.be /povfr/fonctions i_internal65.png
103.11.16 12:31 B E:\référence 3.5\fonctions\i_internal69.png --> users.skynet.be /povfr/fonctions i_internal69.png
103.11.16 12:31 B E:\référence 3.5\fonctions\i_internal70.png --> users.skynet.be /povfr/fonctions i_internal70.png
103.11.16 12:31 B E:\référence 3.5\fonctions\i_internal71.png --> users.skynet.be /povfr/fonctions i_internal71.png
103.11.16 12:31 B E:\référence 3.5\fonctions\i_internal77.png --> users.skynet.be /povfr/fonctions i_internal77.png
103.11.16 12:31 B E:\référence 3.5\fonctions\illref-tab-01.jpg --> users.skynet.be /povfr/fonctions illref-tab-01.jpg
103.11.16 12:31 B E:\référence 3.5\fonctions\illref-trigo.jpg --> users.skynet.be /povfr/fonctions illref-trigo.jpg
103.11.16 12:31 B E:\référence 3.5\fonctions\index-fct.htm --> users.skynet.be /povfr/fonctions index-fct.htm
103.11.16 12:31 B E:\référence 3.5\fonctions\trace-01.jpg --> users.skynet.be /povfr/fonctions trace-01.jpg
103.11.16 12:31 B E:\référence 3.5\fonctions\trace-02.jpg --> users.skynet.be /povfr/fonctions trace-02.jpg
103.11.16 12:32 B E:\référence 3.5\fonctions\ws_ftp.log --> users.skynet.be /povfr/fonctions ws_ftp.log
