102.08.08 20:08 B E:\référence 3.5\camlum\area01.jpg --> users.skynet.be /povfr/camlum area01.jpg
102.08.08 20:08 B E:\référence 3.5\camlum\area02.jpg --> users.skynet.be /povfr/camlum area02.jpg
102.08.08 20:08 B E:\référence 3.5\camlum\area03.jpg --> users.skynet.be /povfr/camlum area03.jpg
102.08.08 20:08 B E:\référence 3.5\camlum\area04.jpg --> users.skynet.be /povfr/camlum area04.jpg
102.08.08 20:08 B E:\référence 3.5\camlum\cam-came.htm --> users.skynet.be /povfr/camlum cam-came.htm
102.08.08 20:08 B E:\référence 3.5\camlum\cam-cyl1.png --> users.skynet.be /povfr/camlum cam-cyl1.png
102.08.08 20:08 B E:\référence 3.5\camlum\cam-cyl3.png --> users.skynet.be /povfr/camlum cam-cyl3.png
102.08.08 20:08 B E:\référence 3.5\camlum\cam-flou.htm --> users.skynet.be /povfr/camlum cam-flou.htm
102.08.08 20:08 B E:\référence 3.5\camlum\cam-ill-00.jpg --> users.skynet.be /povfr/camlum cam-ill-00.jpg
102.08.08 20:08 B E:\référence 3.5\camlum\cam-ill-01.jpg --> users.skynet.be /povfr/camlum cam-ill-01.jpg
102.08.08 20:08 B E:\référence 3.5\camlum\cam-ill-02.jpg --> users.skynet.be /povfr/camlum cam-ill-02.jpg
102.08.08 20:08 B E:\référence 3.5\camlum\cam-ill-03.jpg --> users.skynet.be /povfr/camlum cam-ill-03.jpg
102.08.08 20:08 B E:\référence 3.5\camlum\cam-ill-04.jpg --> users.skynet.be /povfr/camlum cam-ill-04.jpg
102.08.08 20:08 B E:\référence 3.5\camlum\cam-ill-05.jpg --> users.skynet.be /povfr/camlum cam-ill-05.jpg
102.08.08 20:08 B E:\référence 3.5\camlum\cam-ill-06.jpg --> users.skynet.be /povfr/camlum cam-ill-06.jpg
102.08.08 20:08 B E:\référence 3.5\camlum\cam-n01.jpg --> users.skynet.be /povfr/camlum cam-n01.jpg
102.08.08 20:08 B E:\référence 3.5\camlum\cam-n02.jpg --> users.skynet.be /povfr/camlum cam-n02.jpg
102.08.08 20:08 B E:\référence 3.5\camlum\cam-n03.jpg --> users.skynet.be /povfr/camlum cam-n03.jpg
102.08.08 20:08 B E:\référence 3.5\camlum\cam-n04.jpg --> users.skynet.be /povfr/camlum cam-n04.jpg
102.08.08 20:08 B E:\référence 3.5\camlum\cam-norm.htm --> users.skynet.be /povfr/camlum cam-norm.htm
102.08.08 20:08 B E:\référence 3.5\camlum\cam-posi.htm --> users.skynet.be /povfr/camlum cam-posi.htm
102.08.08 20:08 B E:\référence 3.5\camlum\cam-proj.htm --> users.skynet.be /povfr/camlum cam-proj.htm
102.08.08 20:08 B E:\référence 3.5\camlum\camortho.png --> users.skynet.be /povfr/camlum camortho.png
102.08.08 20:08 B E:\référence 3.5\camlum\camppers.jpg --> users.skynet.be /povfr/camlum camppers.jpg
102.08.08 20:08 B E:\référence 3.5\camlum\circular-demo.jpg --> users.skynet.be /povfr/camlum circular-demo.jpg
102.08.08 20:08 B E:\référence 3.5\camlum\index-clu.htm --> users.skynet.be /povfr/camlum index-clu.htm
102.08.08 20:08 B E:\référence 3.5\camlum\lgroup.jpg --> users.skynet.be /povfr/camlum lgroup.jpg
102.08.08 20:08 B E:\référence 3.5\camlum\lum-area.htm --> users.skynet.be /povfr/camlum lum-area.htm
102.08.08 20:08 B E:\référence 3.5\camlum\lum-form.htm --> users.skynet.be /povfr/camlum lum-form.htm
102.08.08 20:08 B E:\référence 3.5\camlum\lum-gene.htm --> users.skynet.be /povfr/camlum lum-gene.htm
102.08.08 20:08 B E:\référence 3.5\camlum\lum-grou.htm --> users.skynet.be /povfr/camlum lum-grou.htm
102.08.08 20:08 B E:\référence 3.5\camlum\lum-opti.htm --> users.skynet.be /povfr/camlum lum-opti.htm
102.08.08 20:08 B E:\référence 3.5\camlum\orient-demo.jpg --> users.skynet.be /povfr/camlum orient-demo.jpg
102.08.08 20:08 B E:\référence 3.5\camlum\proj-01.jpg --> users.skynet.be /povfr/camlum proj-01.jpg
102.08.08 20:08 B E:\référence 3.5\camlum\proj-02.jpg --> users.skynet.be /povfr/camlum proj-02.jpg
102.08.08 20:08 B E:\référence 3.5\camlum\proj-03.jpg --> users.skynet.be /povfr/camlum proj-03.jpg
102.08.08 20:08 B E:\référence 3.5\camlum\proj-04.jpg --> users.skynet.be /povfr/camlum proj-04.jpg
102.08.08 20:08 B E:\référence 3.5\camlum\proj-05.jpg --> users.skynet.be /povfr/camlum proj-05.jpg
102.08.08 20:08 B E:\référence 3.5\camlum\proj-06.jpg --> users.skynet.be /povfr/camlum proj-06.jpg
102.08.08 20:08 B E:\référence 3.5\camlum\proj-07.jpg --> users.skynet.be /povfr/camlum proj-07.jpg
102.08.08 20:08 B E:\référence 3.5\camlum\proj-08.jpg --> users.skynet.be /povfr/camlum proj-08.jpg
102.08.08 20:08 B E:\référence 3.5\camlum\proj-09.jpg --> users.skynet.be /povfr/camlum proj-09.jpg
102.08.08 20:08 B E:\référence 3.5\camlum\proj-10.jpg --> users.skynet.be /povfr/camlum proj-10.jpg
102.08.08 20:08 B E:\référence 3.5\camlum\proj-11.jpg --> users.skynet.be /povfr/camlum proj-11.jpg
102.08.08 20:08 B E:\référence 3.5\camlum\proj-12.jpg --> users.skynet.be /povfr/camlum proj-12.jpg
102.08.08 20:08 B E:\référence 3.5\camlum\spot.png --> users.skynet.be /povfr/camlum spot.png
102.08.08 20:08 B E:\référence 3.5\camlum\tight.jpg --> users.skynet.be /povfr/camlum tight.jpg
102.11.02 18:16 B E:\référence 3.5\camlum\index-clu.htm --> users.skynet.be /povfr/camlum index-clu.htm
102.11.02 18:16 B E:\référence 3.5\camlum\tight.jpg --> users.skynet.be /povfr/camlum tight.jpg
102.11.02 18:16 B E:\référence 3.5\camlum\cam-norm.htm --> users.skynet.be /povfr/camlum cam-norm.htm
102.11.02 18:16 B E:\référence 3.5\camlum\lgroup.jpg --> users.skynet.be /povfr/camlum lgroup.jpg
102.11.02 18:16 B E:\référence 3.5\camlum\lum-grou.htm --> users.skynet.be /povfr/camlum lum-grou.htm
102.11.02 18:16 B E:\référence 3.5\camlum\cam-came.htm --> users.skynet.be /povfr/camlum cam-came.htm
102.11.02 18:16 B E:\référence 3.5\camlum\cam-ill-00.jpg --> users.skynet.be /povfr/camlum cam-ill-00.jpg
102.11.02 18:16 B E:\référence 3.5\camlum\area03.jpg --> users.skynet.be /povfr/camlum area03.jpg
102.11.02 18:16 B E:\référence 3.5\camlum\area01.jpg --> users.skynet.be /povfr/camlum area01.jpg
102.11.02 18:16 B E:\référence 3.5\camlum\area04.jpg --> users.skynet.be /povfr/camlum area04.jpg
102.11.02 18:16 B E:\référence 3.5\camlum\area02.jpg --> users.skynet.be /povfr/camlum area02.jpg
102.11.02 18:16 B E:\référence 3.5\camlum\lum-gene.htm --> users.skynet.be /povfr/camlum lum-gene.htm
102.11.02 18:16 B E:\référence 3.5\camlum\cam-ill-03.jpg --> users.skynet.be /povfr/camlum cam-ill-03.jpg
102.11.02 18:16 B E:\référence 3.5\camlum\cam-ill-05.jpg --> users.skynet.be /povfr/camlum cam-ill-05.jpg
102.11.02 18:16 B E:\référence 3.5\camlum\cam-ill-02.jpg --> users.skynet.be /povfr/camlum cam-ill-02.jpg
102.11.02 18:16 B E:\référence 3.5\camlum\cam-ill-04.jpg --> users.skynet.be /povfr/camlum cam-ill-04.jpg
102.11.02 18:16 B E:\référence 3.5\camlum\cam-ill-01.jpg --> users.skynet.be /povfr/camlum cam-ill-01.jpg
102.11.02 18:16 B E:\référence 3.5\camlum\lum-opti.htm --> users.skynet.be /povfr/camlum lum-opti.htm
102.11.02 18:16 B E:\référence 3.5\camlum\cam-posi.htm --> users.skynet.be /povfr/camlum cam-posi.htm
102.11.02 18:16 B E:\référence 3.5\camlum\lum-form.htm --> users.skynet.be /povfr/camlum lum-form.htm
102.11.02 18:16 B E:\référence 3.5\camlum\cam-ill-06.jpg --> users.skynet.be /povfr/camlum cam-ill-06.jpg
102.11.02 18:16 B E:\référence 3.5\camlum\ws_ftp.log --> users.skynet.be /povfr/camlum ws_ftp.log
102.11.02 18:16 B E:\référence 3.5\camlum\cam-flou.htm --> users.skynet.be /povfr/camlum cam-flou.htm
102.11.02 18:16 B E:\référence 3.5\camlum\cam-proj.htm --> users.skynet.be /povfr/camlum cam-proj.htm
102.11.02 18:16 B E:\référence 3.5\camlum\lum-area.htm --> users.skynet.be /povfr/camlum lum-area.htm
102.11.02 18:16 B E:\référence 3.5\camlum\cam-n01.jpg --> users.skynet.be /povfr/camlum cam-n01.jpg
102.11.02 18:16 B E:\référence 3.5\camlum\cam-n02.jpg --> users.skynet.be /povfr/camlum cam-n02.jpg
102.11.02 18:16 B E:\référence 3.5\camlum\cam-n03.jpg --> users.skynet.be /povfr/camlum cam-n03.jpg
102.11.02 18:16 B E:\référence 3.5\camlum\cam-n04.jpg --> users.skynet.be /povfr/camlum cam-n04.jpg
102.11.02 18:16 B E:\référence 3.5\camlum\spot.png --> users.skynet.be /povfr/camlum spot.png
102.11.02 18:16 B E:\référence 3.5\camlum\proj-12.jpg --> users.skynet.be /povfr/camlum proj-12.jpg
102.11.02 18:16 B E:\référence 3.5\camlum\proj-03.jpg --> users.skynet.be /povfr/camlum proj-03.jpg
102.11.02 18:16 B E:\référence 3.5\camlum\proj-05.jpg --> users.skynet.be /povfr/camlum proj-05.jpg
102.11.02 18:16 B E:\référence 3.5\camlum\proj-06.jpg --> users.skynet.be /povfr/camlum proj-06.jpg
102.11.02 18:16 B E:\référence 3.5\camlum\proj-04.jpg --> users.skynet.be /povfr/camlum proj-04.jpg
102.11.02 18:16 B E:\référence 3.5\camlum\camppers.jpg --> users.skynet.be /povfr/camlum camppers.jpg
102.11.02 18:16 B E:\référence 3.5\camlum\proj-08.jpg --> users.skynet.be /povfr/camlum proj-08.jpg
102.11.02 18:16 B E:\référence 3.5\camlum\proj-11.jpg --> users.skynet.be /povfr/camlum proj-11.jpg
102.11.02 18:16 B E:\référence 3.5\camlum\proj-07.jpg --> users.skynet.be /povfr/camlum proj-07.jpg
102.11.02 18:16 B E:\référence 3.5\camlum\cam-cyl1.png --> users.skynet.be /povfr/camlum cam-cyl1.png
102.11.02 18:16 B E:\référence 3.5\camlum\cam-cyl3.png --> users.skynet.be /povfr/camlum cam-cyl3.png
102.11.02 18:16 B E:\référence 3.5\camlum\proj-01.jpg --> users.skynet.be /povfr/camlum proj-01.jpg
102.11.02 18:16 B E:\référence 3.5\camlum\proj-09.jpg --> users.skynet.be /povfr/camlum proj-09.jpg
102.11.02 18:16 B E:\référence 3.5\camlum\proj-02.jpg --> users.skynet.be /povfr/camlum proj-02.jpg
102.11.02 18:16 B E:\référence 3.5\camlum\proj-10.jpg --> users.skynet.be /povfr/camlum proj-10.jpg
102.11.02 18:16 B E:\référence 3.5\camlum\camortho.png --> users.skynet.be /povfr/camlum camortho.png
102.11.02 18:16 B E:\référence 3.5\camlum\orient-demo.jpg --> users.skynet.be /povfr/camlum orient-demo.jpg
102.11.02 18:16 B E:\référence 3.5\camlum\circular-demo.jpg --> users.skynet.be /povfr/camlum circular-demo.jpg
102.11.02 18:20 B E:\référence 3.5\camlum\area01.jpg --> users.skynet.be /povfr/camlum area01.jpg
102.11.02 18:21 B E:\référence 3.5\camlum\area02.jpg --> users.skynet.be /povfr/camlum area02.jpg
102.11.02 18:21 B E:\référence 3.5\camlum\area03.jpg --> users.skynet.be /povfr/camlum area03.jpg
102.11.02 18:21 B E:\référence 3.5\camlum\area04.jpg --> users.skynet.be /povfr/camlum area04.jpg
102.11.02 18:21 B E:\référence 3.5\camlum\cam-came.htm --> users.skynet.be /povfr/camlum cam-came.htm
102.11.02 18:21 B E:\référence 3.5\camlum\cam-cyl1.png --> users.skynet.be /povfr/camlum cam-cyl1.png
102.11.02 18:21 B E:\référence 3.5\camlum\cam-cyl3.png --> users.skynet.be /povfr/camlum cam-cyl3.png
102.11.02 18:21 B E:\référence 3.5\camlum\cam-flou.htm --> users.skynet.be /povfr/camlum cam-flou.htm
102.11.02 18:21 B E:\référence 3.5\camlum\cam-ill-00.jpg --> users.skynet.be /povfr/camlum cam-ill-00.jpg
102.11.02 18:21 B E:\référence 3.5\camlum\cam-ill-01.jpg --> users.skynet.be /povfr/camlum cam-ill-01.jpg
102.11.02 18:21 B E:\référence 3.5\camlum\cam-ill-02.jpg --> users.skynet.be /povfr/camlum cam-ill-02.jpg
102.11.02 18:21 B E:\référence 3.5\camlum\cam-ill-03.jpg --> users.skynet.be /povfr/camlum cam-ill-03.jpg
102.11.02 18:21 B E:\référence 3.5\camlum\cam-ill-04.jpg --> users.skynet.be /povfr/camlum cam-ill-04.jpg
102.11.02 18:21 B E:\référence 3.5\camlum\cam-ill-05.jpg --> users.skynet.be /povfr/camlum cam-ill-05.jpg
102.11.02 18:21 B E:\référence 3.5\camlum\cam-ill-06.jpg --> users.skynet.be /povfr/camlum cam-ill-06.jpg
102.11.02 18:21 B E:\référence 3.5\camlum\cam-n01.jpg --> users.skynet.be /povfr/camlum cam-n01.jpg
102.11.02 18:21 B E:\référence 3.5\camlum\cam-n02.jpg --> users.skynet.be /povfr/camlum cam-n02.jpg
102.11.02 18:21 B E:\référence 3.5\camlum\cam-n03.jpg --> users.skynet.be /povfr/camlum cam-n03.jpg
102.11.02 18:21 B E:\référence 3.5\camlum\cam-n04.jpg --> users.skynet.be /povfr/camlum cam-n04.jpg
102.11.02 18:21 B E:\référence 3.5\camlum\cam-norm.htm --> users.skynet.be /povfr/camlum cam-norm.htm
102.11.02 18:21 B E:\référence 3.5\camlum\cam-posi.htm --> users.skynet.be /povfr/camlum cam-posi.htm
102.11.02 18:21 B E:\référence 3.5\camlum\cam-proj.htm --> users.skynet.be /povfr/camlum cam-proj.htm
102.11.02 18:21 B E:\référence 3.5\camlum\camortho.png --> users.skynet.be /povfr/camlum camortho.png
102.11.02 18:21 B E:\référence 3.5\camlum\camppers.jpg --> users.skynet.be /povfr/camlum camppers.jpg
102.11.02 18:21 B E:\référence 3.5\camlum\circular-demo.jpg --> users.skynet.be /povfr/camlum circular-demo.jpg
102.11.02 18:21 B E:\référence 3.5\camlum\index-clu.htm --> users.skynet.be /povfr/camlum index-clu.htm
102.11.02 18:21 B E:\référence 3.5\camlum\lgroup.jpg --> users.skynet.be /povfr/camlum lgroup.jpg
102.11.02 18:21 B E:\référence 3.5\camlum\lum-area.htm --> users.skynet.be /povfr/camlum lum-area.htm
102.11.02 18:21 B E:\référence 3.5\camlum\lum-form.htm --> users.skynet.be /povfr/camlum lum-form.htm
102.11.02 18:21 B E:\référence 3.5\camlum\lum-gene.htm --> users.skynet.be /povfr/camlum lum-gene.htm
102.11.02 18:21 B E:\référence 3.5\camlum\lum-grou.htm --> users.skynet.be /povfr/camlum lum-grou.htm
102.11.02 18:21 B E:\référence 3.5\camlum\lum-opti.htm --> users.skynet.be /povfr/camlum lum-opti.htm
102.11.02 18:21 B E:\référence 3.5\camlum\orient-demo.jpg --> users.skynet.be /povfr/camlum orient-demo.jpg
102.11.02 18:21 B E:\référence 3.5\camlum\proj-01.jpg --> users.skynet.be /povfr/camlum proj-01.jpg
102.11.02 18:21 B E:\référence 3.5\camlum\proj-02.jpg --> users.skynet.be /povfr/camlum proj-02.jpg
102.11.02 18:21 B E:\référence 3.5\camlum\proj-03.jpg --> users.skynet.be /povfr/camlum proj-03.jpg
102.11.02 18:21 B E:\référence 3.5\camlum\proj-04.jpg --> users.skynet.be /povfr/camlum proj-04.jpg
102.11.02 18:21 B E:\référence 3.5\camlum\proj-05.jpg --> users.skynet.be /povfr/camlum proj-05.jpg
102.11.02 18:21 B E:\référence 3.5\camlum\proj-06.jpg --> users.skynet.be /povfr/camlum proj-06.jpg
102.11.02 18:21 B E:\référence 3.5\camlum\proj-07.jpg --> users.skynet.be /povfr/camlum proj-07.jpg
102.11.02 18:21 B E:\référence 3.5\camlum\proj-08.jpg --> users.skynet.be /povfr/camlum proj-08.jpg
102.11.02 18:21 B E:\référence 3.5\camlum\proj-09.jpg --> users.skynet.be /povfr/camlum proj-09.jpg
102.11.02 18:21 B E:\référence 3.5\camlum\proj-10.jpg --> users.skynet.be /povfr/camlum proj-10.jpg
102.11.02 18:21 B E:\référence 3.5\camlum\proj-11.jpg --> users.skynet.be /povfr/camlum proj-11.jpg
102.11.02 18:21 B E:\référence 3.5\camlum\proj-12.jpg --> users.skynet.be /povfr/camlum proj-12.jpg
102.11.02 18:21 B E:\référence 3.5\camlum\spot.png --> users.skynet.be /povfr/camlum spot.png
102.11.02 18:21 B E:\référence 3.5\camlum\tight.jpg --> users.skynet.be /povfr/camlum tight.jpg
102.11.02 18:21 B E:\référence 3.5\camlum\ws_ftp.log --> users.skynet.be /povfr/camlum ws_ftp.log
103.02.15 21:15 B E:\référence 3.5\camlum\ws_ftp.log --> users.skynet.be /povfr/camlum ws_ftp.log
103.02.15 21:15 B E:\référence 3.5\camlum\index-clu.htm --> users.skynet.be /povfr/camlum index-clu.htm
103.02.15 21:15 B E:\référence 3.5\camlum\lum-grou.htm --> users.skynet.be /povfr/camlum lum-grou.htm
103.02.15 21:15 B E:\référence 3.5\camlum\lum-form.htm --> users.skynet.be /povfr/camlum lum-form.htm
103.02.15 21:15 B E:\référence 3.5\camlum\cam-norm.htm --> users.skynet.be /povfr/camlum cam-norm.htm
103.02.15 21:15 B E:\référence 3.5\camlum\cam-proj.htm --> users.skynet.be /povfr/camlum cam-proj.htm
103.02.15 21:15 B E:\référence 3.5\camlum\proj-12.jpg --> users.skynet.be /povfr/camlum proj-12.jpg
103.02.15 21:15 B E:\référence 3.5\camlum\cam-posi.htm --> users.skynet.be /povfr/camlum cam-posi.htm
103.02.15 21:15 B E:\référence 3.5\camlum\cam-came.htm --> users.skynet.be /povfr/camlum cam-came.htm
103.02.15 21:15 B E:\référence 3.5\camlum\cam-ill-06.jpg --> users.skynet.be /povfr/camlum cam-ill-06.jpg
103.02.15 21:15 B E:\référence 3.5\camlum\cam-ill-05.jpg --> users.skynet.be /povfr/camlum cam-ill-05.jpg
103.02.15 21:15 B E:\référence 3.5\camlum\cam-ill-04.jpg --> users.skynet.be /povfr/camlum cam-ill-04.jpg
103.02.15 21:15 B E:\référence 3.5\camlum\cam-ill-03.jpg --> users.skynet.be /povfr/camlum cam-ill-03.jpg
103.02.15 21:15 B E:\référence 3.5\camlum\cam-ill-02.jpg --> users.skynet.be /povfr/camlum cam-ill-02.jpg
103.02.15 21:15 B E:\référence 3.5\camlum\cam-ill-01.jpg --> users.skynet.be /povfr/camlum cam-ill-01.jpg
103.02.15 21:15 B E:\référence 3.5\camlum\lum-opti.htm --> users.skynet.be /povfr/camlum lum-opti.htm
103.02.15 21:15 B E:\référence 3.5\camlum\lum-gene.htm --> users.skynet.be /povfr/camlum lum-gene.htm
103.02.15 21:15 B E:\référence 3.5\camlum\lum-area.htm --> users.skynet.be /povfr/camlum lum-area.htm
103.02.15 21:15 B E:\référence 3.5\camlum\cam-ill-00.jpg --> users.skynet.be /povfr/camlum cam-ill-00.jpg
103.02.15 21:15 B E:\référence 3.5\camlum\lgroup.jpg --> users.skynet.be /povfr/camlum lgroup.jpg
103.02.15 21:15 B E:\référence 3.5\camlum\orient-demo.jpg --> users.skynet.be /povfr/camlum orient-demo.jpg
103.02.15 21:15 B E:\référence 3.5\camlum\circular-demo.jpg --> users.skynet.be /povfr/camlum circular-demo.jpg
103.02.15 21:15 B E:\référence 3.5\camlum\proj-10.jpg --> users.skynet.be /povfr/camlum proj-10.jpg
103.02.15 21:15 B E:\référence 3.5\camlum\proj-11.jpg --> users.skynet.be /povfr/camlum proj-11.jpg
103.02.15 21:15 B E:\référence 3.5\camlum\proj-09.jpg --> users.skynet.be /povfr/camlum proj-09.jpg
103.02.15 21:15 B E:\référence 3.5\camlum\cam-flou.htm --> users.skynet.be /povfr/camlum cam-flou.htm
103.02.15 21:15 B E:\référence 3.5\camlum\proj-08.jpg --> users.skynet.be /povfr/camlum proj-08.jpg
103.02.15 21:15 B E:\référence 3.5\camlum\proj-07.jpg --> users.skynet.be /povfr/camlum proj-07.jpg
103.02.15 21:15 B E:\référence 3.5\camlum\proj-06.jpg --> users.skynet.be /povfr/camlum proj-06.jpg
103.02.15 21:15 B E:\référence 3.5\camlum\proj-05.jpg --> users.skynet.be /povfr/camlum proj-05.jpg
103.02.15 21:15 B E:\référence 3.5\camlum\proj-04.jpg --> users.skynet.be /povfr/camlum proj-04.jpg
103.02.15 21:15 B E:\référence 3.5\camlum\proj-03.jpg --> users.skynet.be /povfr/camlum proj-03.jpg
103.02.15 21:15 B E:\référence 3.5\camlum\proj-02.jpg --> users.skynet.be /povfr/camlum proj-02.jpg
103.02.15 21:15 B E:\référence 3.5\camlum\proj-01.jpg --> users.skynet.be /povfr/camlum proj-01.jpg
103.02.15 21:15 B E:\référence 3.5\camlum\cam-cyl3.png --> users.skynet.be /povfr/camlum cam-cyl3.png
103.02.15 21:15 B E:\référence 3.5\camlum\cam-cyl1.png --> users.skynet.be /povfr/camlum cam-cyl1.png
103.02.15 21:15 B E:\référence 3.5\camlum\cam-n04.jpg --> users.skynet.be /povfr/camlum cam-n04.jpg
103.02.15 21:15 B E:\référence 3.5\camlum\cam-n03.jpg --> users.skynet.be /povfr/camlum cam-n03.jpg
103.02.15 21:15 B E:\référence 3.5\camlum\cam-n02.jpg --> users.skynet.be /povfr/camlum cam-n02.jpg
103.02.15 21:15 B E:\référence 3.5\camlum\cam-n01.jpg --> users.skynet.be /povfr/camlum cam-n01.jpg
103.02.15 21:15 B E:\référence 3.5\camlum\camortho.png --> users.skynet.be /povfr/camlum camortho.png
103.02.15 21:15 B E:\référence 3.5\camlum\spot.png --> users.skynet.be /povfr/camlum spot.png
103.02.15 21:15 B E:\référence 3.5\camlum\area04.jpg --> users.skynet.be /povfr/camlum area04.jpg
103.02.15 21:15 B E:\référence 3.5\camlum\area03.jpg --> users.skynet.be /povfr/camlum area03.jpg
103.02.15 21:15 B E:\référence 3.5\camlum\area02.jpg --> users.skynet.be /povfr/camlum area02.jpg
103.02.15 21:15 B E:\référence 3.5\camlum\area01.jpg --> users.skynet.be /povfr/camlum area01.jpg
103.02.15 21:15 B E:\référence 3.5\camlum\tight.jpg --> users.skynet.be /povfr/camlum tight.jpg
103.02.15 21:15 B E:\référence 3.5\camlum\camppers.jpg --> users.skynet.be /povfr/camlum camppers.jpg
103.11.10 19:13 B E:\référence 3.5\camlum\area01.jpg --> users.skynet.be /povfr/camlum area01.jpg
103.11.10 19:13 B E:\référence 3.5\camlum\area02.jpg --> users.skynet.be /povfr/camlum area02.jpg
103.11.10 19:13 B E:\référence 3.5\camlum\area03.jpg --> users.skynet.be /povfr/camlum area03.jpg
103.11.10 19:13 B E:\référence 3.5\camlum\area04.jpg --> users.skynet.be /povfr/camlum area04.jpg
103.11.10 19:13 B E:\référence 3.5\camlum\cam-came.htm --> users.skynet.be /povfr/camlum cam-came.htm
103.11.10 19:13 B E:\référence 3.5\camlum\cam-cyl1.png --> users.skynet.be /povfr/camlum cam-cyl1.png
103.11.10 19:13 B E:\référence 3.5\camlum\cam-cyl3.png --> users.skynet.be /povfr/camlum cam-cyl3.png
103.11.10 19:13 B E:\référence 3.5\camlum\cam-flou.htm --> users.skynet.be /povfr/camlum cam-flou.htm
103.11.10 19:13 B E:\référence 3.5\camlum\cam-ill-00.jpg --> users.skynet.be /povfr/camlum cam-ill-00.jpg
103.11.10 19:13 B E:\référence 3.5\camlum\cam-ill-01.jpg --> users.skynet.be /povfr/camlum cam-ill-01.jpg
103.11.10 19:13 B E:\référence 3.5\camlum\cam-ill-02.jpg --> users.skynet.be /povfr/camlum cam-ill-02.jpg
103.11.10 19:13 B E:\référence 3.5\camlum\cam-ill-03.jpg --> users.skynet.be /povfr/camlum cam-ill-03.jpg
103.11.10 19:13 B E:\référence 3.5\camlum\cam-ill-04.jpg --> users.skynet.be /povfr/camlum cam-ill-04.jpg
103.11.10 19:13 B E:\référence 3.5\camlum\cam-ill-05.jpg --> users.skynet.be /povfr/camlum cam-ill-05.jpg
103.11.10 19:13 B E:\référence 3.5\camlum\cam-ill-06.jpg --> users.skynet.be /povfr/camlum cam-ill-06.jpg
103.11.10 19:13 B E:\référence 3.5\camlum\cam-n01.jpg --> users.skynet.be /povfr/camlum cam-n01.jpg
103.11.10 19:13 B E:\référence 3.5\camlum\cam-n02.jpg --> users.skynet.be /povfr/camlum cam-n02.jpg
103.11.10 19:13 B E:\référence 3.5\camlum\cam-n03.jpg --> users.skynet.be /povfr/camlum cam-n03.jpg
103.11.10 19:13 B E:\référence 3.5\camlum\cam-n04.jpg --> users.skynet.be /povfr/camlum cam-n04.jpg
103.11.10 19:13 B E:\référence 3.5\camlum\cam-norm.htm --> users.skynet.be /povfr/camlum cam-norm.htm
103.11.10 19:13 B E:\référence 3.5\camlum\cam-posi.htm --> users.skynet.be /povfr/camlum cam-posi.htm
103.11.10 19:13 B E:\référence 3.5\camlum\cam-proj.htm --> users.skynet.be /povfr/camlum cam-proj.htm
103.11.10 19:13 B E:\référence 3.5\camlum\camortho.png --> users.skynet.be /povfr/camlum camortho.png
103.11.10 19:13 B E:\référence 3.5\camlum\camppers.jpg --> users.skynet.be /povfr/camlum camppers.jpg
103.11.10 19:13 B E:\référence 3.5\camlum\circular-demo.jpg --> users.skynet.be /povfr/camlum circular-demo.jpg
103.11.10 19:13 B E:\référence 3.5\camlum\index-clu.htm --> users.skynet.be /povfr/camlum index-clu.htm
103.11.10 19:13 B E:\référence 3.5\camlum\lgroup.jpg --> users.skynet.be /povfr/camlum lgroup.jpg
103.11.10 19:13 B E:\référence 3.5\camlum\lum-area.htm --> users.skynet.be /povfr/camlum lum-area.htm
103.11.10 19:13 B E:\référence 3.5\camlum\lum-form.htm --> users.skynet.be /povfr/camlum lum-form.htm
103.11.10 19:13 B E:\référence 3.5\camlum\lum-gene.htm --> users.skynet.be /povfr/camlum lum-gene.htm
103.11.10 19:13 B E:\référence 3.5\camlum\lum-grou.htm --> users.skynet.be /povfr/camlum lum-grou.htm
103.11.10 19:13 B E:\référence 3.5\camlum\lum-opti.htm --> users.skynet.be /povfr/camlum lum-opti.htm
103.11.10 19:13 B E:\référence 3.5\camlum\orient-demo.jpg --> users.skynet.be /povfr/camlum orient-demo.jpg
103.11.10 19:14 B E:\référence 3.5\camlum\proj-01.jpg --> users.skynet.be /povfr/camlum proj-01.jpg
103.11.10 19:14 B E:\référence 3.5\camlum\proj-02.jpg --> users.skynet.be /povfr/camlum proj-02.jpg
103.11.10 19:14 B E:\référence 3.5\camlum\proj-03.jpg --> users.skynet.be /povfr/camlum proj-03.jpg
103.11.10 19:14 B E:\référence 3.5\camlum\proj-04.jpg --> users.skynet.be /povfr/camlum proj-04.jpg
103.11.10 19:14 B E:\référence 3.5\camlum\proj-05.jpg --> users.skynet.be /povfr/camlum proj-05.jpg
103.11.10 19:14 B E:\référence 3.5\camlum\proj-06.jpg --> users.skynet.be /povfr/camlum proj-06.jpg
103.11.10 19:14 B E:\référence 3.5\camlum\proj-07.jpg --> users.skynet.be /povfr/camlum proj-07.jpg
103.11.10 19:14 B E:\référence 3.5\camlum\proj-08.jpg --> users.skynet.be /povfr/camlum proj-08.jpg
103.11.10 19:14 B E:\référence 3.5\camlum\proj-09.jpg --> users.skynet.be /povfr/camlum proj-09.jpg
103.11.10 19:14 B E:\référence 3.5\camlum\proj-10.jpg --> users.skynet.be /povfr/camlum proj-10.jpg
103.11.10 19:14 B E:\référence 3.5\camlum\proj-11.jpg --> users.skynet.be /povfr/camlum proj-11.jpg
103.11.10 19:14 B E:\référence 3.5\camlum\proj-12.jpg --> users.skynet.be /povfr/camlum proj-12.jpg
103.11.10 19:14 B E:\référence 3.5\camlum\spot.png --> users.skynet.be /povfr/camlum spot.png
103.11.10 19:14 B E:\référence 3.5\camlum\tight.jpg --> users.skynet.be /povfr/camlum tight.jpg
103.11.10 19:14 B E:\référence 3.5\camlum\ws_ftp.log --> users.skynet.be /povfr/camlum ws_ftp.log
