103.02.15 21:13 B E:\référence 3.5\reglages\index-reg.htm --> users.skynet.be /povfr/reglages index-reg.htm
103.02.15 21:13 B E:\référence 3.5\reglages\bounding.png --> users.skynet.be /povfr/reglages bounding.png
103.02.15 21:13 B E:\référence 3.5\reglages\reg-bbox.htm --> users.skynet.be /povfr/reglages reg-bbox.htm
103.02.15 21:13 B E:\référence 3.5\reglages\reg-ini-aff.htm --> users.skynet.be /povfr/reglages reg-ini-aff.htm
103.02.15 21:13 B E:\référence 3.5\reglages\reg-gs-gam.htm --> users.skynet.be /povfr/reglages reg-gs-gam.htm
103.02.15 21:13 B E:\référence 3.5\reglages\reg-ini-int.htm --> users.skynet.be /povfr/reglages reg-ini-int.htm
103.02.15 21:13 B E:\référence 3.5\reglages\reg-ini-gen.htm --> users.skynet.be /povfr/reglages reg-ini-gen.htm
103.02.15 21:13 B E:\référence 3.5\reglages\reg-ini-ren.htm --> users.skynet.be /povfr/reglages reg-ini-ren.htm
103.02.15 21:13 B E:\référence 3.5\reglages\reg-ini-aaa.htm --> users.skynet.be /povfr/reglages reg-ini-aaa.htm
103.02.15 21:13 B E:\référence 3.5\reglages\reg-ini-out.htm --> users.skynet.be /povfr/reglages reg-ini-out.htm
103.02.15 21:13 B E:\référence 3.5\reglages\reg-gs-txt.htm --> users.skynet.be /povfr/reglages reg-gs-txt.htm
103.02.15 21:13 B E:\référence 3.5\reglages\reg-gs-tex.htm --> users.skynet.be /povfr/reglages reg-gs-tex.htm
103.02.15 21:13 B E:\référence 3.5\reglages\reg-gs-max.htm --> users.skynet.be /povfr/reglages reg-gs-max.htm
103.02.15 21:13 B E:\référence 3.5\reglages\reg-gs-amb.htm --> users.skynet.be /povfr/reglages reg-gs-amb.htm
103.02.15 21:13 B E:\référence 3.5\reglages\reg-gs-noise3b.jpg --> users.skynet.be /povfr/reglages reg-gs-noise3b.jpg
103.02.15 21:13 B E:\référence 3.5\reglages\reg-gs-noise3a.jpg --> users.skynet.be /povfr/reglages reg-gs-noise3a.jpg
103.02.15 21:13 B E:\référence 3.5\reglages\reg-gs-noise2b.jpg --> users.skynet.be /povfr/reglages reg-gs-noise2b.jpg
103.02.15 21:13 B E:\référence 3.5\reglages\reg-gs-noise2a.jpg --> users.skynet.be /povfr/reglages reg-gs-noise2a.jpg
103.02.15 21:13 B E:\référence 3.5\reglages\reg-gs-noise1c.jpg --> users.skynet.be /povfr/reglages reg-gs-noise1c.jpg
103.02.15 21:13 B E:\référence 3.5\reglages\reg-gs-noise1b.jpg --> users.skynet.be /povfr/reglages reg-gs-noise1b.jpg
103.02.15 21:13 B E:\référence 3.5\reglages\reg-gs-noise1a.jpg --> users.skynet.be /povfr/reglages reg-gs-noise1a.jpg
103.02.15 21:13 B E:\référence 3.5\reglages\reg-gs-hfg.htm --> users.skynet.be /povfr/reglages reg-gs-hfg.htm
103.02.15 21:13 B E:\référence 3.5\reglages\reg-gs-gen.htm --> users.skynet.be /povfr/reglages reg-gs-gen.htm
103.02.15 21:13 B E:\référence 3.5\reglages\reg-gs-ver.htm --> users.skynet.be /povfr/reglages reg-gs-ver.htm
103.02.15 21:13 B E:\référence 3.5\reglages\aa05.png --> users.skynet.be /povfr/reglages aa05.png
103.02.15 21:13 B E:\référence 3.5\reglages\aa04.png --> users.skynet.be /povfr/reglages aa04.png
103.02.15 21:13 B E:\référence 3.5\reglages\aa03.png --> users.skynet.be /povfr/reglages aa03.png
103.02.15 21:13 B E:\référence 3.5\reglages\aa02.png --> users.skynet.be /povfr/reglages aa02.png
103.02.15 21:13 B E:\référence 3.5\reglages\aa01.png --> users.skynet.be /povfr/reglages aa01.png
103.02.15 21:23 B E:\référence 3.5\reglages\ws_ftp.log --> users.skynet.be /povfr/reglages ws_ftp.log
103.02.15 21:23 B E:\référence 3.5\reglages\index-reg.htm --> users.skynet.be /povfr/reglages index-reg.htm
103.02.15 21:23 B E:\référence 3.5\reglages\bounding.png --> users.skynet.be /povfr/reglages bounding.png
103.02.15 21:23 B E:\référence 3.5\reglages\reg-bbox.htm --> users.skynet.be /povfr/reglages reg-bbox.htm
103.02.15 21:23 B E:\référence 3.5\reglages\reg-ini-aff.htm --> users.skynet.be /povfr/reglages reg-ini-aff.htm
103.02.15 21:23 B E:\référence 3.5\reglages\reg-gs-gam.htm --> users.skynet.be /povfr/reglages reg-gs-gam.htm
103.02.15 21:23 B E:\référence 3.5\reglages\reg-ini-int.htm --> users.skynet.be /povfr/reglages reg-ini-int.htm
103.02.15 21:23 B E:\référence 3.5\reglages\reg-ini-gen.htm --> users.skynet.be /povfr/reglages reg-ini-gen.htm
103.02.15 21:23 B E:\référence 3.5\reglages\reg-ini-ren.htm --> users.skynet.be /povfr/reglages reg-ini-ren.htm
103.02.15 21:23 B E:\référence 3.5\reglages\reg-ini-aaa.htm --> users.skynet.be /povfr/reglages reg-ini-aaa.htm
103.02.15 21:23 B E:\référence 3.5\reglages\reg-ini-out.htm --> users.skynet.be /povfr/reglages reg-ini-out.htm
103.02.15 21:23 B E:\référence 3.5\reglages\reg-gs-txt.htm --> users.skynet.be /povfr/reglages reg-gs-txt.htm
103.02.15 21:23 B E:\référence 3.5\reglages\reg-gs-tex.htm --> users.skynet.be /povfr/reglages reg-gs-tex.htm
103.02.15 21:23 B E:\référence 3.5\reglages\reg-gs-max.htm --> users.skynet.be /povfr/reglages reg-gs-max.htm
103.02.15 21:23 B E:\référence 3.5\reglages\reg-gs-amb.htm --> users.skynet.be /povfr/reglages reg-gs-amb.htm
103.02.15 21:23 B E:\référence 3.5\reglages\reg-gs-noise3b.jpg --> users.skynet.be /povfr/reglages reg-gs-noise3b.jpg
103.02.15 21:23 B E:\référence 3.5\reglages\reg-gs-noise3a.jpg --> users.skynet.be /povfr/reglages reg-gs-noise3a.jpg
103.02.15 21:23 B E:\référence 3.5\reglages\reg-gs-noise2b.jpg --> users.skynet.be /povfr/reglages reg-gs-noise2b.jpg
103.02.15 21:23 B E:\référence 3.5\reglages\reg-gs-noise2a.jpg --> users.skynet.be /povfr/reglages reg-gs-noise2a.jpg
103.02.15 21:23 B E:\référence 3.5\reglages\reg-gs-noise1c.jpg --> users.skynet.be /povfr/reglages reg-gs-noise1c.jpg
103.02.15 21:23 B E:\référence 3.5\reglages\reg-gs-noise1b.jpg --> users.skynet.be /povfr/reglages reg-gs-noise1b.jpg
103.02.15 21:23 B E:\référence 3.5\reglages\reg-gs-noise1a.jpg --> users.skynet.be /povfr/reglages reg-gs-noise1a.jpg
103.02.15 21:23 B E:\référence 3.5\reglages\reg-gs-hfg.htm --> users.skynet.be /povfr/reglages reg-gs-hfg.htm
103.02.15 21:23 B E:\référence 3.5\reglages\reg-gs-gen.htm --> users.skynet.be /povfr/reglages reg-gs-gen.htm
103.02.15 21:23 B E:\référence 3.5\reglages\reg-gs-ver.htm --> users.skynet.be /povfr/reglages reg-gs-ver.htm
103.02.15 21:23 B E:\référence 3.5\reglages\aa05.png --> users.skynet.be /povfr/reglages aa05.png
103.02.15 21:23 B E:\référence 3.5\reglages\aa04.png --> users.skynet.be /povfr/reglages aa04.png
103.02.15 21:23 B E:\référence 3.5\reglages\aa03.png --> users.skynet.be /povfr/reglages aa03.png
103.02.15 21:23 B E:\référence 3.5\reglages\aa02.png --> users.skynet.be /povfr/reglages aa02.png
103.02.15 21:23 B E:\référence 3.5\reglages\aa01.png --> users.skynet.be /povfr/reglages aa01.png
